running develop
/usr/lib/python3/dist-packages/setuptools/command/easy_install.py:158: EasyInstallDeprecationWarning: easy_install command is deprecated. Use build and pip and other standards-based tools.
  warnings.warn(
/usr/lib/python3/dist-packages/setuptools/command/install.py:34: SetuptoolsDeprecationWarning: setup.py install is deprecated. Use build and pip and other standards-based tools.
  warnings.warn(
running egg_info
writing metrojoe.egg-info/PKG-INFO
writing dependency_links to metrojoe.egg-info/dependency_links.txt
writing entry points to metrojoe.egg-info/entry_points.txt
writing requirements to metrojoe.egg-info/requires.txt
writing top-level names to metrojoe.egg-info/top_level.txt
reading manifest file 'metrojoe.egg-info/SOURCES.txt'
writing manifest file 'metrojoe.egg-info/SOURCES.txt'
running build_ext
Creating /ros2_ws/install/metrojoe/lib/python3.10/site-packages/metrojoe.egg-link (link to .)
Installing ds4_gamepad_node script to /ros2_ws/install/metrojoe/lib/metrojoe
Installing ds4_gamepad_test script to /ros2_ws/install/metrojoe/lib/metrojoe
Installing main script to /ros2_ws/install/metrojoe/lib/metrojoe

Installed /ros2_ws/build/metrojoe
running install_data
