[1.214s] Invoking command in '/ros2_ws/build/metrojoe': PYTHONPATH=/ros2_ws/build/metrojoe/prefix_override:/ros2_ws/install/metrojoe/lib/python3.10/site-packages:${PYTHONPATH} /usr/bin/python3 setup.py develop --editable --build-directory /ros2_ws/build/metrojoe/build --no-deps install_data
[1.662s] running develop
[1.666s] /usr/lib/python3/dist-packages/setuptools/command/easy_install.py:158: EasyInstallDeprecationWarning: easy_install command is deprecated. Use build and pip and other standards-based tools.
[1.666s]   warnings.warn(
[1.668s] /usr/lib/python3/dist-packages/setuptools/command/install.py:34: SetuptoolsDeprecationWarning: setup.py install is deprecated. Use build and pip and other standards-based tools.
[1.668s]   warnings.warn(
[1.850s] running egg_info
[1.851s] writing metrojoe.egg-info/PKG-INFO
[1.851s] writing dependency_links to metrojoe.egg-info/dependency_links.txt
[1.852s] writing entry points to metrojoe.egg-info/entry_points.txt
[1.852s] writing requirements to metrojoe.egg-info/requires.txt
[1.852s] writing top-level names to metrojoe.egg-info/top_level.txt
[1.856s] reading manifest file 'metrojoe.egg-info/SOURCES.txt'
[1.858s] writing manifest file 'metrojoe.egg-info/SOURCES.txt'
[1.861s] running build_ext
[1.861s] Creating /ros2_ws/install/metrojoe/lib/python3.10/site-packages/metrojoe.egg-link (link to .)
[1.863s] Installing ds4_gamepad_node script to /ros2_ws/install/metrojoe/lib/metrojoe
[1.865s] Installing ds4_gamepad_test script to /ros2_ws/install/metrojoe/lib/metrojoe
[1.865s] Installing main script to /ros2_ws/install/metrojoe/lib/metrojoe
[1.865s] 
[1.866s] Installed /ros2_ws/build/metrojoe
[1.866s] running install_data
[1.938s] Invoked command in '/ros2_ws/build/metrojoe' returned '0': PYTHONPATH=/ros2_ws/build/metrojoe/prefix_override:/ros2_ws/install/metrojoe/lib/python3.10/site-packages:${PYTHONPATH} /usr/bin/python3 setup.py develop --editable --build-directory /ros2_ws/build/metrojoe/build --no-deps install_data
