[1.380s] Invoking command in '/ros2_ws/src/metrojoe': PYTHONPATH=/ros2_ws/build/metrojoe/prefix_override:/ros2_ws/install/metrojoe/lib/python3.10/site-packages:${PYTHONPATH} /usr/bin/python3 setup.py egg_info --egg-base ../../build/metrojoe build --build-base /ros2_ws/build/metrojoe/build install --record /ros2_ws/build/metrojoe/install.log --single-version-externally-managed
[1.841s] running egg_info
[1.842s] writing ../../build/metrojoe/metrojoe.egg-info/PKG-INFO
[1.843s] writing dependency_links to ../../build/metrojoe/metrojoe.egg-info/dependency_links.txt
[1.843s] writing entry points to ../../build/metrojoe/metrojoe.egg-info/entry_points.txt
[1.844s] writing requirements to ../../build/metrojoe/metrojoe.egg-info/requires.txt
[1.844s] writing top-level names to ../../build/metrojoe/metrojoe.egg-info/top_level.txt
[1.849s] reading manifest file '../../build/metrojoe/metrojoe.egg-info/SOURCES.txt'
[1.851s] writing manifest file '../../build/metrojoe/metrojoe.egg-info/SOURCES.txt'
[1.851s] running build
[1.852s] running build_py
[1.852s] running install
[1.853s] running install_lib
[1.856s] running install_data
[1.857s] running install_egg_info
[1.861s] removing '/ros2_ws/install/metrojoe/lib/python3.10/site-packages/metrojoe-0.0.0-py3.10.egg-info' (and everything under it)
[1.861s] Copying ../../build/metrojoe/metrojoe.egg-info to /ros2_ws/install/metrojoe/lib/python3.10/site-packages/metrojoe-0.0.0-py3.10.egg-info
[1.863s] running install_scripts
[1.905s] Installing ds4_gamepad_talker script to /ros2_ws/install/metrojoe/lib/metrojoe
[1.905s] Installing ds4_gamepad_test script to /ros2_ws/install/metrojoe/lib/metrojoe
[1.905s] Installing main script to /ros2_ws/install/metrojoe/lib/metrojoe
[1.906s] Installing test script to /ros2_ws/install/metrojoe/lib/metrojoe
[1.907s] writing list of installed files to '/ros2_ws/build/metrojoe/install.log'
[1.982s] Invoked command in '/ros2_ws/src/metrojoe' returned '0': PYTHONPATH=/ros2_ws/build/metrojoe/prefix_override:/ros2_ws/install/metrojoe/lib/python3.10/site-packages:${PYTHONPATH} /usr/bin/python3 setup.py egg_info --egg-base ../../build/metrojoe build --build-base /ros2_ws/build/metrojoe/build install --record /ros2_ws/build/metrojoe/install.log --single-version-externally-managed
