[0.000000] (-) TimerEvent: {}
[0.000663] (metrojoe) JobQueued: {'identifier': 'metrojoe', 'dependencies': OrderedDict()}
[0.001187] (metrojoe) JobStarted: {'identifier': 'metrojoe'}
[0.099678] (-) TimerEvent: {}
[0.202155] (-) TimerEvent: {}
[0.302838] (-) TimerEvent: {}
[0.403502] (-) TimerEvent: {}
[0.504146] (-) TimerEvent: {}
[0.604856] (-) TimerEvent: {}
[0.705864] (-) TimerEvent: {}
[0.807266] (-) TimerEvent: {}
[0.907916] (-) TimerEvent: {}
[1.008557] (-) TimerEvent: {}
[1.109197] (-) TimerEvent: {}
[1.209920] (-) TimerEvent: {}
[1.310589] (-) TimerEvent: {}
[1.377671] (metrojoe) Command: {'cmd': ['/usr/bin/python3', 'setup.py', 'egg_info', '--egg-base', '../../build/metrojoe', 'build', '--build-base', '/ros2_ws/build/metrojoe/build', 'install', '--record', '/ros2_ws/build/metrojoe/install.log', '--single-version-externally-managed'], 'cwd': '/ros2_ws/src/metrojoe', 'env': {'HOSTNAME': '590c6a0d13db', 'GIT_ASKPASS': '/vscode/vscode-server/bin/linux-arm64/863d2581ecda6849923a2118d93a088b0745d9d6/extensions/git/dist/askpass.sh', 'SHLVL': '1', 'LD_LIBRARY_PATH': '/opt/ros/humble/lib/aarch64-linux-gnu:/opt/ros/humble/lib', 'BROWSER': '/vscode/vscode-server/bin/linux-arm64/863d2581ecda6849923a2118d93a088b0745d9d6/bin/helpers/browser.sh', 'HOME': '/home/ros', 'TERM_PROGRAM_VERSION': '1.87.2', 'VSCODE_IPC_HOOK_CLI': '/tmp/vscode-ipc-e684a34f-8140-4d66-b2b2-4c0e31af856a.sock', 'ROS_PYTHON_VERSION': '3', 'VSCODE_GIT_ASKPASS_MAIN': '/vscode/vscode-server/bin/linux-arm64/863d2581ecda6849923a2118d93a088b0745d9d6/extensions/git/dist/askpass-main.js', 'ROS2_MOUNT_DIR_PATH': '/ros2_ws', 'VSCODE_GIT_ASKPASS_NODE': '/vscode/vscode-server/bin/linux-arm64/863d2581ecda6849923a2118d93a088b0745d9d6/node', 'COLORTERM': 'truecolor', 'REMOTE_CONTAINERS': 'true', 'ROS_DISTRO': 'humble', 'REMOTE_CONTAINERS_IPC': '/tmp/vscode-remote-containers-ipc-ac061a12-6dcc-423e-9e0f-aa14eceebe8a.sock', '_': '/usr/bin/colcon', 'ROS_VERSION': '2', 'USERNAME': 'ros', 'TERM': 'xterm-256color', 'ROS_LOCALHOST_ONLY': '0', 'PATH': '/opt/ros/humble/bin:/vscode/vscode-server/bin/linux-arm64/863d2581ecda6849923a2118d93a088b0745d9d6/bin/remote-cli:/usr/local/sbin:/usr/local/bin:/usr/sbin:/usr/bin:/sbin:/bin', 'REMOTE_CONTAINERS_SOCKETS': '["/tmp/vscode-ssh-auth-ac061a12-6dcc-423e-9e0f-aa14eceebe8a.sock","/tmp/.X11-unix/X0","/home/ros/.gnupg/S.gpg-agent"]', 'DISPLAY': ':0', 'LANG': 'C.UTF-8', 'VSCODE_GIT_IPC_HANDLE': '/tmp/vscode-git-7254f0eaf9.sock', 'TERM_PROGRAM': 'vscode', 'SSH_AUTH_SOCK': '/tmp/vscode-ssh-auth-ac061a12-6dcc-423e-9e0f-aa14eceebe8a.sock', 'AMENT_PREFIX_PATH': '/opt/ros/humble', 'REMOTE_CONTAINERS_DISPLAY_SOCK': '/tmp/.X11-unix/X0', 'SHELL': '/bin/sh', 'VSCODE_GIT_ASKPASS_EXTRA_ARGS': '', 'PWD': '/ros2_ws/build/metrojoe', 'LC_ALL': 'C.UTF-8', 'PYTHONPATH': '/ros2_ws/build/metrojoe/prefix_override:/ros2_ws/install/metrojoe/lib/python3.10/site-packages:/opt/ros/humble/lib/python3.10/site-packages:/opt/ros/humble/local/lib/python3.10/dist-packages', 'COLCON': '1'}, 'shell': False}
[1.410787] (-) TimerEvent: {}
[1.511604] (-) TimerEvent: {}
[1.612271] (-) TimerEvent: {}
[1.712935] (-) TimerEvent: {}
[1.814303] (-) TimerEvent: {}
[1.840690] (metrojoe) StdoutLine: {'line': b'running egg_info\n'}
[1.842294] (metrojoe) StdoutLine: {'line': b'writing ../../build/metrojoe/metrojoe.egg-info/PKG-INFO\n'}
[1.843328] (metrojoe) StdoutLine: {'line': b'writing dependency_links to ../../build/metrojoe/metrojoe.egg-info/dependency_links.txt\n'}
[1.843892] (metrojoe) StdoutLine: {'line': b'writing entry points to ../../build/metrojoe/metrojoe.egg-info/entry_points.txt\n'}
[1.845585] (metrojoe) StdoutLine: {'line': b'writing requirements to ../../build/metrojoe/metrojoe.egg-info/requires.txt\n'}
[1.846068] (metrojoe) StdoutLine: {'line': b'writing top-level names to ../../build/metrojoe/metrojoe.egg-info/top_level.txt\n'}
[1.849183] (metrojoe) StdoutLine: {'line': b"reading manifest file '../../build/metrojoe/metrojoe.egg-info/SOURCES.txt'\n"}
[1.851069] (metrojoe) StdoutLine: {'line': b"writing manifest file '../../build/metrojoe/metrojoe.egg-info/SOURCES.txt'\n"}
[1.851526] (metrojoe) StdoutLine: {'line': b'running build\n'}
[1.851766] (metrojoe) StdoutLine: {'line': b'running build_py\n'}
[1.852041] (metrojoe) StdoutLine: {'line': b'copying metrojoe/minimal_subscriber.py -> /ros2_ws/build/metrojoe/build/lib/metrojoe\n'}
[1.852612] (metrojoe) StdoutLine: {'line': b'copying metrojoe/minimal_publisher.py -> /ros2_ws/build/metrojoe/build/lib/metrojoe\n'}
[1.854167] (metrojoe) StdoutLine: {'line': b'running install\n'}
[1.854573] (metrojoe) StdoutLine: {'line': b'running install_lib\n'}
[1.855967] (metrojoe) StdoutLine: {'line': b'copying /ros2_ws/build/metrojoe/build/lib/metrojoe/minimal_subscriber.py -> /ros2_ws/install/metrojoe/lib/python3.10/site-packages/metrojoe\n'}
[1.856432] (metrojoe) StdoutLine: {'line': b'copying /ros2_ws/build/metrojoe/build/lib/metrojoe/minimal_publisher.py -> /ros2_ws/install/metrojoe/lib/python3.10/site-packages/metrojoe\n'}
[1.857920] (metrojoe) StdoutLine: {'line': b'byte-compiling /ros2_ws/install/metrojoe/lib/python3.10/site-packages/metrojoe/minimal_subscriber.py to minimal_subscriber.cpython-310.pyc\n'}
[1.859015] (metrojoe) StdoutLine: {'line': b'byte-compiling /ros2_ws/install/metrojoe/lib/python3.10/site-packages/metrojoe/minimal_publisher.py to minimal_publisher.cpython-310.pyc\n'}
[1.860057] (metrojoe) StdoutLine: {'line': b'running install_data\n'}
[1.861015] (metrojoe) StdoutLine: {'line': b'copying package.xml -> /ros2_ws/install/metrojoe/share/metrojoe\n'}
[1.861971] (metrojoe) StdoutLine: {'line': b'running install_egg_info\n'}
[1.865582] (metrojoe) StdoutLine: {'line': b"removing '/ros2_ws/install/metrojoe/lib/python3.10/site-packages/metrojoe-0.0.0-py3.10.egg-info' (and everything under it)\n"}
[1.866462] (metrojoe) StdoutLine: {'line': b'Copying ../../build/metrojoe/metrojoe.egg-info to /ros2_ws/install/metrojoe/lib/python3.10/site-packages/metrojoe-0.0.0-py3.10.egg-info\n'}
[1.869083] (metrojoe) StdoutLine: {'line': b'running install_scripts\n'}
[1.913419] (metrojoe) StdoutLine: {'line': b'Installing ds4_gamepad_talker script to /ros2_ws/install/metrojoe/lib/metrojoe\n'}
[1.914287] (metrojoe) StdoutLine: {'line': b'Installing ds4_gamepad_test script to /ros2_ws/install/metrojoe/lib/metrojoe\n'}
[1.914666] (-) TimerEvent: {}
[1.915132] (metrojoe) StdoutLine: {'line': b'Installing main script to /ros2_ws/install/metrojoe/lib/metrojoe\n'}
[1.915448] (metrojoe) StdoutLine: {'line': b'Installing minimal_listener script to /ros2_ws/install/metrojoe/lib/metrojoe\n'}
[1.915636] (metrojoe) StdoutLine: {'line': b'Installing minimal_talker script to /ros2_ws/install/metrojoe/lib/metrojoe\n'}
[1.915824] (metrojoe) StdoutLine: {'line': b'Installing test script to /ros2_ws/install/metrojoe/lib/metrojoe\n'}
[1.916115] (metrojoe) StdoutLine: {'line': b"writing list of installed files to '/ros2_ws/build/metrojoe/install.log'\n"}
[1.996152] (metrojoe) CommandEnded: {'returncode': 0}
[2.014861] (-) TimerEvent: {}
[2.113376] (metrojoe) JobEnded: {'identifier': 'metrojoe', 'rc': 0}
[2.115027] (-) TimerEvent: {}
[2.115266] (-) EventReactorShutdown: {}
