[1.304s] Invoking command in '/ros2_ws/src/metrojoe_pkg': PYTHONPATH=/ros2_ws/build/metrojoe_pkg/prefix_override:/ros2_ws/install/metrojoe_pkg/lib/python3.10/site-packages:${PYTHONPATH} /usr/bin/python3 setup.py egg_info --egg-base ../../build/metrojoe_pkg build --build-base /ros2_ws/build/metrojoe_pkg/build install --record /ros2_ws/build/metrojoe_pkg/install.log --single-version-externally-managed
[1.741s] running egg_info
[1.742s] writing ../../build/metrojoe_pkg/metrojoe_pkg.egg-info/PKG-INFO
[1.742s] writing dependency_links to ../../build/metrojoe_pkg/metrojoe_pkg.egg-info/dependency_links.txt
[1.743s] writing entry points to ../../build/metrojoe_pkg/metrojoe_pkg.egg-info/entry_points.txt
[1.743s] writing requirements to ../../build/metrojoe_pkg/metrojoe_pkg.egg-info/requires.txt
[1.743s] writing top-level names to ../../build/metrojoe_pkg/metrojoe_pkg.egg-info/top_level.txt
[1.748s] reading manifest file '../../build/metrojoe_pkg/metrojoe_pkg.egg-info/SOURCES.txt'
[1.750s] writing manifest file '../../build/metrojoe_pkg/metrojoe_pkg.egg-info/SOURCES.txt'
[1.750s] running build
[1.750s] running build_py
[1.750s] running install
[1.751s] running install_lib
[1.761s] running install_data
[1.761s] running install_egg_info
[1.761s] removing '/ros2_ws/install/metrojoe_pkg/lib/python3.10/site-packages/metrojoe_pkg-0.0.0-py3.10.egg-info' (and everything under it)
[1.761s] Copying ../../build/metrojoe_pkg/metrojoe_pkg.egg-info to /ros2_ws/install/metrojoe_pkg/lib/python3.10/site-packages/metrojoe_pkg-0.0.0-py3.10.egg-info
[1.762s] running install_scripts
[1.803s] Installing main_brain script to /ros2_ws/install/metrojoe_pkg/lib/metrojoe_pkg
[1.804s] writing list of installed files to '/ros2_ws/build/metrojoe_pkg/install.log'
[1.879s] Invoked command in '/ros2_ws/src/metrojoe_pkg' returned '0': PYTHONPATH=/ros2_ws/build/metrojoe_pkg/prefix_override:/ros2_ws/install/metrojoe_pkg/lib/python3.10/site-packages:${PYTHONPATH} /usr/bin/python3 setup.py egg_info --egg-base ../../build/metrojoe_pkg build --build-base /ros2_ws/build/metrojoe_pkg/build install --record /ros2_ws/build/metrojoe_pkg/install.log --single-version-externally-managed
