[1.352s] Invoking command in '/ros2_ws/build/metrojoe': PYTHONPATH=/ros2_ws/build/metrojoe/prefix_override:/ros2_ws/install/metrojoe/lib/python3.10/site-packages:${PYTHONPATH} /usr/bin/python3 setup.py develop --uninstall --editable --build-directory /ros2_ws/build/metrojoe/build
[1.823s] running develop
[2.022s] Removing /ros2_ws/install/metrojoe/lib/python3.10/site-packages/metrojoe.egg-link (link to .)
[2.105s] Invoked command in '/ros2_ws/build/metrojoe' returned '0': PYTHONPATH=/ros2_ws/build/metrojoe/prefix_override:/ros2_ws/install/metrojoe/lib/python3.10/site-packages:${PYTHONPATH} /usr/bin/python3 setup.py develop --uninstall --editable --build-directory /ros2_ws/build/metrojoe/build
[2.111s] Invoking command in '/ros2_ws/src/metrojoe': PYTHONPATH=/ros2_ws/build/metrojoe/prefix_override:/ros2_ws/install/metrojoe/lib/python3.10/site-packages:${PYTHONPATH} /usr/bin/python3 setup.py egg_info --egg-base ../../build/metrojoe build --build-base /ros2_ws/build/metrojoe/build install --record /ros2_ws/build/metrojoe/install.log --single-version-externally-managed
[2.573s] running egg_info
[2.574s] writing ../../build/metrojoe/metrojoe.egg-info/PKG-INFO
[2.575s] writing dependency_links to ../../build/metrojoe/metrojoe.egg-info/dependency_links.txt
[2.575s] writing entry points to ../../build/metrojoe/metrojoe.egg-info/entry_points.txt
[2.575s] writing requirements to ../../build/metrojoe/metrojoe.egg-info/requires.txt
[2.576s] writing top-level names to ../../build/metrojoe/metrojoe.egg-info/top_level.txt
[2.580s] reading manifest file '../../build/metrojoe/metrojoe.egg-info/SOURCES.txt'
[2.582s] writing manifest file '../../build/metrojoe/metrojoe.egg-info/SOURCES.txt'
[2.582s] running build
[2.583s] running build_py
[2.583s] creating /ros2_ws/build/metrojoe/build
[2.583s] creating /ros2_ws/build/metrojoe/build/lib
[2.584s] creating /ros2_ws/build/metrojoe/build/lib/metrojoe
[2.584s] copying metrojoe/node_basics.py -> /ros2_ws/build/metrojoe/build/lib/metrojoe
[2.584s] copying metrojoe/minimal_subscriber.py -> /ros2_ws/build/metrojoe/build/lib/metrojoe
[2.584s] copying metrojoe/ds4_gamepad_node.py -> /ros2_ws/build/metrojoe/build/lib/metrojoe
[2.585s] copying metrojoe/__init__.py -> /ros2_ws/build/metrojoe/build/lib/metrojoe
[2.585s] copying metrojoe/main.py -> /ros2_ws/build/metrojoe/build/lib/metrojoe
[2.585s] copying metrojoe/minimal_publisher.py -> /ros2_ws/build/metrojoe/build/lib/metrojoe
[2.585s] copying metrojoe/modbus_motor_controller.py -> /ros2_ws/build/metrojoe/build/lib/metrojoe
[2.585s] copying metrojoe/ds4_gamepad.py -> /ros2_ws/build/metrojoe/build/lib/metrojoe
[2.585s] running install
[2.586s] running install_lib
[2.587s] creating /ros2_ws/install/metrojoe/lib/python3.10/site-packages/metrojoe
[2.587s] copying /ros2_ws/build/metrojoe/build/lib/metrojoe/node_basics.py -> /ros2_ws/install/metrojoe/lib/python3.10/site-packages/metrojoe
[2.588s] copying /ros2_ws/build/metrojoe/build/lib/metrojoe/minimal_subscriber.py -> /ros2_ws/install/metrojoe/lib/python3.10/site-packages/metrojoe
[2.588s] copying /ros2_ws/build/metrojoe/build/lib/metrojoe/ds4_gamepad_node.py -> /ros2_ws/install/metrojoe/lib/python3.10/site-packages/metrojoe
[2.588s] copying /ros2_ws/build/metrojoe/build/lib/metrojoe/__init__.py -> /ros2_ws/install/metrojoe/lib/python3.10/site-packages/metrojoe
[2.588s] copying /ros2_ws/build/metrojoe/build/lib/metrojoe/main.py -> /ros2_ws/install/metrojoe/lib/python3.10/site-packages/metrojoe
[2.589s] copying /ros2_ws/build/metrojoe/build/lib/metrojoe/minimal_publisher.py -> /ros2_ws/install/metrojoe/lib/python3.10/site-packages/metrojoe
[2.589s] copying /ros2_ws/build/metrojoe/build/lib/metrojoe/modbus_motor_controller.py -> /ros2_ws/install/metrojoe/lib/python3.10/site-packages/metrojoe
[2.589s] copying /ros2_ws/build/metrojoe/build/lib/metrojoe/ds4_gamepad.py -> /ros2_ws/install/metrojoe/lib/python3.10/site-packages/metrojoe
[2.590s] byte-compiling /ros2_ws/install/metrojoe/lib/python3.10/site-packages/metrojoe/node_basics.py to node_basics.cpython-310.pyc
[2.591s] byte-compiling /ros2_ws/install/metrojoe/lib/python3.10/site-packages/metrojoe/minimal_subscriber.py to minimal_subscriber.cpython-310.pyc
[2.592s] byte-compiling /ros2_ws/install/metrojoe/lib/python3.10/site-packages/metrojoe/ds4_gamepad_node.py to ds4_gamepad_node.cpython-310.pyc
[2.593s] byte-compiling /ros2_ws/install/metrojoe/lib/python3.10/site-packages/metrojoe/__init__.py to __init__.cpython-310.pyc
[2.593s] byte-compiling /ros2_ws/install/metrojoe/lib/python3.10/site-packages/metrojoe/main.py to main.cpython-310.pyc
[2.593s] byte-compiling /ros2_ws/install/metrojoe/lib/python3.10/site-packages/metrojoe/minimal_publisher.py to minimal_publisher.cpython-310.pyc
[2.594s] byte-compiling /ros2_ws/install/metrojoe/lib/python3.10/site-packages/metrojoe/modbus_motor_controller.py to modbus_motor_controller.cpython-310.pyc
[2.595s] byte-compiling /ros2_ws/install/metrojoe/lib/python3.10/site-packages/metrojoe/ds4_gamepad.py to ds4_gamepad.cpython-310.pyc
[2.598s] running install_data
[2.599s] running install_egg_info
[2.603s] Copying ../../build/metrojoe/metrojoe.egg-info to /ros2_ws/install/metrojoe/lib/python3.10/site-packages/metrojoe-0.0.0-py3.10.egg-info
[2.604s] running install_scripts
[2.648s] Installing main_node script to /ros2_ws/install/metrojoe/lib/metrojoe
[2.650s] writing list of installed files to '/ros2_ws/build/metrojoe/install.log'
[2.727s] Invoked command in '/ros2_ws/src/metrojoe' returned '0': PYTHONPATH=/ros2_ws/build/metrojoe/prefix_override:/ros2_ws/install/metrojoe/lib/python3.10/site-packages:${PYTHONPATH} /usr/bin/python3 setup.py egg_info --egg-base ../../build/metrojoe build --build-base /ros2_ws/build/metrojoe/build install --record /ros2_ws/build/metrojoe/install.log --single-version-externally-managed
