[0.000000] (-) TimerEvent: {}
[0.001136] (metrojoe) JobQueued: {'identifier': 'metrojoe', 'dependencies': OrderedDict()}
[0.001526] (metrojoe) JobStarted: {'identifier': 'metrojoe'}
[0.100055] (-) TimerEvent: {}
[0.201357] (-) TimerEvent: {}
[0.301991] (-) TimerEvent: {}
[0.402639] (-) TimerEvent: {}
[0.503740] (-) TimerEvent: {}
[0.604557] (-) TimerEvent: {}
[0.705425] (-) TimerEvent: {}
[0.806203] (-) TimerEvent: {}
[0.906818] (-) TimerEvent: {}
[1.007495] (-) TimerEvent: {}
[1.108136] (-) TimerEvent: {}
[1.208771] (-) TimerEvent: {}
[1.309439] (-) TimerEvent: {}
[1.352811] (metrojoe) Command: {'cmd': ['/usr/bin/python3', 'setup.py', 'develop', '--editable', '--build-directory', '/ros2_ws/build/metrojoe/build', '--no-deps', 'install_data'], 'cwd': '/ros2_ws/build/metrojoe', 'env': {'HOSTNAME': '5bfa99e992bd', 'GIT_ASKPASS': '/vscode/vscode-server/bin/linux-arm64/863d2581ecda6849923a2118d93a088b0745d9d6/extensions/git/dist/askpass.sh', 'SHLVL': '1', 'LD_LIBRARY_PATH': '/opt/ros/humble/lib/aarch64-linux-gnu:/opt/ros/humble/lib', 'BROWSER': '/vscode/vscode-server/bin/linux-arm64/863d2581ecda6849923a2118d93a088b0745d9d6/bin/helpers/browser.sh', 'HOME': '/home/ros', 'TERM_PROGRAM_VERSION': '1.87.2', 'VSCODE_IPC_HOOK_CLI': '/tmp/vscode-ipc-b405d12f-7e1f-44ea-82dc-69b95ecf53a0.sock', 'ROS_PYTHON_VERSION': '3', 'VSCODE_GIT_ASKPASS_MAIN': '/vscode/vscode-server/bin/linux-arm64/863d2581ecda6849923a2118d93a088b0745d9d6/extensions/git/dist/askpass-main.js', 'ROS2_MOUNT_DIR_PATH': '/ros2_ws', 'VSCODE_GIT_ASKPASS_NODE': '/vscode/vscode-server/bin/linux-arm64/863d2581ecda6849923a2118d93a088b0745d9d6/node', 'COLORTERM': 'truecolor', 'REMOTE_CONTAINERS': 'true', 'ROS_DISTRO': 'humble', 'REMOTE_CONTAINERS_IPC': '/tmp/vscode-remote-containers-ipc-a3869020-142e-401e-8840-da34925fe147.sock', '_': '/usr/bin/colcon', 'ROS_VERSION': '2', 'USERNAME': 'ros', 'TERM': 'xterm-256color', 'ROS_LOCALHOST_ONLY': '0', 'PATH': '/opt/ros/humble/bin:/vscode/vscode-server/bin/linux-arm64/863d2581ecda6849923a2118d93a088b0745d9d6/bin/remote-cli:/usr/local/sbin:/usr/local/bin:/usr/sbin:/usr/bin:/sbin:/bin', 'REMOTE_CONTAINERS_SOCKETS': '["/tmp/vscode-ssh-auth-a3869020-142e-401e-8840-da34925fe147.sock","/tmp/.X11-unix/X0","/home/ros/.gnupg/S.gpg-agent"]', 'DISPLAY': ':0', 'LANG': 'C.UTF-8', 'VSCODE_GIT_IPC_HANDLE': '/tmp/vscode-git-7254f0eaf9.sock', 'TERM_PROGRAM': 'vscode', 'SSH_AUTH_SOCK': '/tmp/vscode-ssh-auth-a3869020-142e-401e-8840-da34925fe147.sock', 'AMENT_PREFIX_PATH': '/opt/ros/humble', 'REMOTE_CONTAINERS_DISPLAY_SOCK': '/tmp/.X11-unix/X0', 'SHELL': '/bin/sh', 'VSCODE_GIT_ASKPASS_EXTRA_ARGS': '', 'PWD': '/ros2_ws/build/metrojoe', 'LC_ALL': 'C.UTF-8', 'PYTHONPATH': '/ros2_ws/build/metrojoe/prefix_override:/ros2_ws/install/metrojoe/lib/python3.10/site-packages:/opt/ros/humble/lib/python3.10/site-packages:/opt/ros/humble/local/lib/python3.10/dist-packages', 'COLCON': '1'}, 'shell': False}
[1.409574] (-) TimerEvent: {}
[1.510182] (-) TimerEvent: {}
[1.610813] (-) TimerEvent: {}
[1.711461] (-) TimerEvent: {}
[1.812112] (-) TimerEvent: {}
[1.836422] (metrojoe) StdoutLine: {'line': b'running develop\n'}
[1.912269] (-) TimerEvent: {}
[2.012886] (-) TimerEvent: {}
[2.036777] (metrojoe) StdoutLine: {'line': b'running egg_info\n'}
[2.037373] (metrojoe) StdoutLine: {'line': b'writing metrojoe.egg-info/PKG-INFO\n'}
[2.037852] (metrojoe) StdoutLine: {'line': b'writing dependency_links to metrojoe.egg-info/dependency_links.txt\n'}
[2.038219] (metrojoe) StdoutLine: {'line': b'writing entry points to metrojoe.egg-info/entry_points.txt\n'}
[2.038473] (metrojoe) StdoutLine: {'line': b'writing requirements to metrojoe.egg-info/requires.txt\n'}
[2.038731] (metrojoe) StdoutLine: {'line': b'writing top-level names to metrojoe.egg-info/top_level.txt\n'}
[2.043938] (metrojoe) StdoutLine: {'line': b"reading manifest file 'metrojoe.egg-info/SOURCES.txt'\n"}
[2.045527] (metrojoe) StdoutLine: {'line': b"writing manifest file 'metrojoe.egg-info/SOURCES.txt'\n"}
[2.048977] (metrojoe) StdoutLine: {'line': b'running build_ext\n'}
[2.049423] (metrojoe) StdoutLine: {'line': b'Creating /ros2_ws/install/metrojoe/lib/python3.10/site-packages/metrojoe.egg-link (link to .)\n'}
[2.051790] (metrojoe) StdoutLine: {'line': b'Installing ds4_gamepad_node script to /ros2_ws/install/metrojoe/lib/metrojoe\n'}
[2.052349] (metrojoe) StdoutLine: {'line': b'Installing ds4_gamepad_test script to /ros2_ws/install/metrojoe/lib/metrojoe\n'}
[2.052671] (metrojoe) StdoutLine: {'line': b'Installing main script to /ros2_ws/install/metrojoe/lib/metrojoe\n'}
[2.053261] (metrojoe) StdoutLine: {'line': b'\n'}
[2.053513] (metrojoe) StdoutLine: {'line': b'Installed /ros2_ws/build/metrojoe\n'}
[2.053676] (metrojoe) StdoutLine: {'line': b'running install_data\n'}
[2.113063] (-) TimerEvent: {}
[2.131369] (metrojoe) CommandEnded: {'returncode': 0}
[2.213230] (-) TimerEvent: {}
[2.273430] (metrojoe) JobEnded: {'identifier': 'metrojoe', 'rc': 0}
[2.275011] (-) EventReactorShutdown: {}
