[0.000000] (-) TimerEvent: {}
[0.000654] (metrojoe_pkg) JobQueued: {'identifier': 'metrojoe_pkg', 'dependencies': OrderedDict()}
[0.001178] (metrojoe_pkg) JobStarted: {'identifier': 'metrojoe_pkg'}
[0.099330] (-) TimerEvent: {}
[0.200340] (-) TimerEvent: {}
[0.300995] (-) TimerEvent: {}
[0.401621] (-) TimerEvent: {}
[0.502242] (-) TimerEvent: {}
[0.603469] (-) TimerEvent: {}
[0.704660] (-) TimerEvent: {}
[0.805514] (-) TimerEvent: {}
[0.906120] (-) TimerEvent: {}
[1.006788] (-) TimerEvent: {}
[1.107403] (-) TimerEvent: {}
[1.208017] (-) TimerEvent: {}
[1.302865] (metrojoe_pkg) Command: {'cmd': ['/usr/bin/python3', 'setup.py', 'egg_info', '--egg-base', '../../build/metrojoe_pkg', 'build', '--build-base', '/ros2_ws/build/metrojoe_pkg/build', 'install', '--record', '/ros2_ws/build/metrojoe_pkg/install.log', '--single-version-externally-managed'], 'cwd': '/ros2_ws/src/metrojoe_pkg', 'env': {'HOSTNAME': 'cd3ac196e775', 'GIT_ASKPASS': '/vscode/vscode-server/bin/linux-arm64/863d2581ecda6849923a2118d93a088b0745d9d6/extensions/git/dist/askpass.sh', 'SHLVL': '1', 'LD_LIBRARY_PATH': '/opt/ros/humble/lib/aarch64-linux-gnu:/opt/ros/humble/lib', 'BROWSER': '/vscode/vscode-server/bin/linux-arm64/863d2581ecda6849923a2118d93a088b0745d9d6/bin/helpers/browser.sh', 'HOME': '/home/ros', 'OLDPWD': '/ros2_ws/src', 'TERM_PROGRAM_VERSION': '1.87.2', 'VSCODE_IPC_HOOK_CLI': '/tmp/vscode-ipc-b3036a99-9e0d-4aaa-b8b5-0c359c5f0c5a.sock', 'ROS_PYTHON_VERSION': '3', 'VSCODE_GIT_ASKPASS_MAIN': '/vscode/vscode-server/bin/linux-arm64/863d2581ecda6849923a2118d93a088b0745d9d6/extensions/git/dist/askpass-main.js', 'ROS2_MOUNT_DIR_PATH': '/ros2_ws', 'VSCODE_GIT_ASKPASS_NODE': '/vscode/vscode-server/bin/linux-arm64/863d2581ecda6849923a2118d93a088b0745d9d6/node', 'COLORTERM': 'truecolor', 'REMOTE_CONTAINERS': 'true', 'ROS_DISTRO': 'humble', 'REMOTE_CONTAINERS_IPC': '/tmp/vscode-remote-containers-ipc-e857bc26-131f-432e-9847-fc65a6e696de.sock', '_': '/usr/bin/colcon', 'ROS_VERSION': '2', 'USERNAME': 'ros', 'TERM': 'xterm-256color', 'ROS_LOCALHOST_ONLY': '0', 'PATH': '/opt/ros/humble/bin:/vscode/vscode-server/bin/linux-arm64/863d2581ecda6849923a2118d93a088b0745d9d6/bin/remote-cli:/usr/local/sbin:/usr/local/bin:/usr/sbin:/usr/bin:/sbin:/bin', 'REMOTE_CONTAINERS_SOCKETS': '["/tmp/vscode-ssh-auth-e857bc26-131f-432e-9847-fc65a6e696de.sock","/tmp/.X11-unix/X0","/home/ros/.gnupg/S.gpg-agent"]', 'DISPLAY': ':0', 'LANG': 'C.UTF-8', 'VSCODE_GIT_IPC_HANDLE': '/tmp/vscode-git-7254f0eaf9.sock', 'TERM_PROGRAM': 'vscode', 'SSH_AUTH_SOCK': '/tmp/vscode-ssh-auth-e857bc26-131f-432e-9847-fc65a6e696de.sock', 'AMENT_PREFIX_PATH': '/opt/ros/humble', 'REMOTE_CONTAINERS_DISPLAY_SOCK': '/tmp/.X11-unix/X0', 'SHELL': '/bin/sh', 'VSCODE_GIT_ASKPASS_EXTRA_ARGS': '', 'PWD': '/ros2_ws/build/metrojoe_pkg', 'LC_ALL': 'C.UTF-8', 'PYTHONPATH': '/ros2_ws/build/metrojoe_pkg/prefix_override:/ros2_ws/install/metrojoe_pkg/lib/python3.10/site-packages:/opt/ros/humble/lib/python3.10/site-packages:/opt/ros/humble/local/lib/python3.10/dist-packages', 'COLCON': '1'}, 'shell': False}
[1.308549] (-) TimerEvent: {}
[1.410780] (-) TimerEvent: {}
[1.511417] (-) TimerEvent: {}
[1.612045] (-) TimerEvent: {}
[1.712643] (-) TimerEvent: {}
[1.741535] (metrojoe_pkg) StdoutLine: {'line': b'running egg_info\n'}
[1.742903] (metrojoe_pkg) StdoutLine: {'line': b'writing ../../build/metrojoe_pkg/metrojoe_pkg.egg-info/PKG-INFO\n'}
[1.743572] (metrojoe_pkg) StdoutLine: {'line': b'writing dependency_links to ../../build/metrojoe_pkg/metrojoe_pkg.egg-info/dependency_links.txt\n'}
[1.743995] (metrojoe_pkg) StdoutLine: {'line': b'writing entry points to ../../build/metrojoe_pkg/metrojoe_pkg.egg-info/entry_points.txt\n'}
[1.744566] (metrojoe_pkg) StdoutLine: {'line': b'writing requirements to ../../build/metrojoe_pkg/metrojoe_pkg.egg-info/requires.txt\n'}
[1.744757] (metrojoe_pkg) StdoutLine: {'line': b'writing top-level names to ../../build/metrojoe_pkg/metrojoe_pkg.egg-info/top_level.txt\n'}
[1.749446] (metrojoe_pkg) StdoutLine: {'line': b"reading manifest file '../../build/metrojoe_pkg/metrojoe_pkg.egg-info/SOURCES.txt'\n"}
[1.750796] (metrojoe_pkg) StdoutLine: {'line': b"writing manifest file '../../build/metrojoe_pkg/metrojoe_pkg.egg-info/SOURCES.txt'\n"}
[1.751271] (metrojoe_pkg) StdoutLine: {'line': b'running build\n'}
[1.751473] (metrojoe_pkg) StdoutLine: {'line': b'running build_py\n'}
[1.751711] (metrojoe_pkg) StdoutLine: {'line': b'running install\n'}
[1.752635] (metrojoe_pkg) StdoutLine: {'line': b'running install_lib\n'}
[1.761719] (metrojoe_pkg) StdoutLine: {'line': b'running install_data\n'}
[1.762157] (metrojoe_pkg) StdoutLine: {'line': b'running install_egg_info\n'}
[1.762348] (metrojoe_pkg) StdoutLine: {'line': b"removing '/ros2_ws/install/metrojoe_pkg/lib/python3.10/site-packages/metrojoe_pkg-0.0.0-py3.10.egg-info' (and everything under it)\n"}
[1.762523] (metrojoe_pkg) StdoutLine: {'line': b'Copying ../../build/metrojoe_pkg/metrojoe_pkg.egg-info to /ros2_ws/install/metrojoe_pkg/lib/python3.10/site-packages/metrojoe_pkg-0.0.0-py3.10.egg-info\n'}
[1.763428] (metrojoe_pkg) StdoutLine: {'line': b'running install_scripts\n'}
[1.804005] (metrojoe_pkg) StdoutLine: {'line': b'Installing main_brain script to /ros2_ws/install/metrojoe_pkg/lib/metrojoe_pkg\n'}
[1.804926] (metrojoe_pkg) StdoutLine: {'line': b"writing list of installed files to '/ros2_ws/build/metrojoe_pkg/install.log'\n"}
[1.812753] (-) TimerEvent: {}
[1.879397] (metrojoe_pkg) CommandEnded: {'returncode': 0}
[1.913060] (-) TimerEvent: {}
[2.009450] (metrojoe_pkg) JobEnded: {'identifier': 'metrojoe_pkg', 'rc': 0}
[2.011784] (-) EventReactorShutdown: {}
