[0.000000] (-) TimerEvent: {}
[0.001238] (metrojoe_pkg) JobQueued: {'identifier': 'metrojoe_pkg', 'dependencies': OrderedDict()}
[0.001650] (metrojoe_pkg) JobStarted: {'identifier': 'metrojoe_pkg'}
[0.099408] (-) TimerEvent: {}
[0.200311] (-) TimerEvent: {}
[0.300935] (-) TimerEvent: {}
[0.401574] (-) TimerEvent: {}
[0.502202] (-) TimerEvent: {}
[0.602862] (-) TimerEvent: {}
[0.703487] (-) TimerEvent: {}
[0.804009] (-) TimerEvent: {}
[0.904644] (-) TimerEvent: {}
[1.005273] (-) TimerEvent: {}
[1.105891] (-) TimerEvent: {}
[1.206522] (-) TimerEvent: {}
[1.307167] (-) TimerEvent: {}
[1.348692] (metrojoe_pkg) Command: {'cmd': ['/usr/bin/python3', 'setup.py', 'egg_info', '--egg-base', '../../build/metrojoe_pkg', 'build', '--build-base', '/ros2_ws/build/metrojoe_pkg/build', 'install', '--record', '/ros2_ws/build/metrojoe_pkg/install.log', '--single-version-externally-managed'], 'cwd': '/ros2_ws/src/metrojoe', 'env': {'HOSTNAME': 'cd3ac196e775', 'GIT_ASKPASS': '/vscode/vscode-server/bin/linux-arm64/863d2581ecda6849923a2118d93a088b0745d9d6/extensions/git/dist/askpass.sh', 'SHLVL': '1', 'LD_LIBRARY_PATH': '/opt/ros/humble/lib/aarch64-linux-gnu:/opt/ros/humble/lib', 'BROWSER': '/vscode/vscode-server/bin/linux-arm64/863d2581ecda6849923a2118d93a088b0745d9d6/bin/helpers/browser.sh', 'HOME': '/home/ros', 'OLDPWD': '/ros2_ws/src', 'TERM_PROGRAM_VERSION': '1.87.2', 'VSCODE_IPC_HOOK_CLI': '/tmp/vscode-ipc-b3036a99-9e0d-4aaa-b8b5-0c359c5f0c5a.sock', 'ROS_PYTHON_VERSION': '3', 'VSCODE_GIT_ASKPASS_MAIN': '/vscode/vscode-server/bin/linux-arm64/863d2581ecda6849923a2118d93a088b0745d9d6/extensions/git/dist/askpass-main.js', 'ROS2_MOUNT_DIR_PATH': '/ros2_ws', 'VSCODE_GIT_ASKPASS_NODE': '/vscode/vscode-server/bin/linux-arm64/863d2581ecda6849923a2118d93a088b0745d9d6/node', 'COLORTERM': 'truecolor', 'REMOTE_CONTAINERS': 'true', 'COLCON_PREFIX_PATH': '/ros2_ws/install', 'ROS_DISTRO': 'humble', 'REMOTE_CONTAINERS_IPC': '/tmp/vscode-remote-containers-ipc-e857bc26-131f-432e-9847-fc65a6e696de.sock', '_': '/usr/bin/colcon', 'ROS_VERSION': '2', 'USERNAME': 'ros', 'TERM': 'xterm-256color', 'ROS_LOCALHOST_ONLY': '0', 'PATH': '/opt/ros/humble/bin:/vscode/vscode-server/bin/linux-arm64/863d2581ecda6849923a2118d93a088b0745d9d6/bin/remote-cli:/usr/local/sbin:/usr/local/bin:/usr/sbin:/usr/bin:/sbin:/bin', 'REMOTE_CONTAINERS_SOCKETS': '["/tmp/vscode-ssh-auth-e857bc26-131f-432e-9847-fc65a6e696de.sock","/tmp/.X11-unix/X0","/home/ros/.gnupg/S.gpg-agent"]', 'DISPLAY': ':0', 'LANG': 'C.UTF-8', 'VSCODE_GIT_IPC_HANDLE': '/tmp/vscode-git-7254f0eaf9.sock', 'TERM_PROGRAM': 'vscode', 'SSH_AUTH_SOCK': '/tmp/vscode-ssh-auth-e857bc26-131f-432e-9847-fc65a6e696de.sock', 'AMENT_PREFIX_PATH': '/ros2_ws/install/metrojoe_pkg:/opt/ros/humble', 'REMOTE_CONTAINERS_DISPLAY_SOCK': '/tmp/.X11-unix/X0', 'SHELL': '/bin/sh', 'VSCODE_GIT_ASKPASS_EXTRA_ARGS': '', 'PWD': '/ros2_ws/build/metrojoe_pkg', 'LC_ALL': 'C.UTF-8', 'PYTHONPATH': '/ros2_ws/build/metrojoe_pkg/prefix_override:/ros2_ws/install/metrojoe_pkg/lib/python3.10/site-packages:/ros2_ws/install/metrojoe_pkg/lib/python3.10/site-packages:/opt/ros/humble/lib/python3.10/site-packages:/opt/ros/humble/local/lib/python3.10/dist-packages', 'COLCON': '1'}, 'shell': False}
[1.407450] (-) TimerEvent: {}
[1.508466] (-) TimerEvent: {}
[1.609300] (-) TimerEvent: {}
[1.710091] (-) TimerEvent: {}
[1.793065] (metrojoe_pkg) StdoutLine: {'line': b'running egg_info\n'}
[1.793911] (metrojoe_pkg) StdoutLine: {'line': b'creating ../../build/metrojoe_pkg/metrojoe.egg-info\n'}
[1.794339] (metrojoe_pkg) StdoutLine: {'line': b'writing ../../build/metrojoe_pkg/metrojoe.egg-info/PKG-INFO\n'}
[1.794875] (metrojoe_pkg) StdoutLine: {'line': b'writing dependency_links to ../../build/metrojoe_pkg/metrojoe.egg-info/dependency_links.txt\n'}
[1.795400] (metrojoe_pkg) StdoutLine: {'line': b'writing entry points to ../../build/metrojoe_pkg/metrojoe.egg-info/entry_points.txt\n'}
[1.795815] (metrojoe_pkg) StdoutLine: {'line': b'writing requirements to ../../build/metrojoe_pkg/metrojoe.egg-info/requires.txt\n'}
[1.796183] (metrojoe_pkg) StdoutLine: {'line': b'writing top-level names to ../../build/metrojoe_pkg/metrojoe.egg-info/top_level.txt\n'}
[1.796520] (metrojoe_pkg) StdoutLine: {'line': b"writing manifest file '../../build/metrojoe_pkg/metrojoe.egg-info/SOURCES.txt'\n"}
[1.799079] (metrojoe_pkg) StdoutLine: {'line': b"reading manifest file '../../build/metrojoe_pkg/metrojoe.egg-info/SOURCES.txt'\n"}
[1.800422] (metrojoe_pkg) StdoutLine: {'line': b"writing manifest file '../../build/metrojoe_pkg/metrojoe.egg-info/SOURCES.txt'\n"}
[1.800831] (metrojoe_pkg) StdoutLine: {'line': b'running build\n'}
[1.801221] (metrojoe_pkg) StdoutLine: {'line': b'running build_py\n'}
[1.801575] (metrojoe_pkg) StdoutLine: {'line': b'creating /ros2_ws/build/metrojoe_pkg/build/lib/metrojoe\n'}
[1.801910] (metrojoe_pkg) StdoutLine: {'line': b'copying metrojoe/__init__.py -> /ros2_ws/build/metrojoe_pkg/build/lib/metrojoe\n'}
[1.802282] (metrojoe_pkg) StdoutLine: {'line': b'copying metrojoe/main.py -> /ros2_ws/build/metrojoe_pkg/build/lib/metrojoe\n'}
[1.802597] (metrojoe_pkg) StdoutLine: {'line': b'copying metrojoe/modbus_motor_controller.py -> /ros2_ws/build/metrojoe_pkg/build/lib/metrojoe\n'}
[1.802887] (metrojoe_pkg) StdoutLine: {'line': b'copying metrojoe/ds4_gamepad.py -> /ros2_ws/build/metrojoe_pkg/build/lib/metrojoe\n'}
[1.803195] (metrojoe_pkg) StdoutLine: {'line': b'running install\n'}
[1.803485] (metrojoe_pkg) StdoutLine: {'line': b'running install_lib\n'}
[1.805108] (metrojoe_pkg) StdoutLine: {'line': b'creating /ros2_ws/install/metrojoe_pkg/lib/python3.10/site-packages/metrojoe\n'}
[1.805574] (metrojoe_pkg) StdoutLine: {'line': b'copying /ros2_ws/build/metrojoe_pkg/build/lib/metrojoe/__init__.py -> /ros2_ws/install/metrojoe_pkg/lib/python3.10/site-packages/metrojoe\n'}
[1.805975] (metrojoe_pkg) StdoutLine: {'line': b'copying /ros2_ws/build/metrojoe_pkg/build/lib/metrojoe/main.py -> /ros2_ws/install/metrojoe_pkg/lib/python3.10/site-packages/metrojoe\n'}
[1.806311] (metrojoe_pkg) StdoutLine: {'line': b'copying /ros2_ws/build/metrojoe_pkg/build/lib/metrojoe/modbus_motor_controller.py -> /ros2_ws/install/metrojoe_pkg/lib/python3.10/site-packages/metrojoe\n'}
[1.806606] (metrojoe_pkg) StdoutLine: {'line': b'copying /ros2_ws/build/metrojoe_pkg/build/lib/metrojoe/ds4_gamepad.py -> /ros2_ws/install/metrojoe_pkg/lib/python3.10/site-packages/metrojoe\n'}
[1.807338] (metrojoe_pkg) StdoutLine: {'line': b'byte-compiling /ros2_ws/install/metrojoe_pkg/lib/python3.10/site-packages/metrojoe/__init__.py to __init__.cpython-310.pyc\n'}
[1.807864] (metrojoe_pkg) StdoutLine: {'line': b'byte-compiling /ros2_ws/install/metrojoe_pkg/lib/python3.10/site-packages/metrojoe/main.py to main.cpython-310.pyc\n'}
[1.808367] (metrojoe_pkg) StdoutLine: {'line': b'byte-compiling /ros2_ws/install/metrojoe_pkg/lib/python3.10/site-packages/metrojoe/modbus_motor_controller.py to modbus_motor_controller.cpython-310.pyc\n'}
[1.809262] (metrojoe_pkg) StdoutLine: {'line': b'byte-compiling /ros2_ws/install/metrojoe_pkg/lib/python3.10/site-packages/metrojoe/ds4_gamepad.py to ds4_gamepad.cpython-310.pyc\n'}
[1.810157] (-) TimerEvent: {}
[1.812038] (metrojoe_pkg) StdoutLine: {'line': b'running install_data\n'}
[1.813053] (metrojoe_pkg) StderrLine: {'line': b"error: can't copy 'resource/metrojoe': doesn't exist or not a regular file\n"}
[1.868496] (metrojoe_pkg) CommandEnded: {'returncode': 1}
[1.869892] (metrojoe_pkg) JobEnded: {'identifier': 'metrojoe_pkg', 'rc': 1}
[1.880411] (-) EventReactorShutdown: {}
