[1.359s] Invoking command in '/ros2_ws/build/metrojoe': PYTHONPATH=/ros2_ws/build/metrojoe/prefix_override:/ros2_ws/install/metrojoe/lib/python3.10/site-packages:${PYTHONPATH} /usr/bin/python3 setup.py develop --editable --build-directory /ros2_ws/build/metrojoe/build --no-deps install_data
[1.828s] running develop
[2.023s] running egg_info
[2.024s] writing metrojoe.egg-info/PKG-INFO
[2.024s] writing dependency_links to metrojoe.egg-info/dependency_links.txt
[2.024s] writing entry points to metrojoe.egg-info/entry_points.txt
[2.025s] writing requirements to metrojoe.egg-info/requires.txt
[2.025s] writing top-level names to metrojoe.egg-info/top_level.txt
[2.030s] reading manifest file 'metrojoe.egg-info/SOURCES.txt'
[2.032s] writing manifest file 'metrojoe.egg-info/SOURCES.txt'
[2.035s] running build_ext
[2.036s] Creating /ros2_ws/install/metrojoe/lib/python3.10/site-packages/metrojoe.egg-link (link to .)
[2.038s] Installing gamepad_publisher script to /ros2_ws/install/metrojoe/lib/metrojoe
[2.038s] Installing main_node script to /ros2_ws/install/metrojoe/lib/metrojoe
[2.038s] Installing min_listener script to /ros2_ws/install/metrojoe/lib/metrojoe
[2.039s] Installing min_talker script to /ros2_ws/install/metrojoe/lib/metrojoe
[2.039s] Installing test_node script to /ros2_ws/install/metrojoe/lib/metrojoe
[2.039s] 
[2.040s] Installed /ros2_ws/build/metrojoe
[2.040s] running install_data
[2.127s] Invoked command in '/ros2_ws/build/metrojoe' returned '0': PYTHONPATH=/ros2_ws/build/metrojoe/prefix_override:/ros2_ws/install/metrojoe/lib/python3.10/site-packages:${PYTHONPATH} /usr/bin/python3 setup.py develop --editable --build-directory /ros2_ws/build/metrojoe/build --no-deps install_data
