running egg_info
creating ../../build/metrojoe_pkg/metrojoe_pkg.egg-info
writing ../../build/metrojoe_pkg/metrojoe_pkg.egg-info/PKG-INFO
writing dependency_links to ../../build/metrojoe_pkg/metrojoe_pkg.egg-info/dependency_links.txt
writing entry points to ../../build/metrojoe_pkg/metrojoe_pkg.egg-info/entry_points.txt
writing requirements to ../../build/metrojoe_pkg/metrojoe_pkg.egg-info/requires.txt
writing top-level names to ../../build/metrojoe_pkg/metrojoe_pkg.egg-info/top_level.txt
writing manifest file '../../build/metrojoe_pkg/metrojoe_pkg.egg-info/SOURCES.txt'
reading manifest file '../../build/metrojoe_pkg/metrojoe_pkg.egg-info/SOURCES.txt'
writing manifest file '../../build/metrojoe_pkg/metrojoe_pkg.egg-info/SOURCES.txt'
running build
running build_py
creating /ros2_ws/build/metrojoe_pkg/build
creating /ros2_ws/build/metrojoe_pkg/build/lib
creating /ros2_ws/build/metrojoe_pkg/build/lib/metrojoe_pkg
copying metrojoe_pkg/__init__.py -> /ros2_ws/build/metrojoe_pkg/build/lib/metrojoe_pkg
copying metrojoe_pkg/modbus_motor_controller.py -> /ros2_ws/build/metrojoe_pkg/build/lib/metrojoe_pkg
copying metrojoe_pkg/ds4_gamepad.py -> /ros2_ws/build/metrojoe_pkg/build/lib/metrojoe_pkg
running install
/usr/lib/python3/dist-packages/setuptools/command/install.py:34: SetuptoolsDeprecationWarning: setup.py install is deprecated. Use build and pip and other standards-based tools.
  warnings.warn(
running install_lib
creating /ros2_ws/install/metrojoe_pkg/lib/python3.10/site-packages/metrojoe_pkg
copying /ros2_ws/build/metrojoe_pkg/build/lib/metrojoe_pkg/__init__.py -> /ros2_ws/install/metrojoe_pkg/lib/python3.10/site-packages/metrojoe_pkg
copying /ros2_ws/build/metrojoe_pkg/build/lib/metrojoe_pkg/modbus_motor_controller.py -> /ros2_ws/install/metrojoe_pkg/lib/python3.10/site-packages/metrojoe_pkg
copying /ros2_ws/build/metrojoe_pkg/build/lib/metrojoe_pkg/ds4_gamepad.py -> /ros2_ws/install/metrojoe_pkg/lib/python3.10/site-packages/metrojoe_pkg
byte-compiling /ros2_ws/install/metrojoe_pkg/lib/python3.10/site-packages/metrojoe_pkg/__init__.py to __init__.cpython-310.pyc
byte-compiling /ros2_ws/install/metrojoe_pkg/lib/python3.10/site-packages/metrojoe_pkg/modbus_motor_controller.py to modbus_motor_controller.cpython-310.pyc
byte-compiling /ros2_ws/install/metrojoe_pkg/lib/python3.10/site-packages/metrojoe_pkg/ds4_gamepad.py to ds4_gamepad.cpython-310.pyc
running install_data
creating /ros2_ws/install/metrojoe_pkg/share/ament_index
creating /ros2_ws/install/metrojoe_pkg/share/ament_index/resource_index
creating /ros2_ws/install/metrojoe_pkg/share/ament_index/resource_index/packages
copying resource/metrojoe_pkg -> /ros2_ws/install/metrojoe_pkg/share/ament_index/resource_index/packages
copying package.xml -> /ros2_ws/install/metrojoe_pkg/share/metrojoe_pkg
running install_egg_info
Copying ../../build/metrojoe_pkg/metrojoe_pkg.egg-info to /ros2_ws/install/metrojoe_pkg/lib/python3.10/site-packages/metrojoe_pkg-0.0.0-py3.10.egg-info
running install_scripts
Installing main_brain script to /ros2_ws/install/metrojoe_pkg/lib/metrojoe_pkg
writing list of installed files to '/ros2_ws/build/metrojoe_pkg/install.log'
