[1.333s] Invoking command in '/ros2_ws/src/metrojoe_pkg': PYTHONPATH=/ros2_ws/build/metrojoe_pkg/prefix_override:/ros2_ws/install/metrojoe_pkg/lib/python3.10/site-packages:${PYTHONPATH} /usr/bin/python3 setup.py egg_info --egg-base ../../build/metrojoe_pkg build --build-base /ros2_ws/build/metrojoe_pkg/build install --record /ros2_ws/build/metrojoe_pkg/install.log --single-version-externally-managed
[1.718s] running egg_info
[1.719s] creating ../../build/metrojoe_pkg/metrojoe_pkg.egg-info
[1.720s] writing ../../build/metrojoe_pkg/metrojoe_pkg.egg-info/PKG-INFO
[1.721s] writing dependency_links to ../../build/metrojoe_pkg/metrojoe_pkg.egg-info/dependency_links.txt
[1.721s] writing entry points to ../../build/metrojoe_pkg/metrojoe_pkg.egg-info/entry_points.txt
[1.721s] writing requirements to ../../build/metrojoe_pkg/metrojoe_pkg.egg-info/requires.txt
[1.722s] writing top-level names to ../../build/metrojoe_pkg/metrojoe_pkg.egg-info/top_level.txt
[1.722s] writing manifest file '../../build/metrojoe_pkg/metrojoe_pkg.egg-info/SOURCES.txt'
[1.724s] reading manifest file '../../build/metrojoe_pkg/metrojoe_pkg.egg-info/SOURCES.txt'
[1.727s] writing manifest file '../../build/metrojoe_pkg/metrojoe_pkg.egg-info/SOURCES.txt'
[1.728s] running build
[1.729s] running build_py
[1.729s] creating /ros2_ws/build/metrojoe_pkg/build
[1.729s] creating /ros2_ws/build/metrojoe_pkg/build/lib
[1.729s] creating /ros2_ws/build/metrojoe_pkg/build/lib/metrojoe_pkg
[1.730s] copying metrojoe_pkg/__init__.py -> /ros2_ws/build/metrojoe_pkg/build/lib/metrojoe_pkg
[1.730s] copying metrojoe_pkg/modbus_motor_controller.py -> /ros2_ws/build/metrojoe_pkg/build/lib/metrojoe_pkg
[1.730s] copying metrojoe_pkg/ds4_gamepad.py -> /ros2_ws/build/metrojoe_pkg/build/lib/metrojoe_pkg
[1.730s] running install
[1.730s] /usr/lib/python3/dist-packages/setuptools/command/install.py:34: SetuptoolsDeprecationWarning: setup.py install is deprecated. Use build and pip and other standards-based tools.
[1.731s]   warnings.warn(
[1.735s] running install_lib
[1.735s] creating /ros2_ws/install/metrojoe_pkg/lib/python3.10/site-packages/metrojoe_pkg
[1.736s] copying /ros2_ws/build/metrojoe_pkg/build/lib/metrojoe_pkg/__init__.py -> /ros2_ws/install/metrojoe_pkg/lib/python3.10/site-packages/metrojoe_pkg
[1.736s] copying /ros2_ws/build/metrojoe_pkg/build/lib/metrojoe_pkg/modbus_motor_controller.py -> /ros2_ws/install/metrojoe_pkg/lib/python3.10/site-packages/metrojoe_pkg
[1.737s] copying /ros2_ws/build/metrojoe_pkg/build/lib/metrojoe_pkg/ds4_gamepad.py -> /ros2_ws/install/metrojoe_pkg/lib/python3.10/site-packages/metrojoe_pkg
[1.737s] byte-compiling /ros2_ws/install/metrojoe_pkg/lib/python3.10/site-packages/metrojoe_pkg/__init__.py to __init__.cpython-310.pyc
[1.737s] byte-compiling /ros2_ws/install/metrojoe_pkg/lib/python3.10/site-packages/metrojoe_pkg/modbus_motor_controller.py to modbus_motor_controller.cpython-310.pyc
[1.738s] byte-compiling /ros2_ws/install/metrojoe_pkg/lib/python3.10/site-packages/metrojoe_pkg/ds4_gamepad.py to ds4_gamepad.cpython-310.pyc
[1.740s] running install_data
[1.741s] creating /ros2_ws/install/metrojoe_pkg/share/ament_index
[1.741s] creating /ros2_ws/install/metrojoe_pkg/share/ament_index/resource_index
[1.741s] creating /ros2_ws/install/metrojoe_pkg/share/ament_index/resource_index/packages
[1.742s] copying resource/metrojoe_pkg -> /ros2_ws/install/metrojoe_pkg/share/ament_index/resource_index/packages
[1.742s] copying package.xml -> /ros2_ws/install/metrojoe_pkg/share/metrojoe_pkg
[1.742s] running install_egg_info
[1.745s] Copying ../../build/metrojoe_pkg/metrojoe_pkg.egg-info to /ros2_ws/install/metrojoe_pkg/lib/python3.10/site-packages/metrojoe_pkg-0.0.0-py3.10.egg-info
[1.747s] running install_scripts
[1.790s] Installing main_brain script to /ros2_ws/install/metrojoe_pkg/lib/metrojoe_pkg
[1.791s] writing list of installed files to '/ros2_ws/build/metrojoe_pkg/install.log'
[1.875s] Invoked command in '/ros2_ws/src/metrojoe_pkg' returned '0': PYTHONPATH=/ros2_ws/build/metrojoe_pkg/prefix_override:/ros2_ws/install/metrojoe_pkg/lib/python3.10/site-packages:${PYTHONPATH} /usr/bin/python3 setup.py egg_info --egg-base ../../build/metrojoe_pkg build --build-base /ros2_ws/build/metrojoe_pkg/build install --record /ros2_ws/build/metrojoe_pkg/install.log --single-version-externally-managed
