[0.000000] (-) TimerEvent: {}
[0.001103] (metrojoe_pkg) JobQueued: {'identifier': 'metrojoe_pkg', 'dependencies': OrderedDict()}
[0.001493] (metrojoe_pkg) JobStarted: {'identifier': 'metrojoe_pkg'}
[0.099238] (-) TimerEvent: {}
[0.201310] (-) TimerEvent: {}
[0.302138] (-) TimerEvent: {}
[0.402846] (-) TimerEvent: {}
[0.503506] (-) TimerEvent: {}
[0.604179] (-) TimerEvent: {}
[0.704816] (-) TimerEvent: {}
[0.805511] (-) TimerEvent: {}
[0.906132] (-) TimerEvent: {}
[1.006787] (-) TimerEvent: {}
[1.107401] (-) TimerEvent: {}
[1.208005] (-) TimerEvent: {}
[1.308658] (-) TimerEvent: {}
[1.354088] (metrojoe_pkg) Command: {'cmd': ['/usr/bin/python3', 'setup.py', 'egg_info', '--egg-base', '../../build/metrojoe_pkg', 'build', '--build-base', '/ros2_ws/build/metrojoe_pkg/build', 'install', '--record', '/ros2_ws/build/metrojoe_pkg/install.log', '--single-version-externally-managed'], 'cwd': '/ros2_ws/src/metrojoe_pkg', 'env': {'HOSTNAME': 'cd3ac196e775', 'GIT_ASKPASS': '/vscode/vscode-server/bin/linux-arm64/863d2581ecda6849923a2118d93a088b0745d9d6/extensions/git/dist/askpass.sh', 'SHLVL': '1', 'LD_LIBRARY_PATH': '/opt/ros/humble/lib/aarch64-linux-gnu:/opt/ros/humble/lib', 'BROWSER': '/vscode/vscode-server/bin/linux-arm64/863d2581ecda6849923a2118d93a088b0745d9d6/bin/helpers/browser.sh', 'HOME': '/home/ros', 'OLDPWD': '/ros2_ws/src', 'TERM_PROGRAM_VERSION': '1.87.2', 'VSCODE_IPC_HOOK_CLI': '/tmp/vscode-ipc-b3036a99-9e0d-4aaa-b8b5-0c359c5f0c5a.sock', 'ROS_PYTHON_VERSION': '3', 'VSCODE_GIT_ASKPASS_MAIN': '/vscode/vscode-server/bin/linux-arm64/863d2581ecda6849923a2118d93a088b0745d9d6/extensions/git/dist/askpass-main.js', 'ROS2_MOUNT_DIR_PATH': '/ros2_ws', 'VSCODE_GIT_ASKPASS_NODE': '/vscode/vscode-server/bin/linux-arm64/863d2581ecda6849923a2118d93a088b0745d9d6/node', 'COLORTERM': 'truecolor', 'REMOTE_CONTAINERS': 'true', 'COLCON_PREFIX_PATH': '/ros2_ws/install', 'ROS_DISTRO': 'humble', 'REMOTE_CONTAINERS_IPC': '/tmp/vscode-remote-containers-ipc-e857bc26-131f-432e-9847-fc65a6e696de.sock', '_': '/usr/bin/colcon', 'ROS_VERSION': '2', 'USERNAME': 'ros', 'TERM': 'xterm-256color', 'ROS_LOCALHOST_ONLY': '0', 'PATH': '/opt/ros/humble/bin:/vscode/vscode-server/bin/linux-arm64/863d2581ecda6849923a2118d93a088b0745d9d6/bin/remote-cli:/usr/local/sbin:/usr/local/bin:/usr/sbin:/usr/bin:/sbin:/bin', 'REMOTE_CONTAINERS_SOCKETS': '["/tmp/vscode-ssh-auth-e857bc26-131f-432e-9847-fc65a6e696de.sock","/tmp/.X11-unix/X0","/home/ros/.gnupg/S.gpg-agent"]', 'DISPLAY': ':0', 'LANG': 'C.UTF-8', 'VSCODE_GIT_IPC_HANDLE': '/tmp/vscode-git-7254f0eaf9.sock', 'TERM_PROGRAM': 'vscode', 'SSH_AUTH_SOCK': '/tmp/vscode-ssh-auth-e857bc26-131f-432e-9847-fc65a6e696de.sock', 'AMENT_PREFIX_PATH': '/ros2_ws/install/metrojoe_pkg:/opt/ros/humble', 'REMOTE_CONTAINERS_DISPLAY_SOCK': '/tmp/.X11-unix/X0', 'SHELL': '/bin/sh', 'VSCODE_GIT_ASKPASS_EXTRA_ARGS': '', 'PWD': '/ros2_ws/build/metrojoe_pkg', 'LC_ALL': 'C.UTF-8', 'PYTHONPATH': '/ros2_ws/build/metrojoe_pkg/prefix_override:/ros2_ws/install/metrojoe_pkg/lib/python3.10/site-packages:/ros2_ws/install/metrojoe_pkg/lib/python3.10/site-packages:/opt/ros/humble/lib/python3.10/site-packages:/opt/ros/humble/local/lib/python3.10/dist-packages', 'COLCON': '1'}, 'shell': False}
[1.408786] (-) TimerEvent: {}
[1.509525] (-) TimerEvent: {}
[1.610361] (-) TimerEvent: {}
[1.711169] (-) TimerEvent: {}
[1.782157] (metrojoe_pkg) StdoutLine: {'line': b'running egg_info\n'}
[1.783275] (metrojoe_pkg) StdoutLine: {'line': b'writing ../../build/metrojoe_pkg/metrojoe_pkg.egg-info/PKG-INFO\n'}
[1.783914] (metrojoe_pkg) StdoutLine: {'line': b'writing dependency_links to ../../build/metrojoe_pkg/metrojoe_pkg.egg-info/dependency_links.txt\n'}
[1.784331] (metrojoe_pkg) StdoutLine: {'line': b'writing entry points to ../../build/metrojoe_pkg/metrojoe_pkg.egg-info/entry_points.txt\n'}
[1.784712] (metrojoe_pkg) StdoutLine: {'line': b'writing requirements to ../../build/metrojoe_pkg/metrojoe_pkg.egg-info/requires.txt\n'}
[1.785052] (metrojoe_pkg) StdoutLine: {'line': b'writing top-level names to ../../build/metrojoe_pkg/metrojoe_pkg.egg-info/top_level.txt\n'}
[1.788524] (metrojoe_pkg) StdoutLine: {'line': b"reading manifest file '../../build/metrojoe_pkg/metrojoe_pkg.egg-info/SOURCES.txt'\n"}
[1.790049] (metrojoe_pkg) StdoutLine: {'line': b"writing manifest file '../../build/metrojoe_pkg/metrojoe_pkg.egg-info/SOURCES.txt'\n"}
[1.790731] (metrojoe_pkg) StdoutLine: {'line': b'running build\n'}
[1.791146] (metrojoe_pkg) StdoutLine: {'line': b'running build_py\n'}
[1.791443] (metrojoe_pkg) StdoutLine: {'line': b'copying metrojoe_pkg/ds4_gamepad.py -> /ros2_ws/build/metrojoe_pkg/build/lib/metrojoe_pkg\n'}
[1.791770] (metrojoe_pkg) StdoutLine: {'line': b'running install\n'}
[1.792443] (metrojoe_pkg) StdoutLine: {'line': b'running install_lib\n'}
[1.793954] (metrojoe_pkg) StdoutLine: {'line': b'copying /ros2_ws/build/metrojoe_pkg/build/lib/metrojoe_pkg/ds4_gamepad.py -> /ros2_ws/install/metrojoe_pkg/lib/python3.10/site-packages/metrojoe_pkg\n'}
[1.795303] (metrojoe_pkg) StdoutLine: {'line': b'byte-compiling /ros2_ws/install/metrojoe_pkg/lib/python3.10/site-packages/metrojoe_pkg/ds4_gamepad.py to ds4_gamepad.cpython-310.pyc\n'}
[1.798395] (metrojoe_pkg) StdoutLine: {'line': b'running install_data\n'}
[1.799308] (metrojoe_pkg) StdoutLine: {'line': b'running install_egg_info\n'}
[1.802550] (metrojoe_pkg) StdoutLine: {'line': b"removing '/ros2_ws/install/metrojoe_pkg/lib/python3.10/site-packages/metrojoe_pkg-0.0.0-py3.10.egg-info' (and everything under it)\n"}
[1.803206] (metrojoe_pkg) StdoutLine: {'line': b'Copying ../../build/metrojoe_pkg/metrojoe_pkg.egg-info to /ros2_ws/install/metrojoe_pkg/lib/python3.10/site-packages/metrojoe_pkg-0.0.0-py3.10.egg-info\n'}
[1.805127] (metrojoe_pkg) StdoutLine: {'line': b'running install_scripts\n'}
[1.811228] (-) TimerEvent: {}
[1.849573] (metrojoe_pkg) StdoutLine: {'line': b'Installing ds4_gamepad script to /ros2_ws/install/metrojoe_pkg/lib/metrojoe_pkg\n'}
[1.850312] (metrojoe_pkg) StdoutLine: {'line': b'Installing main_brain script to /ros2_ws/install/metrojoe_pkg/lib/metrojoe_pkg\n'}
[1.851045] (metrojoe_pkg) StdoutLine: {'line': b"writing list of installed files to '/ros2_ws/build/metrojoe_pkg/install.log'\n"}
[1.911464] (-) TimerEvent: {}
[1.919769] (metrojoe_pkg) CommandEnded: {'returncode': 0}
[2.012287] (-) TimerEvent: {}
[2.055210] (metrojoe_pkg) JobEnded: {'identifier': 'metrojoe_pkg', 'rc': 0}
[2.057154] (-) EventReactorShutdown: {}
