[0.000000] (-) TimerEvent: {}
[0.001056] (metrojoe_pkg) JobQueued: {'identifier': 'metrojoe_pkg', 'dependencies': OrderedDict()}
[0.001454] (metrojoe_pkg) JobStarted: {'identifier': 'metrojoe_pkg'}
[0.100561] (-) TimerEvent: {}
[0.201361] (-) TimerEvent: {}
[0.302418] (-) TimerEvent: {}
[0.403011] (-) TimerEvent: {}
[0.503668] (-) TimerEvent: {}
[0.604383] (-) TimerEvent: {}
[0.705141] (-) TimerEvent: {}
[0.805758] (-) TimerEvent: {}
[0.906373] (-) TimerEvent: {}
[1.006989] (-) TimerEvent: {}
[1.107618] (-) TimerEvent: {}
[1.208208] (-) TimerEvent: {}
[1.308809] (-) TimerEvent: {}
[1.409419] (-) TimerEvent: {}
[1.480984] (metrojoe_pkg) Command: {'cmd': ['/usr/bin/python3', 'setup.py', 'egg_info', '--egg-base', '../../build/metrojoe_pkg', 'build', '--build-base', '/ros2_ws/build/metrojoe_pkg/build', 'install', '--record', '/ros2_ws/build/metrojoe_pkg/install.log', '--single-version-externally-managed'], 'cwd': '/ros2_ws/src/metrojoe_pkg', 'env': {'HOSTNAME': 'cd3ac196e775', 'GIT_ASKPASS': '/vscode/vscode-server/bin/linux-arm64/863d2581ecda6849923a2118d93a088b0745d9d6/extensions/git/dist/askpass.sh', 'SHLVL': '1', 'LD_LIBRARY_PATH': '/opt/ros/humble/lib/aarch64-linux-gnu:/opt/ros/humble/lib', 'BROWSER': '/vscode/vscode-server/bin/linux-arm64/863d2581ecda6849923a2118d93a088b0745d9d6/bin/helpers/browser.sh', 'HOME': '/home/ros', 'OLDPWD': '/ros2_ws/src', 'TERM_PROGRAM_VERSION': '1.87.2', 'VSCODE_IPC_HOOK_CLI': '/tmp/vscode-ipc-b3036a99-9e0d-4aaa-b8b5-0c359c5f0c5a.sock', 'ROS_PYTHON_VERSION': '3', 'VSCODE_GIT_ASKPASS_MAIN': '/vscode/vscode-server/bin/linux-arm64/863d2581ecda6849923a2118d93a088b0745d9d6/extensions/git/dist/askpass-main.js', 'ROS2_MOUNT_DIR_PATH': '/ros2_ws', 'VSCODE_GIT_ASKPASS_NODE': '/vscode/vscode-server/bin/linux-arm64/863d2581ecda6849923a2118d93a088b0745d9d6/node', 'COLORTERM': 'truecolor', 'REMOTE_CONTAINERS': 'true', 'ROS_DISTRO': 'humble', 'REMOTE_CONTAINERS_IPC': '/tmp/vscode-remote-containers-ipc-e857bc26-131f-432e-9847-fc65a6e696de.sock', '_': '/usr/bin/colcon', 'ROS_VERSION': '2', 'USERNAME': 'ros', 'TERM': 'xterm-256color', 'ROS_LOCALHOST_ONLY': '0', 'PATH': '/opt/ros/humble/bin:/vscode/vscode-server/bin/linux-arm64/863d2581ecda6849923a2118d93a088b0745d9d6/bin/remote-cli:/usr/local/sbin:/usr/local/bin:/usr/sbin:/usr/bin:/sbin:/bin', 'REMOTE_CONTAINERS_SOCKETS': '["/tmp/vscode-ssh-auth-e857bc26-131f-432e-9847-fc65a6e696de.sock","/tmp/.X11-unix/X0","/home/ros/.gnupg/S.gpg-agent"]', 'DISPLAY': ':0', 'LANG': 'C.UTF-8', 'VSCODE_GIT_IPC_HANDLE': '/tmp/vscode-git-7254f0eaf9.sock', 'TERM_PROGRAM': 'vscode', 'SSH_AUTH_SOCK': '/tmp/vscode-ssh-auth-e857bc26-131f-432e-9847-fc65a6e696de.sock', 'AMENT_PREFIX_PATH': '/opt/ros/humble', 'REMOTE_CONTAINERS_DISPLAY_SOCK': '/tmp/.X11-unix/X0', 'SHELL': '/bin/sh', 'VSCODE_GIT_ASKPASS_EXTRA_ARGS': '', 'PWD': '/ros2_ws/build/metrojoe_pkg', 'LC_ALL': 'C.UTF-8', 'PYTHONPATH': '/ros2_ws/build/metrojoe_pkg/prefix_override:/ros2_ws/install/metrojoe_pkg/lib/python3.10/site-packages:/opt/ros/humble/lib/python3.10/site-packages:/opt/ros/humble/local/lib/python3.10/dist-packages', 'COLCON': '1'}, 'shell': False}
[1.509568] (-) TimerEvent: {}
[1.610359] (-) TimerEvent: {}
[1.710965] (-) TimerEvent: {}
[1.811634] (-) TimerEvent: {}
[1.884719] (metrojoe_pkg) StdoutLine: {'line': b'running egg_info\n'}
[1.904674] (metrojoe_pkg) StdoutLine: {'line': b'writing ../../build/metrojoe_pkg/metrojoe_pkg.egg-info/PKG-INFO\n'}
[1.905887] (metrojoe_pkg) StdoutLine: {'line': b'writing dependency_links to ../../build/metrojoe_pkg/metrojoe_pkg.egg-info/dependency_links.txt\n'}
[1.906369] (metrojoe_pkg) StdoutLine: {'line': b'writing entry points to ../../build/metrojoe_pkg/metrojoe_pkg.egg-info/entry_points.txt\n'}
[1.906786] (metrojoe_pkg) StdoutLine: {'line': b'writing requirements to ../../build/metrojoe_pkg/metrojoe_pkg.egg-info/requires.txt\n'}
[1.907067] (metrojoe_pkg) StdoutLine: {'line': b'writing top-level names to ../../build/metrojoe_pkg/metrojoe_pkg.egg-info/top_level.txt\n'}
[1.911676] (-) TimerEvent: {}
[1.953892] (metrojoe_pkg) StdoutLine: {'line': b"reading manifest file '../../build/metrojoe_pkg/metrojoe_pkg.egg-info/SOURCES.txt'\n"}
[1.956286] (metrojoe_pkg) StdoutLine: {'line': b"writing manifest file '../../build/metrojoe_pkg/metrojoe_pkg.egg-info/SOURCES.txt'\n"}
[1.956737] (metrojoe_pkg) StdoutLine: {'line': b'running build\n'}
[1.957006] (metrojoe_pkg) StdoutLine: {'line': b'running build_py\n'}
[1.957316] (metrojoe_pkg) StdoutLine: {'line': b'copying metrojoe_pkg/__init__.py -> /ros2_ws/build/metrojoe_pkg/build/lib/metrojoe_pkg\n'}
[1.957762] (metrojoe_pkg) StdoutLine: {'line': b'copying metrojoe_pkg/modbus_motor_controller.py -> /ros2_ws/build/metrojoe_pkg/build/lib/metrojoe_pkg\n'}
[1.958138] (metrojoe_pkg) StdoutLine: {'line': b'copying metrojoe_pkg/ds4_gamepad.py -> /ros2_ws/build/metrojoe_pkg/build/lib/metrojoe_pkg\n'}
[1.958925] (metrojoe_pkg) StdoutLine: {'line': b'running install\n'}
[1.962399] (metrojoe_pkg) StderrLine: {'line': b'/home/ros/.local/lib/python3.10/site-packages/setuptools/_distutils/cmd.py:66: SetuptoolsDeprecationWarning: setup.py install is deprecated.\n'}
[1.962727] (metrojoe_pkg) StderrLine: {'line': b'!!\n'}
[1.962898] (metrojoe_pkg) StderrLine: {'line': b'\n'}
[1.963050] (metrojoe_pkg) StderrLine: {'line': b'        ********************************************************************************\n'}
[1.963243] (metrojoe_pkg) StderrLine: {'line': b'        Please avoid running ``setup.py`` directly.\n'}
[1.963391] (metrojoe_pkg) StderrLine: {'line': b'        Instead, use pypa/build, pypa/installer or other\n'}
[1.963533] (metrojoe_pkg) StderrLine: {'line': b'        standards-based tools.\n'}
[1.963678] (metrojoe_pkg) StderrLine: {'line': b'\n'}
[1.963819] (metrojoe_pkg) StderrLine: {'line': b'        See https://blog.ganssle.io/articles/2021/10/setup-py-deprecated.html for details.\n'}
[1.963954] (metrojoe_pkg) StderrLine: {'line': b'        ********************************************************************************\n'}
[1.964090] (metrojoe_pkg) StderrLine: {'line': b'\n'}
[1.964224] (metrojoe_pkg) StderrLine: {'line': b'!!\n'}
[1.964359] (metrojoe_pkg) StderrLine: {'line': b'  self.initialize_options()\n'}
[1.971356] (metrojoe_pkg) StdoutLine: {'line': b'running install_lib\n'}
[1.993738] (metrojoe_pkg) StdoutLine: {'line': b'running install_data\n'}
[2.011790] (-) TimerEvent: {}
[2.014349] (metrojoe_pkg) StdoutLine: {'line': b'copying resource/metrojoe_pkg -> /ros2_ws/install/metrojoe_pkg/share/ament_index/resource_index/packages\n'}
[2.014749] (metrojoe_pkg) StdoutLine: {'line': b'copying package.xml -> /ros2_ws/install/metrojoe_pkg/share/metrojoe_pkg\n'}
[2.015126] (metrojoe_pkg) StdoutLine: {'line': b'running install_egg_info\n'}
[2.040813] (metrojoe_pkg) StdoutLine: {'line': b"removing '/ros2_ws/install/metrojoe_pkg/lib/python3.10/site-packages/metrojoe_pkg-0.0.0-py3.10.egg-info' (and everything under it)\n"}
[2.041554] (metrojoe_pkg) StdoutLine: {'line': b'Copying ../../build/metrojoe_pkg/metrojoe_pkg.egg-info to /ros2_ws/install/metrojoe_pkg/lib/python3.10/site-packages/metrojoe_pkg-0.0.0-py3.10.egg-info\n'}
[2.043849] (metrojoe_pkg) StdoutLine: {'line': b'running install_scripts\n'}
[2.111949] (-) TimerEvent: {}
[2.212542] (-) TimerEvent: {}
[2.259676] (metrojoe_pkg) StdoutLine: {'line': b'Installing main_brain script to /ros2_ws/install/metrojoe_pkg/lib/metrojoe_pkg\n'}
[2.260703] (metrojoe_pkg) StdoutLine: {'line': b"writing list of installed files to '/ros2_ws/build/metrojoe_pkg/install.log'\n"}
[2.313118] (-) TimerEvent: {}
[2.336698] (metrojoe_pkg) CommandEnded: {'returncode': 0}
[2.413393] (-) TimerEvent: {}
[2.473135] (metrojoe_pkg) JobEnded: {'identifier': 'metrojoe_pkg', 'rc': 0}
[2.475614] (-) EventReactorShutdown: {}
