[1.392s] Invoking command in '/ros2_ws/build/metrojoe': PYTHONPATH=/ros2_ws/build/metrojoe/prefix_override:/ros2_ws/install/metrojoe/lib/python3.10/site-packages:${PYTHONPATH} /usr/bin/python3 setup.py develop --editable --build-directory /ros2_ws/build/metrojoe/build --no-deps install_data
[1.884s] running develop
[2.090s] running egg_info
[2.090s] writing metrojoe.egg-info/PKG-INFO
[2.091s] writing dependency_links to metrojoe.egg-info/dependency_links.txt
[2.091s] writing entry points to metrojoe.egg-info/entry_points.txt
[2.092s] writing requirements to metrojoe.egg-info/requires.txt
[2.092s] writing top-level names to metrojoe.egg-info/top_level.txt
[2.095s] reading manifest file 'metrojoe.egg-info/SOURCES.txt'
[2.097s] writing manifest file 'metrojoe.egg-info/SOURCES.txt'
[2.100s] running build_ext
[2.100s] Creating /ros2_ws/install/metrojoe/lib/python3.10/site-packages/metrojoe.egg-link (link to .)
[2.102s] Installing gamepad_publisher script to /ros2_ws/install/metrojoe/lib/metrojoe
[2.103s] Installing main_node script to /ros2_ws/install/metrojoe/lib/metrojoe
[2.103s] Installing min_listener script to /ros2_ws/install/metrojoe/lib/metrojoe
[2.103s] Installing min_talker script to /ros2_ws/install/metrojoe/lib/metrojoe
[2.104s] Installing test_node script to /ros2_ws/install/metrojoe/lib/metrojoe
[2.104s] 
[2.105s] Installed /ros2_ws/build/metrojoe
[2.105s] running install_data
[2.105s] copying package.xml -> /ros2_ws/install/metrojoe/share/metrojoe
[2.195s] Invoked command in '/ros2_ws/build/metrojoe' returned '0': PYTHONPATH=/ros2_ws/build/metrojoe/prefix_override:/ros2_ws/install/metrojoe/lib/python3.10/site-packages:${PYTHONPATH} /usr/bin/python3 setup.py develop --editable --build-directory /ros2_ws/build/metrojoe/build --no-deps install_data
