[1.322s] Invoking command in '/ros2_ws/src/metrojoe': PYTHONPATH=/ros2_ws/build/metrojoe/prefix_override:/ros2_ws/install/metrojoe/lib/python3.10/site-packages:${PYTHONPATH} /usr/bin/python3 setup.py egg_info --egg-base ../../build/metrojoe build --build-base /ros2_ws/build/metrojoe/build install --record /ros2_ws/build/metrojoe/install.log --single-version-externally-managed
[1.777s] running egg_info
[1.778s] writing ../../build/metrojoe/metrojoe.egg-info/PKG-INFO
[1.778s] writing dependency_links to ../../build/metrojoe/metrojoe.egg-info/dependency_links.txt
[1.779s] writing entry points to ../../build/metrojoe/metrojoe.egg-info/entry_points.txt
[1.779s] writing requirements to ../../build/metrojoe/metrojoe.egg-info/requires.txt
[1.780s] writing top-level names to ../../build/metrojoe/metrojoe.egg-info/top_level.txt
[1.784s] reading manifest file '../../build/metrojoe/metrojoe.egg-info/SOURCES.txt'
[1.785s] writing manifest file '../../build/metrojoe/metrojoe.egg-info/SOURCES.txt'
[1.786s] running build
[1.787s] running build_py
[1.787s] copying metrojoe/ds4_gamepad_node.py -> /ros2_ws/build/metrojoe/build/lib/metrojoe
[1.788s] copying metrojoe/ds4_gamepad.py -> /ros2_ws/build/metrojoe/build/lib/metrojoe
[1.788s] running install
[1.788s] running install_lib
[1.791s] copying /ros2_ws/build/metrojoe/build/lib/metrojoe/ds4_gamepad_node.py -> /ros2_ws/install/metrojoe/lib/python3.10/site-packages/metrojoe
[1.791s] copying /ros2_ws/build/metrojoe/build/lib/metrojoe/ds4_gamepad.py -> /ros2_ws/install/metrojoe/lib/python3.10/site-packages/metrojoe
[1.794s] byte-compiling /ros2_ws/install/metrojoe/lib/python3.10/site-packages/metrojoe/ds4_gamepad_node.py to ds4_gamepad_node.cpython-310.pyc
[1.794s] byte-compiling /ros2_ws/install/metrojoe/lib/python3.10/site-packages/metrojoe/ds4_gamepad.py to ds4_gamepad.cpython-310.pyc
[1.797s] running install_data
[1.798s] running install_egg_info
[1.802s] removing '/ros2_ws/install/metrojoe/lib/python3.10/site-packages/metrojoe-0.0.0-py3.10.egg-info' (and everything under it)
[1.805s] Copying ../../build/metrojoe/metrojoe.egg-info to /ros2_ws/install/metrojoe/lib/python3.10/site-packages/metrojoe-0.0.0-py3.10.egg-info
[1.805s] running install_scripts
[1.850s] Installing ds4_gamepad_talker script to /ros2_ws/install/metrojoe/lib/metrojoe
[1.851s] Installing ds4_gamepad_test script to /ros2_ws/install/metrojoe/lib/metrojoe
[1.851s] Installing main script to /ros2_ws/install/metrojoe/lib/metrojoe
[1.851s] Installing test script to /ros2_ws/install/metrojoe/lib/metrojoe
[1.852s] writing list of installed files to '/ros2_ws/build/metrojoe/install.log'
[1.930s] Invoked command in '/ros2_ws/src/metrojoe' returned '0': PYTHONPATH=/ros2_ws/build/metrojoe/prefix_override:/ros2_ws/install/metrojoe/lib/python3.10/site-packages:${PYTHONPATH} /usr/bin/python3 setup.py egg_info --egg-base ../../build/metrojoe build --build-base /ros2_ws/build/metrojoe/build install --record /ros2_ws/build/metrojoe/install.log --single-version-externally-managed
