[0.000000] (-) TimerEvent: {}
[0.001110] (metrojoe) JobQueued: {'identifier': 'metrojoe', 'dependencies': OrderedDict()}
[0.001511] (metrojoe) JobStarted: {'identifier': 'metrojoe'}
[0.099420] (-) TimerEvent: {}
[0.200211] (-) TimerEvent: {}
[0.300803] (-) TimerEvent: {}
[0.401435] (-) TimerEvent: {}
[0.502143] (-) TimerEvent: {}
[0.602799] (-) TimerEvent: {}
[0.703446] (-) TimerEvent: {}
[0.804042] (-) TimerEvent: {}
[0.905036] (-) TimerEvent: {}
[1.005683] (-) TimerEvent: {}
[1.106326] (-) TimerEvent: {}
[1.206956] (-) TimerEvent: {}
[1.307613] (-) TimerEvent: {}
[1.376568] (metrojoe) Command: {'cmd': ['/usr/bin/python3', 'setup.py', 'egg_info', '--egg-base', '../../build/metrojoe', 'build', '--build-base', '/ros2_ws/build/metrojoe/build', 'install', '--record', '/ros2_ws/build/metrojoe/install.log', '--single-version-externally-managed'], 'cwd': '/ros2_ws/src/metrojoe', 'env': {'HOSTNAME': '590c6a0d13db', 'GIT_ASKPASS': '/vscode/vscode-server/bin/linux-arm64/863d2581ecda6849923a2118d93a088b0745d9d6/extensions/git/dist/askpass.sh', 'SHLVL': '1', 'LD_LIBRARY_PATH': '/opt/ros/humble/lib/aarch64-linux-gnu:/opt/ros/humble/lib', 'BROWSER': '/vscode/vscode-server/bin/linux-arm64/863d2581ecda6849923a2118d93a088b0745d9d6/bin/helpers/browser.sh', 'HOME': '/home/ros', 'TERM_PROGRAM_VERSION': '1.87.2', 'VSCODE_IPC_HOOK_CLI': '/tmp/vscode-ipc-ab234377-5575-42bc-aa3f-3251d24837fd.sock', 'ROS_PYTHON_VERSION': '3', 'VSCODE_GIT_ASKPASS_MAIN': '/vscode/vscode-server/bin/linux-arm64/863d2581ecda6849923a2118d93a088b0745d9d6/extensions/git/dist/askpass-main.js', 'ROS2_MOUNT_DIR_PATH': '/ros2_ws', 'VSCODE_GIT_ASKPASS_NODE': '/vscode/vscode-server/bin/linux-arm64/863d2581ecda6849923a2118d93a088b0745d9d6/node', 'COLORTERM': 'truecolor', 'REMOTE_CONTAINERS': 'true', 'COLCON_PREFIX_PATH': '/ros2_ws/install', 'ROS_DISTRO': 'humble', 'REMOTE_CONTAINERS_IPC': '/tmp/vscode-remote-containers-ipc-ac061a12-6dcc-423e-9e0f-aa14eceebe8a.sock', '_': '/usr/bin/colcon', 'ROS_VERSION': '2', 'USERNAME': 'ros', 'TERM': 'xterm-256color', 'ROS_LOCALHOST_ONLY': '0', 'PATH': '/opt/ros/humble/bin:/vscode/vscode-server/bin/linux-arm64/863d2581ecda6849923a2118d93a088b0745d9d6/bin/remote-cli:/usr/local/sbin:/usr/local/bin:/usr/sbin:/usr/bin:/sbin:/bin', 'REMOTE_CONTAINERS_SOCKETS': '["/tmp/vscode-ssh-auth-ac061a12-6dcc-423e-9e0f-aa14eceebe8a.sock","/tmp/.X11-unix/X0","/home/ros/.gnupg/S.gpg-agent"]', 'DISPLAY': ':0', 'LANG': 'C.UTF-8', 'VSCODE_GIT_IPC_HANDLE': '/tmp/vscode-git-7254f0eaf9.sock', 'TERM_PROGRAM': 'vscode', 'SSH_AUTH_SOCK': '/tmp/vscode-ssh-auth-ac061a12-6dcc-423e-9e0f-aa14eceebe8a.sock', 'AMENT_PREFIX_PATH': '/ros2_ws/install/metrojoe_pkg:/ros2_ws/install/metrojoe:/opt/ros/humble', 'REMOTE_CONTAINERS_DISPLAY_SOCK': '/tmp/.X11-unix/X0', 'SHELL': '/bin/sh', 'VSCODE_GIT_ASKPASS_EXTRA_ARGS': '', 'PWD': '/ros2_ws/build/metrojoe', 'LC_ALL': 'C.UTF-8', 'PYTHONPATH': '/ros2_ws/build/metrojoe/prefix_override:/ros2_ws/install/metrojoe/lib/python3.10/site-packages:/ros2_ws/install/metrojoe_pkg/lib/python3.10/site-packages:/ros2_ws/build/metrojoe:/ros2_ws/install/metrojoe/lib/python3.10/site-packages:/opt/ros/humble/lib/python3.10/site-packages:/opt/ros/humble/local/lib/python3.10/dist-packages', 'COLCON': '1'}, 'shell': False}
[1.407760] (-) TimerEvent: {}
[1.508446] (-) TimerEvent: {}
[1.609160] (-) TimerEvent: {}
[1.710199] (-) TimerEvent: {}
[1.810871] (-) TimerEvent: {}
[1.840546] (metrojoe) StdoutLine: {'line': b'running egg_info\n'}
[1.841890] (metrojoe) StdoutLine: {'line': b'writing ../../build/metrojoe/metrojoe.egg-info/PKG-INFO\n'}
[1.843168] (metrojoe) StdoutLine: {'line': b'writing dependency_links to ../../build/metrojoe/metrojoe.egg-info/dependency_links.txt\n'}
[1.843514] (metrojoe) StdoutLine: {'line': b'writing entry points to ../../build/metrojoe/metrojoe.egg-info/entry_points.txt\n'}
[1.843695] (metrojoe) StdoutLine: {'line': b'writing requirements to ../../build/metrojoe/metrojoe.egg-info/requires.txt\n'}
[1.843855] (metrojoe) StdoutLine: {'line': b'writing top-level names to ../../build/metrojoe/metrojoe.egg-info/top_level.txt\n'}
[1.848087] (metrojoe) StdoutLine: {'line': b"reading manifest file '../../build/metrojoe/metrojoe.egg-info/SOURCES.txt'\n"}
[1.849348] (metrojoe) StdoutLine: {'line': b"writing manifest file '../../build/metrojoe/metrojoe.egg-info/SOURCES.txt'\n"}
[1.849743] (metrojoe) StdoutLine: {'line': b'running build\n'}
[1.850007] (metrojoe) StdoutLine: {'line': b'running build_py\n'}
[1.850466] (metrojoe) StdoutLine: {'line': b'copying metrojoe/ds4_gamepad_node.py -> /ros2_ws/build/metrojoe/build/lib/metrojoe\n'}
[1.851513] (metrojoe) StdoutLine: {'line': b'running install\n'}
[1.852045] (metrojoe) StdoutLine: {'line': b'running install_lib\n'}
[1.853750] (metrojoe) StdoutLine: {'line': b'copying /ros2_ws/build/metrojoe/build/lib/metrojoe/ds4_gamepad_node.py -> /ros2_ws/install/metrojoe/lib/python3.10/site-packages/metrojoe\n'}
[1.855427] (metrojoe) StdoutLine: {'line': b'byte-compiling /ros2_ws/install/metrojoe/lib/python3.10/site-packages/metrojoe/ds4_gamepad_node.py to ds4_gamepad_node.cpython-310.pyc\n'}
[1.856421] (metrojoe) StdoutLine: {'line': b'running install_data\n'}
[1.857939] (metrojoe) StdoutLine: {'line': b'running install_egg_info\n'}
[1.861456] (metrojoe) StdoutLine: {'line': b"removing '/ros2_ws/install/metrojoe/lib/python3.10/site-packages/metrojoe-0.0.0-py3.10.egg-info' (and everything under it)\n"}
[1.862178] (metrojoe) StdoutLine: {'line': b'Copying ../../build/metrojoe/metrojoe.egg-info to /ros2_ws/install/metrojoe/lib/python3.10/site-packages/metrojoe-0.0.0-py3.10.egg-info\n'}
[1.864277] (metrojoe) StdoutLine: {'line': b'running install_scripts\n'}
[1.907640] (metrojoe) StdoutLine: {'line': b'Installing ds4_gamepad_node script to /ros2_ws/install/metrojoe/lib/metrojoe\n'}
[1.908184] (metrojoe) StdoutLine: {'line': b'Installing ds4_gamepad_test script to /ros2_ws/install/metrojoe/lib/metrojoe\n'}
[1.908450] (metrojoe) StdoutLine: {'line': b'Installing main script to /ros2_ws/install/metrojoe/lib/metrojoe\n'}
[1.909376] (metrojoe) StdoutLine: {'line': b"writing list of installed files to '/ros2_ws/build/metrojoe/install.log'\n"}
[1.910937] (-) TimerEvent: {}
[1.984521] (metrojoe) CommandEnded: {'returncode': 0}
[2.011705] (-) TimerEvent: {}
[2.109496] (metrojoe) JobEnded: {'identifier': 'metrojoe', 'rc': 0}
[2.111345] (-) EventReactorShutdown: {}
