[2.125s] DEBUG:colcon:Command line arguments: ['/usr/bin/colcon', 'build', '--symlink-install']
[2.125s] DEBUG:colcon:Parsed command line arguments: Namespace(log_base=None, log_level=None, verb_name='build', build_base='build', install_base='install', merge_install=False, symlink_install=True, test_result_base=None, continue_on_error=False, executor='parallel', parallel_workers=6, event_handlers=None, ignore_user_meta=False, metas=['./colcon.meta'], base_paths=['.'], packages_ignore=None, packages_ignore_regex=None, paths=None, packages_up_to=None, packages_up_to_regex=None, packages_above=None, packages_above_and_dependencies=None, packages_above_depth=None, packages_select_by_dep=None, packages_skip_by_dep=None, packages_skip_up_to=None, packages_select_build_failed=False, packages_skip_build_finished=False, packages_select_test_failures=False, packages_skip_test_passed=False, packages_select=None, packages_skip=None, packages_select_regex=None, packages_skip_regex=None, packages_start=None, packages_end=None, cmake_args=None, cmake_target=None, cmake_target_skip_unavailable=False, cmake_clean_cache=False, cmake_clean_first=False, cmake_force_configure=False, ament_cmake_args=None, catkin_cmake_args=None, catkin_skip_building_tests=False, mixin_files=None, mixin=None, verb_parser=<colcon_mixin.mixin.mixin_argument.MixinArgumentDecorator object at 0xffffac7ad630>, verb_extension=<colcon_core.verb.build.BuildVerb object at 0xffffac7aecb0>, main=<bound method BuildVerb.main of <colcon_core.verb.build.BuildVerb object at 0xffffac7aecb0>>, mixin_verb=('build',))
[2.919s] Level 1:colcon.colcon_core.package_discovery:discover_packages(colcon_meta) check parameters
[2.919s] Level 1:colcon.colcon_core.package_discovery:discover_packages(recursive) check parameters
[2.919s] Level 1:colcon.colcon_core.package_discovery:discover_packages(ignore) check parameters
[2.919s] Level 1:colcon.colcon_core.package_discovery:discover_packages(path) check parameters
[2.920s] Level 1:colcon.colcon_core.package_discovery:discover_packages(colcon_meta) discover
[2.920s] Level 1:colcon.colcon_core.package_discovery:discover_packages(recursive) discover
[2.920s] INFO:colcon.colcon_core.package_discovery:Crawling recursively for packages in '/ros2_ws'
[2.920s] Level 1:colcon.colcon_core.package_identification:_identify(.) by extensions ['ignore', 'ignore_ament_install']
[2.921s] Level 1:colcon.colcon_core.package_identification:_identify(.) by extension 'ignore'
[2.921s] Level 1:colcon.colcon_core.package_identification:_identify(.) by extension 'ignore_ament_install'
[2.921s] Level 1:colcon.colcon_core.package_identification:_identify(.) by extensions ['colcon_pkg']
[2.921s] Level 1:colcon.colcon_core.package_identification:_identify(.) by extension 'colcon_pkg'
[2.921s] Level 1:colcon.colcon_core.package_identification:_identify(.) by extensions ['colcon_meta']
[2.921s] Level 1:colcon.colcon_core.package_identification:_identify(.) by extension 'colcon_meta'
[2.921s] Level 1:colcon.colcon_core.package_identification:_identify(.) by extensions ['ros']
[2.921s] Level 1:colcon.colcon_core.package_identification:_identify(.) by extension 'ros'
[2.961s] Level 1:colcon.colcon_core.package_identification:_identify(.) by extensions ['cmake', 'python']
[2.961s] Level 1:colcon.colcon_core.package_identification:_identify(.) by extension 'cmake'
[2.961s] Level 1:colcon.colcon_core.package_identification:_identify(.) by extension 'python'
[2.961s] Level 1:colcon.colcon_core.package_identification:_identify(.) by extensions ['python_setup_py']
[2.962s] Level 1:colcon.colcon_core.package_identification:_identify(.) by extension 'python_setup_py'
[2.962s] Level 1:colcon.colcon_core.package_identification:_identify(build) by extensions ['ignore', 'ignore_ament_install']
[2.962s] Level 1:colcon.colcon_core.package_identification:_identify(build) by extension 'ignore'
[2.962s] Level 1:colcon.colcon_core.package_identification:_identify(build) ignored
[2.963s] Level 1:colcon.colcon_core.package_identification:_identify(install) by extensions ['ignore', 'ignore_ament_install']
[2.963s] Level 1:colcon.colcon_core.package_identification:_identify(install) by extension 'ignore'
[2.963s] Level 1:colcon.colcon_core.package_identification:_identify(install) ignored
[2.963s] Level 1:colcon.colcon_core.package_identification:_identify(log) by extensions ['ignore', 'ignore_ament_install']
[2.963s] Level 1:colcon.colcon_core.package_identification:_identify(log) by extension 'ignore'
[2.964s] Level 1:colcon.colcon_core.package_identification:_identify(log) ignored
[2.964s] Level 1:colcon.colcon_core.package_identification:_identify(src) by extensions ['ignore', 'ignore_ament_install']
[2.964s] Level 1:colcon.colcon_core.package_identification:_identify(src) by extension 'ignore'
[2.964s] Level 1:colcon.colcon_core.package_identification:_identify(src) by extension 'ignore_ament_install'
[2.964s] Level 1:colcon.colcon_core.package_identification:_identify(src) by extensions ['colcon_pkg']
[2.964s] Level 1:colcon.colcon_core.package_identification:_identify(src) by extension 'colcon_pkg'
[2.964s] Level 1:colcon.colcon_core.package_identification:_identify(src) by extensions ['colcon_meta']
[2.965s] Level 1:colcon.colcon_core.package_identification:_identify(src) by extension 'colcon_meta'
[2.965s] Level 1:colcon.colcon_core.package_identification:_identify(src) by extensions ['ros']
[2.965s] Level 1:colcon.colcon_core.package_identification:_identify(src) by extension 'ros'
[2.965s] Level 1:colcon.colcon_core.package_identification:_identify(src) by extensions ['cmake', 'python']
[2.965s] Level 1:colcon.colcon_core.package_identification:_identify(src) by extension 'cmake'
[2.965s] Level 1:colcon.colcon_core.package_identification:_identify(src) by extension 'python'
[2.965s] Level 1:colcon.colcon_core.package_identification:_identify(src) by extensions ['python_setup_py']
[2.965s] Level 1:colcon.colcon_core.package_identification:_identify(src) by extension 'python_setup_py'
[2.966s] Level 1:colcon.colcon_core.package_identification:_identify(src/metrojoe) by extensions ['ignore', 'ignore_ament_install']
[2.966s] Level 1:colcon.colcon_core.package_identification:_identify(src/metrojoe) by extension 'ignore'
[2.966s] Level 1:colcon.colcon_core.package_identification:_identify(src/metrojoe) by extension 'ignore_ament_install'
[2.966s] Level 1:colcon.colcon_core.package_identification:_identify(src/metrojoe) by extensions ['colcon_pkg']
[2.966s] Level 1:colcon.colcon_core.package_identification:_identify(src/metrojoe) by extension 'colcon_pkg'
[2.966s] Level 1:colcon.colcon_core.package_identification:_identify(src/metrojoe) by extensions ['colcon_meta']
[2.966s] Level 1:colcon.colcon_core.package_identification:_identify(src/metrojoe) by extension 'colcon_meta'
[2.966s] Level 1:colcon.colcon_core.package_identification:_identify(src/metrojoe) by extensions ['ros']
[2.966s] Level 1:colcon.colcon_core.package_identification:_identify(src/metrojoe) by extension 'ros'
[2.974s] DEBUG:colcon.colcon_core.package_identification:Package 'src/metrojoe' with type 'ros.ament_python' and name 'metrojoe'
[2.974s] Level 1:colcon.colcon_core.package_discovery:discover_packages(recursive) using defaults
[2.974s] Level 1:colcon.colcon_core.package_discovery:discover_packages(ignore) discover
[2.974s] Level 1:colcon.colcon_core.package_discovery:discover_packages(ignore) using defaults
[2.974s] Level 1:colcon.colcon_core.package_discovery:discover_packages(path) discover
[2.974s] Level 1:colcon.colcon_core.package_discovery:discover_packages(path) using defaults
[3.099s] Level 5:colcon.colcon_core.verb:set package 'metrojoe' build argument 'cmake_args' from command line to 'None'
[3.099s] Level 5:colcon.colcon_core.verb:set package 'metrojoe' build argument 'cmake_target' from command line to 'None'
[3.100s] Level 5:colcon.colcon_core.verb:set package 'metrojoe' build argument 'cmake_target_skip_unavailable' from command line to 'False'
[3.100s] Level 5:colcon.colcon_core.verb:set package 'metrojoe' build argument 'cmake_clean_cache' from command line to 'False'
[3.100s] Level 5:colcon.colcon_core.verb:set package 'metrojoe' build argument 'cmake_clean_first' from command line to 'False'
[3.100s] Level 5:colcon.colcon_core.verb:set package 'metrojoe' build argument 'cmake_force_configure' from command line to 'False'
[3.100s] Level 5:colcon.colcon_core.verb:set package 'metrojoe' build argument 'ament_cmake_args' from command line to 'None'
[3.100s] Level 5:colcon.colcon_core.verb:set package 'metrojoe' build argument 'catkin_cmake_args' from command line to 'None'
[3.100s] Level 5:colcon.colcon_core.verb:set package 'metrojoe' build argument 'catkin_skip_building_tests' from command line to 'False'
[3.100s] DEBUG:colcon.colcon_core.verb:Building package 'metrojoe' with the following arguments: {'ament_cmake_args': None, 'build_base': '/ros2_ws/build/metrojoe', 'catkin_cmake_args': None, 'catkin_skip_building_tests': False, 'cmake_args': None, 'cmake_clean_cache': False, 'cmake_clean_first': False, 'cmake_force_configure': False, 'cmake_target': None, 'cmake_target_skip_unavailable': False, 'install_base': '/ros2_ws/install/metrojoe', 'merge_install': False, 'path': '/ros2_ws/src/metrojoe', 'symlink_install': True, 'test_result_base': None}
[3.120s] INFO:colcon.colcon_core.executor:Executing jobs using 'parallel' executor
[3.141s] DEBUG:colcon.colcon_parallel_executor.executor.parallel:run_until_complete
[3.142s] INFO:colcon.colcon_ros.task.ament_python.build:Building ROS package in '/ros2_ws/src/metrojoe' with build type 'ament_python'
[3.142s] Level 1:colcon.colcon_core.shell:create_environment_hook('metrojoe', 'ament_prefix_path')
[3.168s] INFO:colcon.colcon_core.plugin_system:Skipping extension 'colcon_core.shell.bat': Not used on non-Windows systems
[3.168s] INFO:colcon.colcon_core.shell:Creating environment hook '/ros2_ws/install/metrojoe/share/metrojoe/hook/ament_prefix_path.ps1'
[3.170s] INFO:colcon.colcon_core.shell:Creating environment descriptor '/ros2_ws/install/metrojoe/share/metrojoe/hook/ament_prefix_path.dsv'
[3.171s] INFO:colcon.colcon_core.shell:Creating environment hook '/ros2_ws/install/metrojoe/share/metrojoe/hook/ament_prefix_path.sh'
[3.193s] INFO:colcon.colcon_core.shell:Skip shell extension 'powershell' for command environment: Not usable outside of PowerShell
[3.193s] DEBUG:colcon.colcon_core.shell:Skip shell extension 'dsv' for command environment
[3.732s] INFO:colcon.colcon_core.task.python.build:Building Python package in '/ros2_ws/src/metrojoe'
[3.758s] INFO:colcon.colcon_core.shell:Skip shell extension 'powershell' for command environment: Not usable outside of PowerShell
[3.758s] DEBUG:colcon.colcon_core.shell:Skip shell extension 'dsv' for command environment
[4.532s] DEBUG:colcon.colcon_core.event_handler.log_command:Invoking command in '/ros2_ws/build/metrojoe': PYTHONPATH=/ros2_ws/build/metrojoe/prefix_override:/ros2_ws/install/metrojoe/lib/python3.10/site-packages:${PYTHONPATH} /usr/bin/python3 setup.py develop --editable --build-directory /ros2_ws/build/metrojoe/build --no-deps install_data
[5.340s] Level 1:colcon.colcon_core.shell:create_environment_hook('metrojoe', 'pythonpath_develop')
[5.341s] DEBUG:colcon.colcon_core.event_handler.log_command:Invoked command in '/ros2_ws/build/metrojoe' returned '0': PYTHONPATH=/ros2_ws/build/metrojoe/prefix_override:/ros2_ws/install/metrojoe/lib/python3.10/site-packages:${PYTHONPATH} /usr/bin/python3 setup.py develop --editable --build-directory /ros2_ws/build/metrojoe/build --no-deps install_data
[5.380s] INFO:colcon.colcon_core.shell:Creating environment hook '/ros2_ws/build/metrojoe/share/metrojoe/hook/pythonpath_develop.ps1'
[5.384s] INFO:colcon.colcon_core.shell:Creating environment descriptor '/ros2_ws/build/metrojoe/share/metrojoe/hook/pythonpath_develop.dsv'
[5.386s] INFO:colcon.colcon_core.shell:Creating environment hook '/ros2_ws/build/metrojoe/share/metrojoe/hook/pythonpath_develop.sh'
[5.429s] Level 1:colcon.colcon_core.environment:checking '/ros2_ws/install/metrojoe' for CMake module files
[5.430s] Level 1:colcon.colcon_core.environment:checking '/ros2_ws/install/metrojoe' for CMake config files
[5.432s] Level 1:colcon.colcon_core.environment:checking '/ros2_ws/install/metrojoe/lib'
[5.433s] Level 1:colcon.colcon_core.environment:checking '/ros2_ws/install/metrojoe/bin'
[5.433s] Level 1:colcon.colcon_core.environment:checking '/ros2_ws/install/metrojoe/lib/pkgconfig/metrojoe.pc'
[5.434s] Level 1:colcon.colcon_core.environment:checking '/ros2_ws/install/metrojoe/lib/python3.10/site-packages'
[5.434s] Level 1:colcon.colcon_core.shell:create_environment_hook('metrojoe', 'pythonpath')
[5.464s] INFO:colcon.colcon_core.shell:Creating environment hook '/ros2_ws/install/metrojoe/share/metrojoe/hook/pythonpath.ps1'
[5.466s] INFO:colcon.colcon_core.shell:Creating environment descriptor '/ros2_ws/install/metrojoe/share/metrojoe/hook/pythonpath.dsv'
[5.467s] INFO:colcon.colcon_core.shell:Creating environment hook '/ros2_ws/install/metrojoe/share/metrojoe/hook/pythonpath.sh'
[5.469s] Level 1:colcon.colcon_core.environment:checking '/ros2_ws/install/metrojoe/bin'
[5.469s] Level 1:colcon.colcon_core.environment:create_environment_scripts_only(metrojoe)
[5.494s] INFO:colcon.colcon_core.shell:Creating package script '/ros2_ws/install/metrojoe/share/metrojoe/package.ps1'
[5.496s] INFO:colcon.colcon_core.shell:Creating package descriptor '/ros2_ws/install/metrojoe/share/metrojoe/package.dsv'
[5.497s] INFO:colcon.colcon_core.shell:Creating package script '/ros2_ws/install/metrojoe/share/metrojoe/package.sh'
[5.506s] INFO:colcon.colcon_core.shell:Creating package script '/ros2_ws/install/metrojoe/share/metrojoe/package.bash'
[5.511s] INFO:colcon.colcon_core.shell:Creating package script '/ros2_ws/install/metrojoe/share/metrojoe/package.zsh'
[5.516s] Level 1:colcon.colcon_core.environment:create_file_with_runtime_dependencies(/ros2_ws/install/metrojoe/share/colcon-core/packages/metrojoe)
[5.517s] DEBUG:colcon.colcon_parallel_executor.executor.parallel:closing loop
[5.518s] DEBUG:colcon.colcon_parallel_executor.executor.parallel:loop closed
[5.518s] DEBUG:colcon.colcon_parallel_executor.executor.parallel:run_until_complete finished with '0'
[5.519s] DEBUG:colcon.colcon_core.event_reactor:joining thread
[5.607s] INFO:colcon.colcon_core.plugin_system:Skipping extension 'colcon_notification.desktop_notification.notify_send': Could not find 'notify-send'
[5.608s] INFO:colcon.colcon_core.plugin_system:Skipping extension 'colcon_notification.desktop_notification.terminal_notifier': Not used on non-Darwin systems
[5.608s] INFO:colcon.colcon_core.plugin_system:Skipping extension 'colcon_notification.desktop_notification.win32': Not used on non-Windows systems
[5.608s] INFO:colcon.colcon_notification.desktop_notification:Sending desktop notification using 'notify2'
[5.609s] DEBUG:colcon.colcon_notification.desktop_notification.notify2:Failed to initialize notify2: org.freedesktop.DBus.Error.InvalidFileContent: D-Bus library appears to be incorrectly set up: see the manual page for dbus-uuidgen to correct this issue. (Failed to open "/var/lib/dbus/machine-id": No such file or directory; UUID file '/etc/machine-id' should contain a hex string of length 32, not length 0, with no other text)
[5.609s] DEBUG:colcon.colcon_core.event_reactor:joined thread
[5.640s] INFO:colcon.colcon_core.shell:Creating prefix script '/ros2_ws/install/local_setup.ps1'
[5.646s] INFO:colcon.colcon_core.shell:Creating prefix util module '/ros2_ws/install/_local_setup_util_ps1.py'
[5.654s] INFO:colcon.colcon_core.shell:Creating prefix chain script '/ros2_ws/install/setup.ps1'
[5.685s] INFO:colcon.colcon_core.shell:Creating prefix script '/ros2_ws/install/local_setup.sh'
[5.692s] INFO:colcon.colcon_core.shell:Creating prefix util module '/ros2_ws/install/_local_setup_util_sh.py'
[5.693s] INFO:colcon.colcon_core.shell:Creating prefix chain script '/ros2_ws/install/setup.sh'
[5.724s] INFO:colcon.colcon_core.shell:Creating prefix script '/ros2_ws/install/local_setup.bash'
[5.734s] INFO:colcon.colcon_core.shell:Creating prefix chain script '/ros2_ws/install/setup.bash'
[5.763s] INFO:colcon.colcon_core.shell:Creating prefix script '/ros2_ws/install/local_setup.zsh'
[5.768s] INFO:colcon.colcon_core.shell:Creating prefix chain script '/ros2_ws/install/setup.zsh'
