[1.377s] Invoking command in '/ros2_ws/src/metrojoe': PYTHONPATH=/ros2_ws/build/metrojoe/prefix_override:/ros2_ws/install/metrojoe/lib/python3.10/site-packages:${PYTHONPATH} /usr/bin/python3 setup.py egg_info --egg-base ../../build/metrojoe build --build-base /ros2_ws/build/metrojoe/build install --record /ros2_ws/build/metrojoe/install.log --single-version-externally-managed
[1.807s] running egg_info
[1.808s] writing ../../build/metrojoe/metrojoe.egg-info/PKG-INFO
[1.809s] writing dependency_links to ../../build/metrojoe/metrojoe.egg-info/dependency_links.txt
[1.809s] writing entry points to ../../build/metrojoe/metrojoe.egg-info/entry_points.txt
[1.809s] writing requirements to ../../build/metrojoe/metrojoe.egg-info/requires.txt
[1.810s] writing top-level names to ../../build/metrojoe/metrojoe.egg-info/top_level.txt
[1.813s] reading manifest file '../../build/metrojoe/metrojoe.egg-info/SOURCES.txt'
[1.815s] writing manifest file '../../build/metrojoe/metrojoe.egg-info/SOURCES.txt'
[1.815s] running build
[1.816s] running build_py
[1.816s] copying metrojoe/modbus_motor_controller.py -> /ros2_ws/build/metrojoe/build/lib/metrojoe
[1.816s] running install
[1.817s] running install_lib
[1.819s] copying /ros2_ws/build/metrojoe/build/lib/metrojoe/modbus_motor_controller.py -> /ros2_ws/install/metrojoe/lib/python3.10/site-packages/metrojoe
[1.820s] byte-compiling /ros2_ws/install/metrojoe/lib/python3.10/site-packages/metrojoe/modbus_motor_controller.py to modbus_motor_controller.cpython-310.pyc
[1.822s] running install_data
[1.823s] running install_egg_info
[1.827s] removing '/ros2_ws/install/metrojoe/lib/python3.10/site-packages/metrojoe-0.0.0-py3.10.egg-info' (and everything under it)
[1.828s] Copying ../../build/metrojoe/metrojoe.egg-info to /ros2_ws/install/metrojoe/lib/python3.10/site-packages/metrojoe-0.0.0-py3.10.egg-info
[1.830s] running install_scripts
[1.874s] Installing ds4_gamepad_test script to /ros2_ws/install/metrojoe/lib/metrojoe
[1.874s] Installing main script to /ros2_ws/install/metrojoe/lib/metrojoe
[1.875s] writing list of installed files to '/ros2_ws/build/metrojoe/install.log'
[1.946s] Invoked command in '/ros2_ws/src/metrojoe' returned '0': PYTHONPATH=/ros2_ws/build/metrojoe/prefix_override:/ros2_ws/install/metrojoe/lib/python3.10/site-packages:${PYTHONPATH} /usr/bin/python3 setup.py egg_info --egg-base ../../build/metrojoe build --build-base /ros2_ws/build/metrojoe/build install --record /ros2_ws/build/metrojoe/install.log --single-version-externally-managed
