[1.782s] DEBUG:colcon:Command line arguments: ['/usr/bin/colcon', 'build']
[1.783s] DEBUG:colcon:Parsed command line arguments: Namespace(log_base=None, log_level=None, verb_name='build', build_base='build', install_base='install', merge_install=False, symlink_install=False, test_result_base=None, continue_on_error=False, executor='parallel', parallel_workers=6, event_handlers=None, ignore_user_meta=False, metas=['./colcon.meta'], base_paths=['.'], packages_ignore=None, packages_ignore_regex=None, paths=None, packages_up_to=None, packages_up_to_regex=None, packages_above=None, packages_above_and_dependencies=None, packages_above_depth=None, packages_select_by_dep=None, packages_skip_by_dep=None, packages_skip_up_to=None, packages_select_build_failed=False, packages_skip_build_finished=False, packages_select_test_failures=False, packages_skip_test_passed=False, packages_select=None, packages_skip=None, packages_select_regex=None, packages_skip_regex=None, packages_start=None, packages_end=None, cmake_args=None, cmake_target=None, cmake_target_skip_unavailable=False, cmake_clean_cache=False, cmake_clean_first=False, cmake_force_configure=False, ament_cmake_args=None, catkin_cmake_args=None, catkin_skip_building_tests=False, mixin_files=None, mixin=None, verb_parser=<colcon_mixin.mixin.mixin_argument.MixinArgumentDecorator object at 0xffff984ade40>, verb_extension=<colcon_core.verb.build.BuildVerb object at 0xffff984ad0c0>, main=<bound method BuildVerb.main of <colcon_core.verb.build.BuildVerb object at 0xffff984ad0c0>>, mixin_verb=('build',))
[1.862s] Level 1:colcon.colcon_core.package_discovery:discover_packages(colcon_meta) check parameters
[1.862s] Level 1:colcon.colcon_core.package_discovery:discover_packages(recursive) check parameters
[1.862s] Level 1:colcon.colcon_core.package_discovery:discover_packages(ignore) check parameters
[1.862s] Level 1:colcon.colcon_core.package_discovery:discover_packages(path) check parameters
[1.863s] Level 1:colcon.colcon_core.package_discovery:discover_packages(colcon_meta) discover
[1.863s] Level 1:colcon.colcon_core.package_discovery:discover_packages(recursive) discover
[1.863s] INFO:colcon.colcon_core.package_discovery:Crawling recursively for packages in '/ros2_ws'
[1.863s] Level 1:colcon.colcon_core.package_identification:_identify(.) by extensions ['ignore', 'ignore_ament_install']
[1.863s] Level 1:colcon.colcon_core.package_identification:_identify(.) by extension 'ignore'
[1.864s] Level 1:colcon.colcon_core.package_identification:_identify(.) by extension 'ignore_ament_install'
[1.864s] Level 1:colcon.colcon_core.package_identification:_identify(.) by extensions ['colcon_pkg']
[1.864s] Level 1:colcon.colcon_core.package_identification:_identify(.) by extension 'colcon_pkg'
[1.864s] Level 1:colcon.colcon_core.package_identification:_identify(.) by extensions ['colcon_meta']
[1.864s] Level 1:colcon.colcon_core.package_identification:_identify(.) by extension 'colcon_meta'
[1.864s] Level 1:colcon.colcon_core.package_identification:_identify(.) by extensions ['ros']
[1.864s] Level 1:colcon.colcon_core.package_identification:_identify(.) by extension 'ros'
[1.890s] Level 1:colcon.colcon_core.package_identification:_identify(.) by extensions ['cmake', 'python']
[1.890s] Level 1:colcon.colcon_core.package_identification:_identify(.) by extension 'cmake'
[1.890s] Level 1:colcon.colcon_core.package_identification:_identify(.) by extension 'python'
[1.890s] Level 1:colcon.colcon_core.package_identification:_identify(.) by extensions ['python_setup_py']
[1.891s] Level 1:colcon.colcon_core.package_identification:_identify(.) by extension 'python_setup_py'
[1.891s] Level 1:colcon.colcon_core.package_identification:_identify(build) by extensions ['ignore', 'ignore_ament_install']
[1.891s] Level 1:colcon.colcon_core.package_identification:_identify(build) by extension 'ignore'
[1.891s] Level 1:colcon.colcon_core.package_identification:_identify(build) ignored
[1.892s] Level 1:colcon.colcon_core.package_identification:_identify(install) by extensions ['ignore', 'ignore_ament_install']
[1.892s] Level 1:colcon.colcon_core.package_identification:_identify(install) by extension 'ignore'
[1.892s] Level 1:colcon.colcon_core.package_identification:_identify(install) ignored
[1.892s] Level 1:colcon.colcon_core.package_identification:_identify(log) by extensions ['ignore', 'ignore_ament_install']
[1.892s] Level 1:colcon.colcon_core.package_identification:_identify(log) by extension 'ignore'
[1.893s] Level 1:colcon.colcon_core.package_identification:_identify(log) ignored
[1.893s] Level 1:colcon.colcon_core.package_identification:_identify(src) by extensions ['ignore', 'ignore_ament_install']
[1.893s] Level 1:colcon.colcon_core.package_identification:_identify(src) by extension 'ignore'
[1.893s] Level 1:colcon.colcon_core.package_identification:_identify(src) by extension 'ignore_ament_install'
[1.893s] Level 1:colcon.colcon_core.package_identification:_identify(src) by extensions ['colcon_pkg']
[1.893s] Level 1:colcon.colcon_core.package_identification:_identify(src) by extension 'colcon_pkg'
[1.893s] Level 1:colcon.colcon_core.package_identification:_identify(src) by extensions ['colcon_meta']
[1.894s] Level 1:colcon.colcon_core.package_identification:_identify(src) by extension 'colcon_meta'
[1.894s] Level 1:colcon.colcon_core.package_identification:_identify(src) by extensions ['ros']
[1.894s] Level 1:colcon.colcon_core.package_identification:_identify(src) by extension 'ros'
[1.894s] Level 1:colcon.colcon_core.package_identification:_identify(src) by extensions ['cmake', 'python']
[1.894s] Level 1:colcon.colcon_core.package_identification:_identify(src) by extension 'cmake'
[1.894s] Level 1:colcon.colcon_core.package_identification:_identify(src) by extension 'python'
[1.894s] Level 1:colcon.colcon_core.package_identification:_identify(src) by extensions ['python_setup_py']
[1.894s] Level 1:colcon.colcon_core.package_identification:_identify(src) by extension 'python_setup_py'
[1.895s] Level 1:colcon.colcon_core.package_identification:_identify(src/metrojoe) by extensions ['ignore', 'ignore_ament_install']
[1.895s] Level 1:colcon.colcon_core.package_identification:_identify(src/metrojoe) by extension 'ignore'
[1.895s] Level 1:colcon.colcon_core.package_identification:_identify(src/metrojoe) by extension 'ignore_ament_install'
[1.895s] Level 1:colcon.colcon_core.package_identification:_identify(src/metrojoe) by extensions ['colcon_pkg']
[1.895s] Level 1:colcon.colcon_core.package_identification:_identify(src/metrojoe) by extension 'colcon_pkg'
[1.895s] Level 1:colcon.colcon_core.package_identification:_identify(src/metrojoe) by extensions ['colcon_meta']
[1.895s] Level 1:colcon.colcon_core.package_identification:_identify(src/metrojoe) by extension 'colcon_meta'
[1.895s] Level 1:colcon.colcon_core.package_identification:_identify(src/metrojoe) by extensions ['ros']
[1.895s] Level 1:colcon.colcon_core.package_identification:_identify(src/metrojoe) by extension 'ros'
[1.901s] DEBUG:colcon.colcon_core.package_identification:Package 'src/metrojoe' with type 'ros.ament_python' and name 'metrojoe'
[1.901s] Level 1:colcon.colcon_core.package_discovery:discover_packages(recursive) using defaults
[1.901s] Level 1:colcon.colcon_core.package_discovery:discover_packages(ignore) discover
[1.902s] Level 1:colcon.colcon_core.package_discovery:discover_packages(ignore) using defaults
[1.902s] Level 1:colcon.colcon_core.package_discovery:discover_packages(path) discover
[1.902s] Level 1:colcon.colcon_core.package_discovery:discover_packages(path) using defaults
[2.023s] Level 5:colcon.colcon_core.verb:set package 'metrojoe' build argument 'cmake_args' from command line to 'None'
[2.023s] Level 5:colcon.colcon_core.verb:set package 'metrojoe' build argument 'cmake_target' from command line to 'None'
[2.023s] Level 5:colcon.colcon_core.verb:set package 'metrojoe' build argument 'cmake_target_skip_unavailable' from command line to 'False'
[2.023s] Level 5:colcon.colcon_core.verb:set package 'metrojoe' build argument 'cmake_clean_cache' from command line to 'False'
[2.023s] Level 5:colcon.colcon_core.verb:set package 'metrojoe' build argument 'cmake_clean_first' from command line to 'False'
[2.023s] Level 5:colcon.colcon_core.verb:set package 'metrojoe' build argument 'cmake_force_configure' from command line to 'False'
[2.023s] Level 5:colcon.colcon_core.verb:set package 'metrojoe' build argument 'ament_cmake_args' from command line to 'None'
[2.023s] Level 5:colcon.colcon_core.verb:set package 'metrojoe' build argument 'catkin_cmake_args' from command line to 'None'
[2.023s] Level 5:colcon.colcon_core.verb:set package 'metrojoe' build argument 'catkin_skip_building_tests' from command line to 'False'
[2.024s] DEBUG:colcon.colcon_core.verb:Building package 'metrojoe' with the following arguments: {'ament_cmake_args': None, 'build_base': '/ros2_ws/build/metrojoe', 'catkin_cmake_args': None, 'catkin_skip_building_tests': False, 'cmake_args': None, 'cmake_clean_cache': False, 'cmake_clean_first': False, 'cmake_force_configure': False, 'cmake_target': None, 'cmake_target_skip_unavailable': False, 'install_base': '/ros2_ws/install/metrojoe', 'merge_install': False, 'path': '/ros2_ws/src/metrojoe', 'symlink_install': False, 'test_result_base': None}
[2.043s] INFO:colcon.colcon_core.executor:Executing jobs using 'parallel' executor
[2.066s] DEBUG:colcon.colcon_parallel_executor.executor.parallel:run_until_complete
[2.067s] INFO:colcon.colcon_ros.task.ament_python.build:Building ROS package in '/ros2_ws/src/metrojoe' with build type 'ament_python'
[2.068s] Level 1:colcon.colcon_core.shell:create_environment_hook('metrojoe', 'ament_prefix_path')
[2.094s] INFO:colcon.colcon_core.plugin_system:Skipping extension 'colcon_core.shell.bat': Not used on non-Windows systems
[2.094s] INFO:colcon.colcon_core.shell:Creating environment hook '/ros2_ws/install/metrojoe/share/metrojoe/hook/ament_prefix_path.ps1'
[2.096s] INFO:colcon.colcon_core.shell:Creating environment descriptor '/ros2_ws/install/metrojoe/share/metrojoe/hook/ament_prefix_path.dsv'
[2.097s] INFO:colcon.colcon_core.shell:Creating environment hook '/ros2_ws/install/metrojoe/share/metrojoe/hook/ament_prefix_path.sh'
[2.123s] INFO:colcon.colcon_core.shell:Skip shell extension 'powershell' for command environment: Not usable outside of PowerShell
[2.123s] DEBUG:colcon.colcon_core.shell:Skip shell extension 'dsv' for command environment
[2.149s] WARNING:colcon.colcon_ros.prefix_path.ament:The path '/ros2_ws/install/metrojoe_pkg' in the environment variable AMENT_PREFIX_PATH doesn't exist
[2.697s] INFO:colcon.colcon_core.task.python.build:Building Python package in '/ros2_ws/src/metrojoe'
[2.719s] INFO:colcon.colcon_core.shell:Skip shell extension 'powershell' for command environment: Not usable outside of PowerShell
[2.719s] DEBUG:colcon.colcon_core.shell:Skip shell extension 'dsv' for command environment
[3.421s] DEBUG:colcon.colcon_core.event_handler.log_command:Invoking command in '/ros2_ws/build/metrojoe': PYTHONPATH=/ros2_ws/build/metrojoe/prefix_override:/ros2_ws/install/metrojoe/lib/python3.10/site-packages:${PYTHONPATH} /usr/bin/python3 setup.py develop --uninstall --editable --build-directory /ros2_ws/build/metrojoe/build
[4.174s] DEBUG:colcon.colcon_core.event_handler.log_command:Invoked command in '/ros2_ws/build/metrojoe' returned '0': PYTHONPATH=/ros2_ws/build/metrojoe/prefix_override:/ros2_ws/install/metrojoe/lib/python3.10/site-packages:${PYTHONPATH} /usr/bin/python3 setup.py develop --uninstall --editable --build-directory /ros2_ws/build/metrojoe/build
[4.179s] DEBUG:colcon.colcon_core.event_handler.log_command:Invoking command in '/ros2_ws/src/metrojoe': PYTHONPATH=/ros2_ws/build/metrojoe/prefix_override:/ros2_ws/install/metrojoe/lib/python3.10/site-packages:${PYTHONPATH} /usr/bin/python3 setup.py egg_info --egg-base ../../build/metrojoe build --build-base /ros2_ws/build/metrojoe/build install --record /ros2_ws/build/metrojoe/install.log --single-version-externally-managed
[4.796s] DEBUG:colcon.colcon_core.event_handler.log_command:Invoked command in '/ros2_ws/src/metrojoe' returned '0': PYTHONPATH=/ros2_ws/build/metrojoe/prefix_override:/ros2_ws/install/metrojoe/lib/python3.10/site-packages:${PYTHONPATH} /usr/bin/python3 setup.py egg_info --egg-base ../../build/metrojoe build --build-base /ros2_ws/build/metrojoe/build install --record /ros2_ws/build/metrojoe/install.log --single-version-externally-managed
[4.839s] Level 1:colcon.colcon_core.environment:checking '/ros2_ws/install/metrojoe' for CMake module files
[4.841s] Level 1:colcon.colcon_core.environment:checking '/ros2_ws/install/metrojoe' for CMake config files
[4.844s] Level 1:colcon.colcon_core.environment:checking '/ros2_ws/install/metrojoe/lib'
[4.844s] Level 1:colcon.colcon_core.environment:checking '/ros2_ws/install/metrojoe/bin'
[4.844s] Level 1:colcon.colcon_core.environment:checking '/ros2_ws/install/metrojoe/lib/pkgconfig/metrojoe.pc'
[4.845s] Level 1:colcon.colcon_core.environment:checking '/ros2_ws/install/metrojoe/lib/python3.10/site-packages'
[4.847s] Level 1:colcon.colcon_core.shell:create_environment_hook('metrojoe', 'pythonpath')
[4.873s] INFO:colcon.colcon_core.shell:Creating environment hook '/ros2_ws/install/metrojoe/share/metrojoe/hook/pythonpath.ps1'
[4.876s] INFO:colcon.colcon_core.shell:Creating environment descriptor '/ros2_ws/install/metrojoe/share/metrojoe/hook/pythonpath.dsv'
[4.877s] INFO:colcon.colcon_core.shell:Creating environment hook '/ros2_ws/install/metrojoe/share/metrojoe/hook/pythonpath.sh'
[4.879s] Level 1:colcon.colcon_core.environment:checking '/ros2_ws/install/metrojoe/bin'
[4.879s] Level 1:colcon.colcon_core.environment:create_environment_scripts_only(metrojoe)
[4.904s] INFO:colcon.colcon_core.shell:Creating package script '/ros2_ws/install/metrojoe/share/metrojoe/package.ps1'
[4.907s] INFO:colcon.colcon_core.shell:Creating package descriptor '/ros2_ws/install/metrojoe/share/metrojoe/package.dsv'
[4.909s] INFO:colcon.colcon_core.shell:Creating package script '/ros2_ws/install/metrojoe/share/metrojoe/package.sh'
[4.912s] INFO:colcon.colcon_core.shell:Creating package script '/ros2_ws/install/metrojoe/share/metrojoe/package.bash'
[4.914s] INFO:colcon.colcon_core.shell:Creating package script '/ros2_ws/install/metrojoe/share/metrojoe/package.zsh'
[4.916s] Level 1:colcon.colcon_core.environment:create_file_with_runtime_dependencies(/ros2_ws/install/metrojoe/share/colcon-core/packages/metrojoe)
[4.917s] DEBUG:colcon.colcon_parallel_executor.executor.parallel:closing loop
[4.917s] DEBUG:colcon.colcon_parallel_executor.executor.parallel:loop closed
[4.918s] DEBUG:colcon.colcon_parallel_executor.executor.parallel:run_until_complete finished with '0'
[4.918s] DEBUG:colcon.colcon_core.event_reactor:joining thread
[4.955s] INFO:colcon.colcon_core.plugin_system:Skipping extension 'colcon_notification.desktop_notification.notify_send': Could not find 'notify-send'
[4.956s] INFO:colcon.colcon_core.plugin_system:Skipping extension 'colcon_notification.desktop_notification.terminal_notifier': Not used on non-Darwin systems
[4.956s] INFO:colcon.colcon_core.plugin_system:Skipping extension 'colcon_notification.desktop_notification.win32': Not used on non-Windows systems
[4.957s] INFO:colcon.colcon_notification.desktop_notification:Sending desktop notification using 'notify2'
[4.957s] DEBUG:colcon.colcon_notification.desktop_notification.notify2:Failed to initialize notify2: org.freedesktop.DBus.Error.InvalidFileContent: D-Bus library appears to be incorrectly set up: see the manual page for dbus-uuidgen to correct this issue. (Failed to open "/var/lib/dbus/machine-id": No such file or directory; UUID file '/etc/machine-id' should contain a hex string of length 32, not length 0, with no other text)
[4.957s] DEBUG:colcon.colcon_core.event_reactor:joined thread
[4.982s] INFO:colcon.colcon_core.shell:Creating prefix script '/ros2_ws/install/local_setup.ps1'
[4.984s] INFO:colcon.colcon_core.shell:Creating prefix util module '/ros2_ws/install/_local_setup_util_ps1.py'
[4.988s] INFO:colcon.colcon_core.shell:Creating prefix chain script '/ros2_ws/install/setup.ps1'
[5.012s] INFO:colcon.colcon_core.shell:Creating prefix script '/ros2_ws/install/local_setup.sh'
[5.013s] INFO:colcon.colcon_core.shell:Creating prefix util module '/ros2_ws/install/_local_setup_util_sh.py'
[5.015s] INFO:colcon.colcon_core.shell:Creating prefix chain script '/ros2_ws/install/setup.sh'
[5.039s] INFO:colcon.colcon_core.shell:Creating prefix script '/ros2_ws/install/local_setup.bash'
[5.040s] INFO:colcon.colcon_core.shell:Creating prefix chain script '/ros2_ws/install/setup.bash'
[5.063s] INFO:colcon.colcon_core.shell:Creating prefix script '/ros2_ws/install/local_setup.zsh'
[5.064s] INFO:colcon.colcon_core.shell:Creating prefix chain script '/ros2_ws/install/setup.zsh'
