[1.364s] Invoking command in '/ros2_ws/src/metrojoe': PYTHONPATH=/ros2_ws/build/metrojoe/prefix_override:/ros2_ws/install/metrojoe/lib/python3.10/site-packages:${PYTHONPATH} /usr/bin/python3 setup.py egg_info --egg-base ../../build/metrojoe build --build-base /ros2_ws/build/metrojoe/build install --record /ros2_ws/build/metrojoe/install.log --single-version-externally-managed
[1.810s] running egg_info
[1.812s] writing ../../build/metrojoe/metrojoe.egg-info/PKG-INFO
[1.812s] writing dependency_links to ../../build/metrojoe/metrojoe.egg-info/dependency_links.txt
[1.813s] writing entry points to ../../build/metrojoe/metrojoe.egg-info/entry_points.txt
[1.813s] writing requirements to ../../build/metrojoe/metrojoe.egg-info/requires.txt
[1.813s] writing top-level names to ../../build/metrojoe/metrojoe.egg-info/top_level.txt
[1.817s] reading manifest file '../../build/metrojoe/metrojoe.egg-info/SOURCES.txt'
[1.819s] writing manifest file '../../build/metrojoe/metrojoe.egg-info/SOURCES.txt'
[1.819s] running build
[1.820s] running build_py
[1.820s] copying metrojoe/ds4_gamepad_node.py -> /ros2_ws/build/metrojoe/build/lib/metrojoe
[1.821s] running install
[1.821s] running install_lib
[1.823s] copying /ros2_ws/build/metrojoe/build/lib/metrojoe/ds4_gamepad_node.py -> /ros2_ws/install/metrojoe/lib/python3.10/site-packages/metrojoe
[1.824s] byte-compiling /ros2_ws/install/metrojoe/lib/python3.10/site-packages/metrojoe/ds4_gamepad_node.py to ds4_gamepad_node.cpython-310.pyc
[1.826s] running install_data
[1.827s] running install_egg_info
[1.832s] removing '/ros2_ws/install/metrojoe/lib/python3.10/site-packages/metrojoe-0.0.0-py3.10.egg-info' (and everything under it)
[1.832s] Copying ../../build/metrojoe/metrojoe.egg-info to /ros2_ws/install/metrojoe/lib/python3.10/site-packages/metrojoe-0.0.0-py3.10.egg-info
[1.833s] running install_scripts
[1.877s] Installing ds4_gamepad_node script to /ros2_ws/install/metrojoe/lib/metrojoe
[1.878s] Installing ds4_gamepad_test script to /ros2_ws/install/metrojoe/lib/metrojoe
[1.879s] Installing main script to /ros2_ws/install/metrojoe/lib/metrojoe
[1.879s] writing list of installed files to '/ros2_ws/build/metrojoe/install.log'
[1.952s] Invoked command in '/ros2_ws/src/metrojoe' returned '0': PYTHONPATH=/ros2_ws/build/metrojoe/prefix_override:/ros2_ws/install/metrojoe/lib/python3.10/site-packages:${PYTHONPATH} /usr/bin/python3 setup.py egg_info --egg-base ../../build/metrojoe build --build-base /ros2_ws/build/metrojoe/build install --record /ros2_ws/build/metrojoe/install.log --single-version-externally-managed
