[1.400s] Invoking command in '/ros2_ws/build/metrojoe': PYTHONPATH=/ros2_ws/build/metrojoe/prefix_override:/ros2_ws/install/metrojoe/lib/python3.10/site-packages:${PYTHONPATH} /usr/bin/python3 setup.py develop --editable --build-directory /ros2_ws/build/metrojoe/build --no-deps install_data
[1.867s] running develop
[2.058s] running egg_info
[2.058s] writing metrojoe.egg-info/PKG-INFO
[2.059s] writing dependency_links to metrojoe.egg-info/dependency_links.txt
[2.059s] writing entry points to metrojoe.egg-info/entry_points.txt
[2.060s] writing requirements to metrojoe.egg-info/requires.txt
[2.060s] writing top-level names to metrojoe.egg-info/top_level.txt
[2.064s] reading manifest file 'metrojoe.egg-info/SOURCES.txt'
[2.066s] writing manifest file 'metrojoe.egg-info/SOURCES.txt'
[2.069s] running build_ext
[2.069s] Creating /ros2_ws/install/metrojoe/lib/python3.10/site-packages/metrojoe.egg-link (link to .)
[2.071s] Installing gamepad_publisher script to /ros2_ws/install/metrojoe/lib/metrojoe
[2.071s] Installing main_node script to /ros2_ws/install/metrojoe/lib/metrojoe
[2.071s] Installing min_listener script to /ros2_ws/install/metrojoe/lib/metrojoe
[2.072s] Installing min_talker script to /ros2_ws/install/metrojoe/lib/metrojoe
[2.072s] Installing test_node script to /ros2_ws/install/metrojoe/lib/metrojoe
[2.072s] 
[2.073s] Installed /ros2_ws/build/metrojoe
[2.073s] running install_data
[2.150s] Invoked command in '/ros2_ws/build/metrojoe' returned '0': PYTHONPATH=/ros2_ws/build/metrojoe/prefix_override:/ros2_ws/install/metrojoe/lib/python3.10/site-packages:${PYTHONPATH} /usr/bin/python3 setup.py develop --editable --build-directory /ros2_ws/build/metrojoe/build --no-deps install_data
