running egg_info
writing ../../build/metrojoe_pkg/metrojoe_pkg.egg-info/PKG-INFO
writing dependency_links to ../../build/metrojoe_pkg/metrojoe_pkg.egg-info/dependency_links.txt
writing entry points to ../../build/metrojoe_pkg/metrojoe_pkg.egg-info/entry_points.txt
writing requirements to ../../build/metrojoe_pkg/metrojoe_pkg.egg-info/requires.txt
writing top-level names to ../../build/metrojoe_pkg/metrojoe_pkg.egg-info/top_level.txt
reading manifest file '../../build/metrojoe_pkg/metrojoe_pkg.egg-info/SOURCES.txt'
writing manifest file '../../build/metrojoe_pkg/metrojoe_pkg.egg-info/SOURCES.txt'
running build
running build_py
copying metrojoe_pkg/__init__.py -> /ros2_ws/build/metrojoe_pkg/build/lib/metrojoe_pkg
copying metrojoe_pkg/modbus_motor_controller.py -> /ros2_ws/build/metrojoe_pkg/build/lib/metrojoe_pkg
copying metrojoe_pkg/ds4_gamepad.py -> /ros2_ws/build/metrojoe_pkg/build/lib/metrojoe_pkg
running install
/home/ros/.local/lib/python3.10/site-packages/setuptools/_distutils/cmd.py:66: SetuptoolsDeprecationWarning: setup.py install is deprecated.
!!

        ********************************************************************************
        Please avoid running ``setup.py`` directly.
        Instead, use pypa/build, pypa/installer or other
        standards-based tools.

        See https://blog.ganssle.io/articles/2021/10/setup-py-deprecated.html for details.
        ********************************************************************************

!!
  self.initialize_options()
running install_lib
running install_data
copying resource/metrojoe_pkg -> /ros2_ws/install/metrojoe_pkg/share/ament_index/resource_index/packages
copying package.xml -> /ros2_ws/install/metrojoe_pkg/share/metrojoe_pkg
running install_egg_info
removing '/ros2_ws/install/metrojoe_pkg/lib/python3.10/site-packages/metrojoe_pkg-0.0.0-py3.10.egg-info' (and everything under it)
Copying ../../build/metrojoe_pkg/metrojoe_pkg.egg-info to /ros2_ws/install/metrojoe_pkg/lib/python3.10/site-packages/metrojoe_pkg-0.0.0-py3.10.egg-info
running install_scripts
Installing main_brain script to /ros2_ws/install/metrojoe_pkg/lib/metrojoe_pkg
writing list of installed files to '/ros2_ws/build/metrojoe_pkg/install.log'
