[0.000000] (-) TimerEvent: {}
[0.001135] (metrojoe) JobQueued: {'identifier': 'metrojoe', 'dependencies': OrderedDict()}
[0.001552] (metrojoe) JobStarted: {'identifier': 'metrojoe'}
[0.099194] (-) TimerEvent: {}
[0.200292] (-) TimerEvent: {}
[0.300906] (-) TimerEvent: {}
[0.401557] (-) TimerEvent: {}
[0.502256] (-) TimerEvent: {}
[0.603052] (-) TimerEvent: {}
[0.703861] (-) TimerEvent: {}
[0.805330] (-) TimerEvent: {}
[0.906299] (-) TimerEvent: {}
[1.007085] (-) TimerEvent: {}
[1.107894] (-) TimerEvent: {}
[1.208708] (-) TimerEvent: {}
[1.309538] (-) TimerEvent: {}
[1.355682] (metrojoe) Command: {'cmd': ['/usr/bin/python3', 'setup.py', 'egg_info', '--egg-base', '../../build/metrojoe', 'build', '--build-base', '/ros2_ws/build/metrojoe/build', 'install', '--record', '/ros2_ws/build/metrojoe/install.log', '--single-version-externally-managed'], 'cwd': '/ros2_ws/src/metrojoe', 'env': {'HOSTNAME': 'cd3ac196e775', 'GIT_ASKPASS': '/vscode/vscode-server/bin/linux-arm64/863d2581ecda6849923a2118d93a088b0745d9d6/extensions/git/dist/askpass.sh', 'SHLVL': '1', 'LD_LIBRARY_PATH': '/opt/ros/humble/lib/aarch64-linux-gnu:/opt/ros/humble/lib', 'BROWSER': '/vscode/vscode-server/bin/linux-arm64/863d2581ecda6849923a2118d93a088b0745d9d6/bin/helpers/browser.sh', 'HOME': '/home/ros', 'OLDPWD': '/ros2_ws/src', 'TERM_PROGRAM_VERSION': '1.87.2', 'VSCODE_IPC_HOOK_CLI': '/tmp/vscode-ipc-b3036a99-9e0d-4aaa-b8b5-0c359c5f0c5a.sock', 'ROS_PYTHON_VERSION': '3', 'VSCODE_GIT_ASKPASS_MAIN': '/vscode/vscode-server/bin/linux-arm64/863d2581ecda6849923a2118d93a088b0745d9d6/extensions/git/dist/askpass-main.js', 'ROS2_MOUNT_DIR_PATH': '/ros2_ws', 'VSCODE_GIT_ASKPASS_NODE': '/vscode/vscode-server/bin/linux-arm64/863d2581ecda6849923a2118d93a088b0745d9d6/node', 'COLORTERM': 'truecolor', 'REMOTE_CONTAINERS': 'true', 'COLCON_PREFIX_PATH': '/ros2_ws/install', 'ROS_DISTRO': 'humble', 'REMOTE_CONTAINERS_IPC': '/tmp/vscode-remote-containers-ipc-e857bc26-131f-432e-9847-fc65a6e696de.sock', '_': '/usr/bin/colcon', 'ROS_VERSION': '2', 'USERNAME': 'ros', 'TERM': 'xterm-256color', 'ROS_LOCALHOST_ONLY': '0', 'PATH': '/opt/ros/humble/bin:/vscode/vscode-server/bin/linux-arm64/863d2581ecda6849923a2118d93a088b0745d9d6/bin/remote-cli:/usr/local/sbin:/usr/local/bin:/usr/sbin:/usr/bin:/sbin:/bin', 'REMOTE_CONTAINERS_SOCKETS': '["/tmp/vscode-ssh-auth-e857bc26-131f-432e-9847-fc65a6e696de.sock","/tmp/.X11-unix/X0","/home/ros/.gnupg/S.gpg-agent"]', 'DISPLAY': ':0', 'LANG': 'C.UTF-8', 'VSCODE_GIT_IPC_HANDLE': '/tmp/vscode-git-7254f0eaf9.sock', 'TERM_PROGRAM': 'vscode', 'SSH_AUTH_SOCK': '/tmp/vscode-ssh-auth-e857bc26-131f-432e-9847-fc65a6e696de.sock', 'AMENT_PREFIX_PATH': '/ros2_ws/install/metrojoe_pkg:/opt/ros/humble', 'REMOTE_CONTAINERS_DISPLAY_SOCK': '/tmp/.X11-unix/X0', 'SHELL': '/bin/sh', 'VSCODE_GIT_ASKPASS_EXTRA_ARGS': '', 'PWD': '/ros2_ws/build/metrojoe', 'LC_ALL': 'C.UTF-8', 'PYTHONPATH': '/ros2_ws/build/metrojoe/prefix_override:/ros2_ws/install/metrojoe/lib/python3.10/site-packages:/ros2_ws/install/metrojoe_pkg/lib/python3.10/site-packages:/opt/ros/humble/lib/python3.10/site-packages:/opt/ros/humble/local/lib/python3.10/dist-packages', 'COLCON': '1'}, 'shell': False}
[1.409662] (-) TimerEvent: {}
[1.510325] (-) TimerEvent: {}
[1.610954] (-) TimerEvent: {}
[1.711575] (-) TimerEvent: {}
[1.790405] (metrojoe) StdoutLine: {'line': b'running egg_info\n'}
[1.791313] (metrojoe) StdoutLine: {'line': b'creating ../../build/metrojoe/metrojoe.egg-info\n'}
[1.791678] (metrojoe) StdoutLine: {'line': b'writing ../../build/metrojoe/metrojoe.egg-info/PKG-INFO\n'}
[1.792212] (metrojoe) StdoutLine: {'line': b'writing dependency_links to ../../build/metrojoe/metrojoe.egg-info/dependency_links.txt\n'}
[1.792509] (metrojoe) StdoutLine: {'line': b'writing entry points to ../../build/metrojoe/metrojoe.egg-info/entry_points.txt\n'}
[1.792748] (metrojoe) StdoutLine: {'line': b'writing requirements to ../../build/metrojoe/metrojoe.egg-info/requires.txt\n'}
[1.793010] (metrojoe) StdoutLine: {'line': b'writing top-level names to ../../build/metrojoe/metrojoe.egg-info/top_level.txt\n'}
[1.793247] (metrojoe) StdoutLine: {'line': b"writing manifest file '../../build/metrojoe/metrojoe.egg-info/SOURCES.txt'\n"}
[1.796405] (metrojoe) StdoutLine: {'line': b"reading manifest file '../../build/metrojoe/metrojoe.egg-info/SOURCES.txt'\n"}
[1.797692] (metrojoe) StdoutLine: {'line': b"writing manifest file '../../build/metrojoe/metrojoe.egg-info/SOURCES.txt'\n"}
[1.798433] (metrojoe) StdoutLine: {'line': b'running build\n'}
[1.798681] (metrojoe) StdoutLine: {'line': b'running build_py\n'}
[1.798861] (metrojoe) StdoutLine: {'line': b'creating /ros2_ws/build/metrojoe/build\n'}
[1.799421] (metrojoe) StdoutLine: {'line': b'creating /ros2_ws/build/metrojoe/build/lib\n'}
[1.799726] (metrojoe) StdoutLine: {'line': b'creating /ros2_ws/build/metrojoe/build/lib/metrojoe\n'}
[1.799877] (metrojoe) StdoutLine: {'line': b'copying metrojoe/__init__.py -> /ros2_ws/build/metrojoe/build/lib/metrojoe\n'}
[1.800084] (metrojoe) StdoutLine: {'line': b'copying metrojoe/main.py -> /ros2_ws/build/metrojoe/build/lib/metrojoe\n'}
[1.800233] (metrojoe) StdoutLine: {'line': b'copying metrojoe/modbus_motor_controller.py -> /ros2_ws/build/metrojoe/build/lib/metrojoe\n'}
[1.800412] (metrojoe) StdoutLine: {'line': b'copying metrojoe/ds4_gamepad.py -> /ros2_ws/build/metrojoe/build/lib/metrojoe\n'}
[1.800558] (metrojoe) StdoutLine: {'line': b'running install\n'}
[1.800769] (metrojoe) StdoutLine: {'line': b'running install_lib\n'}
[1.802374] (metrojoe) StdoutLine: {'line': b'creating /ros2_ws/install/metrojoe/lib/python3.10/site-packages/metrojoe\n'}
[1.802681] (metrojoe) StdoutLine: {'line': b'copying /ros2_ws/build/metrojoe/build/lib/metrojoe/__init__.py -> /ros2_ws/install/metrojoe/lib/python3.10/site-packages/metrojoe\n'}
[1.803014] (metrojoe) StdoutLine: {'line': b'copying /ros2_ws/build/metrojoe/build/lib/metrojoe/main.py -> /ros2_ws/install/metrojoe/lib/python3.10/site-packages/metrojoe\n'}
[1.803307] (metrojoe) StdoutLine: {'line': b'copying /ros2_ws/build/metrojoe/build/lib/metrojoe/modbus_motor_controller.py -> /ros2_ws/install/metrojoe/lib/python3.10/site-packages/metrojoe\n'}
[1.803463] (metrojoe) StdoutLine: {'line': b'copying /ros2_ws/build/metrojoe/build/lib/metrojoe/ds4_gamepad.py -> /ros2_ws/install/metrojoe/lib/python3.10/site-packages/metrojoe\n'}
[1.804364] (metrojoe) StdoutLine: {'line': b'byte-compiling /ros2_ws/install/metrojoe/lib/python3.10/site-packages/metrojoe/__init__.py to __init__.cpython-310.pyc\n'}
[1.804900] (metrojoe) StdoutLine: {'line': b'byte-compiling /ros2_ws/install/metrojoe/lib/python3.10/site-packages/metrojoe/main.py to main.cpython-310.pyc\n'}
[1.805377] (metrojoe) StdoutLine: {'line': b'byte-compiling /ros2_ws/install/metrojoe/lib/python3.10/site-packages/metrojoe/modbus_motor_controller.py to modbus_motor_controller.cpython-310.pyc\n'}
[1.806180] (metrojoe) StdoutLine: {'line': b'byte-compiling /ros2_ws/install/metrojoe/lib/python3.10/site-packages/metrojoe/ds4_gamepad.py to ds4_gamepad.cpython-310.pyc\n'}
[1.808830] (metrojoe) StdoutLine: {'line': b'running install_data\n'}
[1.809631] (metrojoe) StdoutLine: {'line': b'creating /ros2_ws/install/metrojoe/share/ament_index\n'}
[1.809924] (metrojoe) StdoutLine: {'line': b'creating /ros2_ws/install/metrojoe/share/ament_index/resource_index\n'}
[1.810182] (metrojoe) StdoutLine: {'line': b'creating /ros2_ws/install/metrojoe/share/ament_index/resource_index/packages\n'}
[1.810467] (metrojoe) StdoutLine: {'line': b'copying resource/metrojoe -> /ros2_ws/install/metrojoe/share/ament_index/resource_index/packages\n'}
[1.810632] (metrojoe) StdoutLine: {'line': b'copying package.xml -> /ros2_ws/install/metrojoe/share/metrojoe\n'}
[1.810781] (metrojoe) StdoutLine: {'line': b'running install_egg_info\n'}
[1.811623] (-) TimerEvent: {}
[1.813804] (metrojoe) StdoutLine: {'line': b'Copying ../../build/metrojoe/metrojoe.egg-info to /ros2_ws/install/metrojoe/lib/python3.10/site-packages/metrojoe-0.0.0-py3.10.egg-info\n'}
[1.815972] (metrojoe) StdoutLine: {'line': b'running install_scripts\n'}
[1.859456] (metrojoe) StdoutLine: {'line': b'Installing main script to /ros2_ws/install/metrojoe/lib/metrojoe\n'}
[1.860492] (metrojoe) StdoutLine: {'line': b"writing list of installed files to '/ros2_ws/build/metrojoe/install.log'\n"}
[1.911822] (-) TimerEvent: {}
[1.927099] (metrojoe) CommandEnded: {'returncode': 0}
[2.012198] (-) TimerEvent: {}
[2.049855] (metrojoe) JobEnded: {'identifier': 'metrojoe', 'rc': 0}
[2.052890] (-) EventReactorShutdown: {}
