[0.000000] (-) TimerEvent: {}
[0.001088] (metrojoe) JobQueued: {'identifier': 'metrojoe', 'dependencies': OrderedDict()}
[0.001491] (metrojoe) JobStarted: {'identifier': 'metrojoe'}
[0.099255] (-) TimerEvent: {}
[0.199974] (-) TimerEvent: {}
[0.300598] (-) TimerEvent: {}
[0.401438] (-) TimerEvent: {}
[0.502069] (-) TimerEvent: {}
[0.602773] (-) TimerEvent: {}
[0.703619] (-) TimerEvent: {}
[0.804147] (-) TimerEvent: {}
[0.904786] (-) TimerEvent: {}
[1.005414] (-) TimerEvent: {}
[1.106034] (-) TimerEvent: {}
[1.206652] (-) TimerEvent: {}
[1.307318] (-) TimerEvent: {}
[1.337870] (metrojoe) Command: {'cmd': ['/usr/bin/python3', 'setup.py', 'develop', '--editable', '--build-directory', '/ros2_ws/build/metrojoe/build', '--no-deps', 'install_data'], 'cwd': '/ros2_ws/build/metrojoe', 'env': {'HOSTNAME': '29b0b1a6bc88', 'GIT_ASKPASS': '/vscode/vscode-server/bin/linux-arm64/863d2581ecda6849923a2118d93a088b0745d9d6/extensions/git/dist/askpass.sh', 'SHLVL': '1', 'LD_LIBRARY_PATH': '/opt/ros/humble/lib/aarch64-linux-gnu:/opt/ros/humble/lib', 'BROWSER': '/vscode/vscode-server/bin/linux-arm64/863d2581ecda6849923a2118d93a088b0745d9d6/bin/helpers/browser.sh', 'HOME': '/home/ros', 'TERM_PROGRAM_VERSION': '1.87.2', 'VSCODE_IPC_HOOK_CLI': '/tmp/vscode-ipc-4e16117f-3291-4ef3-98e6-39f3569cad05.sock', 'ROS_PYTHON_VERSION': '3', 'VSCODE_GIT_ASKPASS_MAIN': '/vscode/vscode-server/bin/linux-arm64/863d2581ecda6849923a2118d93a088b0745d9d6/extensions/git/dist/askpass-main.js', 'ROS2_MOUNT_DIR_PATH': '/ros2_ws', 'VSCODE_GIT_ASKPASS_NODE': '/vscode/vscode-server/bin/linux-arm64/863d2581ecda6849923a2118d93a088b0745d9d6/node', 'COLORTERM': 'truecolor', 'REMOTE_CONTAINERS': 'true', 'COLCON_PREFIX_PATH': '/ros2_ws/install', 'ROS_DISTRO': 'humble', 'REMOTE_CONTAINERS_IPC': '/tmp/vscode-remote-containers-ipc-7ebfa4d4-adcc-4c77-b910-2bdc88601a76.sock', '_': '/usr/bin/colcon', 'ROS_VERSION': '2', 'USERNAME': 'ros', 'TERM': 'xterm-256color', 'ROS_LOCALHOST_ONLY': '0', 'PATH': '/opt/ros/humble/bin:/vscode/vscode-server/bin/linux-arm64/863d2581ecda6849923a2118d93a088b0745d9d6/bin/remote-cli:/usr/local/sbin:/usr/local/bin:/usr/sbin:/usr/bin:/sbin:/bin', 'REMOTE_CONTAINERS_SOCKETS': '["/tmp/vscode-ssh-auth-7ebfa4d4-adcc-4c77-b910-2bdc88601a76.sock","/tmp/.X11-unix/X0","/home/ros/.gnupg/S.gpg-agent"]', 'DISPLAY': ':0', 'LANG': 'C.UTF-8', 'VSCODE_GIT_IPC_HANDLE': '/tmp/vscode-git-86ba36ff25.sock', 'TERM_PROGRAM': 'vscode', 'SSH_AUTH_SOCK': '/tmp/vscode-ssh-auth-7ebfa4d4-adcc-4c77-b910-2bdc88601a76.sock', 'AMENT_PREFIX_PATH': '/ros2_ws/install/metrojoe:/opt/ros/humble', 'REMOTE_CONTAINERS_DISPLAY_SOCK': '/tmp/.X11-unix/X0', 'SHELL': '/bin/sh', 'VSCODE_GIT_ASKPASS_EXTRA_ARGS': '', 'PWD': '/ros2_ws/build/metrojoe', 'LC_ALL': 'C.UTF-8', 'PYTHONPATH': '/ros2_ws/build/metrojoe/prefix_override:/ros2_ws/install/metrojoe/lib/python3.10/site-packages:/ros2_ws/build/metrojoe:/ros2_ws/install/metrojoe/lib/python3.10/site-packages:/opt/ros/humble/lib/python3.10/site-packages:/opt/ros/humble/local/lib/python3.10/dist-packages', 'COLCON': '1'}, 'shell': False}
[1.407723] (-) TimerEvent: {}
[1.508363] (-) TimerEvent: {}
[1.608962] (-) TimerEvent: {}
[1.709568] (-) TimerEvent: {}
[1.803570] (metrojoe) StdoutLine: {'line': b'running develop\n'}
[1.809651] (-) TimerEvent: {}
[1.910150] (-) TimerEvent: {}
[1.993016] (metrojoe) StdoutLine: {'line': b'running egg_info\n'}
[1.993481] (metrojoe) StdoutLine: {'line': b'creating metrojoe.egg-info\n'}
[1.993701] (metrojoe) StdoutLine: {'line': b'writing metrojoe.egg-info/PKG-INFO\n'}
[1.993968] (metrojoe) StdoutLine: {'line': b'writing dependency_links to metrojoe.egg-info/dependency_links.txt\n'}
[1.994303] (metrojoe) StdoutLine: {'line': b'writing entry points to metrojoe.egg-info/entry_points.txt\n'}
[1.994526] (metrojoe) StdoutLine: {'line': b'writing requirements to metrojoe.egg-info/requires.txt\n'}
[1.994710] (metrojoe) StdoutLine: {'line': b'writing top-level names to metrojoe.egg-info/top_level.txt\n'}
[1.995067] (metrojoe) StdoutLine: {'line': b"writing manifest file 'metrojoe.egg-info/SOURCES.txt'\n"}
[1.998291] (metrojoe) StdoutLine: {'line': b"reading manifest file 'metrojoe.egg-info/SOURCES.txt'\n"}
[1.999442] (metrojoe) StdoutLine: {'line': b"writing manifest file 'metrojoe.egg-info/SOURCES.txt'\n"}
[2.002324] (metrojoe) StdoutLine: {'line': b'running build_ext\n'}
[2.002760] (metrojoe) StdoutLine: {'line': b'Creating /ros2_ws/install/metrojoe/lib/python3.10/site-packages/metrojoe.egg-link (link to .)\n'}
[2.004364] (metrojoe) StdoutLine: {'line': b'Installing gamepad_publisher script to /ros2_ws/install/metrojoe/lib/metrojoe\n'}
[2.004740] (metrojoe) StdoutLine: {'line': b'Installing main_node script to /ros2_ws/install/metrojoe/lib/metrojoe\n'}
[2.004969] (metrojoe) StdoutLine: {'line': b'Installing min_listener script to /ros2_ws/install/metrojoe/lib/metrojoe\n'}
[2.005193] (metrojoe) StdoutLine: {'line': b'Installing min_talker script to /ros2_ws/install/metrojoe/lib/metrojoe\n'}
[2.005418] (metrojoe) StdoutLine: {'line': b'Installing modbus_motor_controller script to /ros2_ws/install/metrojoe/lib/metrojoe\n'}
[2.005632] (metrojoe) StdoutLine: {'line': b'Installing test_node script to /ros2_ws/install/metrojoe/lib/metrojoe\n'}
[2.006025] (metrojoe) StdoutLine: {'line': b'\n'}
[2.006199] (metrojoe) StdoutLine: {'line': b'Installed /ros2_ws/build/metrojoe\n'}
[2.006346] (metrojoe) StdoutLine: {'line': b'running install_data\n'}
[2.006540] (metrojoe) StdoutLine: {'line': b'creating /ros2_ws/install/metrojoe/share/ament_index\n'}
[2.006705] (metrojoe) StdoutLine: {'line': b'creating /ros2_ws/install/metrojoe/share/ament_index/resource_index\n'}
[2.006868] (metrojoe) StdoutLine: {'line': b'creating /ros2_ws/install/metrojoe/share/ament_index/resource_index/packages\n'}
[2.007023] (metrojoe) StdoutLine: {'line': b'copying resource/metrojoe -> /ros2_ws/install/metrojoe/share/ament_index/resource_index/packages\n'}
[2.007167] (metrojoe) StdoutLine: {'line': b'copying package.xml -> /ros2_ws/install/metrojoe/share/metrojoe\n'}
[2.007325] (metrojoe) StdoutLine: {'line': b'creating /ros2_ws/install/metrojoe/share/metrojoe/msg\n'}
[2.007488] (metrojoe) StdoutLine: {'line': b'copying msg/Gamepad.msg -> /ros2_ws/install/metrojoe/share/metrojoe/msg\n'}
[2.010210] (-) TimerEvent: {}
[2.094076] (metrojoe) CommandEnded: {'returncode': 0}
[2.111051] (-) TimerEvent: {}
[2.212406] (-) TimerEvent: {}
[2.241850] (metrojoe) JobEnded: {'identifier': 'metrojoe', 'rc': 0}
[2.243333] (-) EventReactorShutdown: {}
