[0.000000] (-) TimerEvent: {}
[0.001240] (metrojoe_pkg) JobQueued: {'identifier': 'metrojoe_pkg', 'dependencies': OrderedDict()}
[0.001642] (metrojoe_pkg) JobStarted: {'identifier': 'metrojoe_pkg'}
[0.099284] (-) TimerEvent: {}
[0.200162] (-) TimerEvent: {}
[0.300799] (-) TimerEvent: {}
[0.401419] (-) TimerEvent: {}
[0.502046] (-) TimerEvent: {}
[0.602789] (-) TimerEvent: {}
[0.703675] (-) TimerEvent: {}
[0.804315] (-) TimerEvent: {}
[0.905131] (-) TimerEvent: {}
[1.005956] (-) TimerEvent: {}
[1.106735] (-) TimerEvent: {}
[1.207573] (-) TimerEvent: {}
[1.308342] (-) TimerEvent: {}
[1.351073] (metrojoe_pkg) Command: {'cmd': ['/usr/bin/python3', 'setup.py', 'egg_info', '--egg-base', '../../build/metrojoe_pkg', 'build', '--build-base', '/ros2_ws/build/metrojoe_pkg/build', 'install', '--record', '/ros2_ws/build/metrojoe_pkg/install.log', '--single-version-externally-managed'], 'cwd': '/ros2_ws/src/metrojoe_pkg', 'env': {'HOSTNAME': 'cd3ac196e775', 'GIT_ASKPASS': '/vscode/vscode-server/bin/linux-arm64/863d2581ecda6849923a2118d93a088b0745d9d6/extensions/git/dist/askpass.sh', 'SHLVL': '1', 'LD_LIBRARY_PATH': '/opt/ros/humble/lib/aarch64-linux-gnu:/opt/ros/humble/lib', 'BROWSER': '/vscode/vscode-server/bin/linux-arm64/863d2581ecda6849923a2118d93a088b0745d9d6/bin/helpers/browser.sh', 'HOME': '/home/ros', 'OLDPWD': '/ros2_ws/src', 'TERM_PROGRAM_VERSION': '1.87.2', 'VSCODE_IPC_HOOK_CLI': '/tmp/vscode-ipc-b3036a99-9e0d-4aaa-b8b5-0c359c5f0c5a.sock', 'ROS_PYTHON_VERSION': '3', 'VSCODE_GIT_ASKPASS_MAIN': '/vscode/vscode-server/bin/linux-arm64/863d2581ecda6849923a2118d93a088b0745d9d6/extensions/git/dist/askpass-main.js', 'ROS2_MOUNT_DIR_PATH': '/ros2_ws', 'VSCODE_GIT_ASKPASS_NODE': '/vscode/vscode-server/bin/linux-arm64/863d2581ecda6849923a2118d93a088b0745d9d6/node', 'COLORTERM': 'truecolor', 'REMOTE_CONTAINERS': 'true', 'COLCON_PREFIX_PATH': '/ros2_ws/install', 'ROS_DISTRO': 'humble', 'REMOTE_CONTAINERS_IPC': '/tmp/vscode-remote-containers-ipc-e857bc26-131f-432e-9847-fc65a6e696de.sock', '_': '/usr/bin/colcon', 'ROS_VERSION': '2', 'USERNAME': 'ros', 'TERM': 'xterm-256color', 'ROS_LOCALHOST_ONLY': '0', 'PATH': '/opt/ros/humble/bin:/vscode/vscode-server/bin/linux-arm64/863d2581ecda6849923a2118d93a088b0745d9d6/bin/remote-cli:/usr/local/sbin:/usr/local/bin:/usr/sbin:/usr/bin:/sbin:/bin', 'REMOTE_CONTAINERS_SOCKETS': '["/tmp/vscode-ssh-auth-e857bc26-131f-432e-9847-fc65a6e696de.sock","/tmp/.X11-unix/X0","/home/ros/.gnupg/S.gpg-agent"]', 'DISPLAY': ':0', 'LANG': 'C.UTF-8', 'VSCODE_GIT_IPC_HANDLE': '/tmp/vscode-git-7254f0eaf9.sock', 'TERM_PROGRAM': 'vscode', 'SSH_AUTH_SOCK': '/tmp/vscode-ssh-auth-e857bc26-131f-432e-9847-fc65a6e696de.sock', 'AMENT_PREFIX_PATH': '/ros2_ws/install/metrojoe_pkg:/opt/ros/humble', 'REMOTE_CONTAINERS_DISPLAY_SOCK': '/tmp/.X11-unix/X0', 'SHELL': '/bin/sh', 'VSCODE_GIT_ASKPASS_EXTRA_ARGS': '', 'PWD': '/ros2_ws/build/metrojoe_pkg', 'LC_ALL': 'C.UTF-8', 'PYTHONPATH': '/ros2_ws/build/metrojoe_pkg/prefix_override:/ros2_ws/install/metrojoe_pkg/lib/python3.10/site-packages:/ros2_ws/install/metrojoe_pkg/lib/python3.10/site-packages:/opt/ros/humble/lib/python3.10/site-packages:/opt/ros/humble/local/lib/python3.10/dist-packages', 'COLCON': '1'}, 'shell': False}
[1.408489] (-) TimerEvent: {}
[1.509276] (-) TimerEvent: {}
[1.610076] (-) TimerEvent: {}
[1.710887] (-) TimerEvent: {}
[1.778371] (metrojoe_pkg) StdoutLine: {'line': b'running egg_info\n'}
[1.779537] (metrojoe_pkg) StdoutLine: {'line': b'writing ../../build/metrojoe_pkg/metrojoe_pkg.egg-info/PKG-INFO\n'}
[1.780124] (metrojoe_pkg) StdoutLine: {'line': b'writing dependency_links to ../../build/metrojoe_pkg/metrojoe_pkg.egg-info/dependency_links.txt\n'}
[1.780541] (metrojoe_pkg) StdoutLine: {'line': b'writing entry points to ../../build/metrojoe_pkg/metrojoe_pkg.egg-info/entry_points.txt\n'}
[1.780900] (metrojoe_pkg) StdoutLine: {'line': b'writing requirements to ../../build/metrojoe_pkg/metrojoe_pkg.egg-info/requires.txt\n'}
[1.781242] (metrojoe_pkg) StdoutLine: {'line': b'writing top-level names to ../../build/metrojoe_pkg/metrojoe_pkg.egg-info/top_level.txt\n'}
[1.784583] (metrojoe_pkg) StdoutLine: {'line': b"reading manifest file '../../build/metrojoe_pkg/metrojoe_pkg.egg-info/SOURCES.txt'\n"}
[1.786162] (metrojoe_pkg) StdoutLine: {'line': b"writing manifest file '../../build/metrojoe_pkg/metrojoe_pkg.egg-info/SOURCES.txt'\n"}
[1.786559] (metrojoe_pkg) StdoutLine: {'line': b'running build\n'}
[1.786852] (metrojoe_pkg) StdoutLine: {'line': b'running build_py\n'}
[1.787277] (metrojoe_pkg) StdoutLine: {'line': b'running install\n'}
[1.787856] (metrojoe_pkg) StdoutLine: {'line': b'running install_lib\n'}
[1.790554] (metrojoe_pkg) StdoutLine: {'line': b'running install_data\n'}
[1.791323] (metrojoe_pkg) StdoutLine: {'line': b'running install_egg_info\n'}
[1.794575] (metrojoe_pkg) StdoutLine: {'line': b"removing '/ros2_ws/install/metrojoe_pkg/lib/python3.10/site-packages/metrojoe_pkg-0.0.0-py3.10.egg-info' (and everything under it)\n"}
[1.795264] (metrojoe_pkg) StdoutLine: {'line': b'Copying ../../build/metrojoe_pkg/metrojoe_pkg.egg-info to /ros2_ws/install/metrojoe_pkg/lib/python3.10/site-packages/metrojoe_pkg-0.0.0-py3.10.egg-info\n'}
[1.797244] (metrojoe_pkg) StdoutLine: {'line': b'running install_scripts\n'}
[1.810966] (-) TimerEvent: {}
[1.838782] (metrojoe_pkg) StdoutLine: {'line': b'Installing ds4_gamepad_test script to /ros2_ws/install/metrojoe_pkg/lib/metrojoe_pkg\n'}
[1.841502] (metrojoe_pkg) StdoutLine: {'line': b'Installing main_brain script to /ros2_ws/install/metrojoe_pkg/lib/metrojoe_pkg\n'}
[1.842277] (metrojoe_pkg) StdoutLine: {'line': b"writing list of installed files to '/ros2_ws/build/metrojoe_pkg/install.log'\n"}
[1.909790] (metrojoe_pkg) CommandEnded: {'returncode': 0}
[1.912802] (-) TimerEvent: {}
[2.014268] (-) TimerEvent: {}
[2.022375] (metrojoe_pkg) JobEnded: {'identifier': 'metrojoe_pkg', 'rc': 0}
[2.024059] (-) EventReactorShutdown: {}
