[0.000000] (-) TimerEvent: {}
[0.001207] (metrojoe) JobQueued: {'identifier': 'metrojoe', 'dependencies': OrderedDict()}
[0.001845] (metrojoe) JobStarted: {'identifier': 'metrojoe'}
[0.099331] (-) TimerEvent: {}
[0.200393] (-) TimerEvent: {}
[0.301021] (-) TimerEvent: {}
[0.401693] (-) TimerEvent: {}
[0.502304] (-) TimerEvent: {}
[0.602952] (-) TimerEvent: {}
[0.703614] (-) TimerEvent: {}
[0.804412] (-) TimerEvent: {}
[0.905043] (-) TimerEvent: {}
[1.005718] (-) TimerEvent: {}
[1.106359] (-) TimerEvent: {}
[1.206996] (-) TimerEvent: {}
[1.307646] (-) TimerEvent: {}
[1.369967] (metrojoe) Command: {'cmd': ['/usr/bin/python3', 'setup.py', 'develop', '--editable', '--build-directory', '/ros2_ws/build/metrojoe/build', '--no-deps', 'install_data'], 'cwd': '/ros2_ws/build/metrojoe', 'env': {'HOSTNAME': '590c6a0d13db', 'GIT_ASKPASS': '/vscode/vscode-server/bin/linux-arm64/863d2581ecda6849923a2118d93a088b0745d9d6/extensions/git/dist/askpass.sh', 'SHLVL': '1', 'LD_LIBRARY_PATH': '/opt/ros/humble/lib/aarch64-linux-gnu:/opt/ros/humble/lib', 'BROWSER': '/vscode/vscode-server/bin/linux-arm64/863d2581ecda6849923a2118d93a088b0745d9d6/bin/helpers/browser.sh', 'HOME': '/home/ros', 'TERM_PROGRAM_VERSION': '1.87.2', 'VSCODE_IPC_HOOK_CLI': '/tmp/vscode-ipc-1497b652-0685-4fd5-8583-f3f8cd205f55.sock', 'ROS_PYTHON_VERSION': '3', 'VSCODE_GIT_ASKPASS_MAIN': '/vscode/vscode-server/bin/linux-arm64/863d2581ecda6849923a2118d93a088b0745d9d6/extensions/git/dist/askpass-main.js', 'ROS2_MOUNT_DIR_PATH': '/ros2_ws', 'VSCODE_GIT_ASKPASS_NODE': '/vscode/vscode-server/bin/linux-arm64/863d2581ecda6849923a2118d93a088b0745d9d6/node', 'COLORTERM': 'truecolor', 'REMOTE_CONTAINERS': 'true', 'COLCON_PREFIX_PATH': '/ros2_ws/install', 'ROS_DISTRO': 'humble', 'REMOTE_CONTAINERS_IPC': '/tmp/vscode-remote-containers-ipc-ac061a12-6dcc-423e-9e0f-aa14eceebe8a.sock', '_': '/usr/bin/colcon', 'ROS_VERSION': '2', 'USERNAME': 'ros', 'TERM': 'xterm-256color', 'ROS_LOCALHOST_ONLY': '0', 'PATH': '/opt/ros/humble/bin:/vscode/vscode-server/bin/linux-arm64/863d2581ecda6849923a2118d93a088b0745d9d6/bin/remote-cli:/usr/local/sbin:/usr/local/bin:/usr/sbin:/usr/bin:/sbin:/bin', 'REMOTE_CONTAINERS_SOCKETS': '["/tmp/vscode-ssh-auth-ac061a12-6dcc-423e-9e0f-aa14eceebe8a.sock","/tmp/.X11-unix/X0","/home/ros/.gnupg/S.gpg-agent"]', 'DISPLAY': ':0', 'LANG': 'C.UTF-8', 'VSCODE_GIT_IPC_HANDLE': '/tmp/vscode-git-7254f0eaf9.sock', 'TERM_PROGRAM': 'vscode', 'SSH_AUTH_SOCK': '/tmp/vscode-ssh-auth-ac061a12-6dcc-423e-9e0f-aa14eceebe8a.sock', 'AMENT_PREFIX_PATH': '/ros2_ws/install/metrojoe_pkg:/ros2_ws/install/metrojoe:/opt/ros/humble', 'REMOTE_CONTAINERS_DISPLAY_SOCK': '/tmp/.X11-unix/X0', 'SHELL': '/bin/sh', 'VSCODE_GIT_ASKPASS_EXTRA_ARGS': '', 'PWD': '/ros2_ws/build/metrojoe', 'LC_ALL': 'C.UTF-8', 'PYTHONPATH': '/ros2_ws/build/metrojoe/prefix_override:/ros2_ws/install/metrojoe/lib/python3.10/site-packages:/ros2_ws/install/metrojoe_pkg/lib/python3.10/site-packages:/ros2_ws/build/metrojoe:/ros2_ws/install/metrojoe/lib/python3.10/site-packages:/opt/ros/humble/lib/python3.10/site-packages:/opt/ros/humble/local/lib/python3.10/dist-packages', 'COLCON': '1'}, 'shell': False}
[1.407870] (-) TimerEvent: {}
[1.508737] (-) TimerEvent: {}
[1.609369] (-) TimerEvent: {}
[1.709981] (-) TimerEvent: {}
[1.810592] (-) TimerEvent: {}
[1.848644] (metrojoe) StdoutLine: {'line': b'running develop\n'}
[1.910746] (-) TimerEvent: {}
[2.011386] (-) TimerEvent: {}
[2.039295] (metrojoe) StdoutLine: {'line': b'running egg_info\n'}
[2.040081] (metrojoe) StdoutLine: {'line': b'creating metrojoe.egg-info\n'}
[2.040349] (metrojoe) StdoutLine: {'line': b'writing metrojoe.egg-info/PKG-INFO\n'}
[2.040528] (metrojoe) StdoutLine: {'line': b'writing dependency_links to metrojoe.egg-info/dependency_links.txt\n'}
[2.040735] (metrojoe) StdoutLine: {'line': b'writing entry points to metrojoe.egg-info/entry_points.txt\n'}
[2.040931] (metrojoe) StdoutLine: {'line': b'writing requirements to metrojoe.egg-info/requires.txt\n'}
[2.041111] (metrojoe) StdoutLine: {'line': b'writing top-level names to metrojoe.egg-info/top_level.txt\n'}
[2.041437] (metrojoe) StdoutLine: {'line': b"writing manifest file 'metrojoe.egg-info/SOURCES.txt'\n"}
[2.045184] (metrojoe) StdoutLine: {'line': b"reading manifest file 'metrojoe.egg-info/SOURCES.txt'\n"}
[2.046426] (metrojoe) StdoutLine: {'line': b"writing manifest file 'metrojoe.egg-info/SOURCES.txt'\n"}
[2.049744] (metrojoe) StdoutLine: {'line': b'running build_ext\n'}
[2.050196] (metrojoe) StdoutLine: {'line': b'Creating /ros2_ws/install/metrojoe/lib/python3.10/site-packages/metrojoe.egg-link (link to .)\n'}
[2.051801] (metrojoe) StdoutLine: {'line': b'Installing main_node script to /ros2_ws/install/metrojoe/lib/metrojoe\n'}
[2.052376] (metrojoe) StdoutLine: {'line': b'\n'}
[2.052650] (metrojoe) StdoutLine: {'line': b'Installed /ros2_ws/build/metrojoe\n'}
[2.053091] (metrojoe) StdoutLine: {'line': b'running install_data\n'}
[2.053411] (metrojoe) StdoutLine: {'line': b'creating /ros2_ws/install/metrojoe/share/ament_index\n'}
[2.053810] (metrojoe) StdoutLine: {'line': b'creating /ros2_ws/install/metrojoe/share/ament_index/resource_index\n'}
[2.054045] (metrojoe) StdoutLine: {'line': b'creating /ros2_ws/install/metrojoe/share/ament_index/resource_index/packages\n'}
[2.054216] (metrojoe) StdoutLine: {'line': b'copying resource/metrojoe -> /ros2_ws/install/metrojoe/share/ament_index/resource_index/packages\n'}
[2.054937] (metrojoe) StdoutLine: {'line': b'copying package.xml -> /ros2_ws/install/metrojoe/share/metrojoe\n'}
[2.055180] (metrojoe) StdoutLine: {'line': b'creating /ros2_ws/install/metrojoe/share/metrojoe/msg\n'}
[2.055406] (metrojoe) StdoutLine: {'line': b'copying msg/Gamepad.msg -> /ros2_ws/install/metrojoe/share/metrojoe/msg\n'}
[2.111563] (-) TimerEvent: {}
[2.128771] (metrojoe) CommandEnded: {'returncode': 0}
[2.211759] (-) TimerEvent: {}
[2.275765] (metrojoe) JobEnded: {'identifier': 'metrojoe', 'rc': 0}
[2.277143] (-) EventReactorShutdown: {}
