[0.000000] (-) TimerEvent: {}
[0.000928] (metrojoe) JobQueued: {'identifier': 'metrojoe', 'dependencies': OrderedDict()}
[0.001629] (metrojoe) JobStarted: {'identifier': 'metrojoe'}
[0.099242] (-) TimerEvent: {}
[0.200002] (-) TimerEvent: {}
[0.300646] (-) TimerEvent: {}
[0.401285] (-) TimerEvent: {}
[0.501942] (-) TimerEvent: {}
[0.602627] (-) TimerEvent: {}
[0.703283] (-) TimerEvent: {}
[0.803951] (-) TimerEvent: {}
[0.904656] (-) TimerEvent: {}
[1.005291] (-) TimerEvent: {}
[1.105948] (-) TimerEvent: {}
[1.206732] (-) TimerEvent: {}
[1.307542] (-) TimerEvent: {}
[1.379613] (metrojoe) Command: {'cmd': ['/usr/bin/python3', 'setup.py', 'egg_info', '--egg-base', '../../build/metrojoe', 'build', '--build-base', '/ros2_ws/build/metrojoe/build', 'install', '--record', '/ros2_ws/build/metrojoe/install.log', '--single-version-externally-managed'], 'cwd': '/ros2_ws/src/metrojoe', 'env': {'HOSTNAME': '590c6a0d13db', 'GIT_ASKPASS': '/vscode/vscode-server/bin/linux-arm64/863d2581ecda6849923a2118d93a088b0745d9d6/extensions/git/dist/askpass.sh', 'SHLVL': '1', 'LD_LIBRARY_PATH': '/opt/ros/humble/lib/aarch64-linux-gnu:/opt/ros/humble/lib', 'BROWSER': '/vscode/vscode-server/bin/linux-arm64/863d2581ecda6849923a2118d93a088b0745d9d6/bin/helpers/browser.sh', 'HOME': '/home/ros', 'TERM_PROGRAM_VERSION': '1.87.2', 'VSCODE_IPC_HOOK_CLI': '/tmp/vscode-ipc-ab234377-5575-42bc-aa3f-3251d24837fd.sock', 'ROS_PYTHON_VERSION': '3', 'VSCODE_GIT_ASKPASS_MAIN': '/vscode/vscode-server/bin/linux-arm64/863d2581ecda6849923a2118d93a088b0745d9d6/extensions/git/dist/askpass-main.js', 'ROS2_MOUNT_DIR_PATH': '/ros2_ws', 'VSCODE_GIT_ASKPASS_NODE': '/vscode/vscode-server/bin/linux-arm64/863d2581ecda6849923a2118d93a088b0745d9d6/node', 'COLORTERM': 'truecolor', 'REMOTE_CONTAINERS': 'true', 'COLCON_PREFIX_PATH': '/ros2_ws/install', 'ROS_DISTRO': 'humble', 'REMOTE_CONTAINERS_IPC': '/tmp/vscode-remote-containers-ipc-ac061a12-6dcc-423e-9e0f-aa14eceebe8a.sock', '_': '/usr/bin/colcon', 'ROS_VERSION': '2', 'USERNAME': 'ros', 'TERM': 'xterm-256color', 'ROS_LOCALHOST_ONLY': '0', 'PATH': '/opt/ros/humble/bin:/vscode/vscode-server/bin/linux-arm64/863d2581ecda6849923a2118d93a088b0745d9d6/bin/remote-cli:/usr/local/sbin:/usr/local/bin:/usr/sbin:/usr/bin:/sbin:/bin', 'REMOTE_CONTAINERS_SOCKETS': '["/tmp/vscode-ssh-auth-ac061a12-6dcc-423e-9e0f-aa14eceebe8a.sock","/tmp/.X11-unix/X0","/home/ros/.gnupg/S.gpg-agent"]', 'DISPLAY': ':0', 'LANG': 'C.UTF-8', 'VSCODE_GIT_IPC_HANDLE': '/tmp/vscode-git-7254f0eaf9.sock', 'TERM_PROGRAM': 'vscode', 'SSH_AUTH_SOCK': '/tmp/vscode-ssh-auth-ac061a12-6dcc-423e-9e0f-aa14eceebe8a.sock', 'AMENT_PREFIX_PATH': '/ros2_ws/install/metrojoe_pkg:/ros2_ws/install/metrojoe:/opt/ros/humble', 'REMOTE_CONTAINERS_DISPLAY_SOCK': '/tmp/.X11-unix/X0', 'SHELL': '/bin/sh', 'VSCODE_GIT_ASKPASS_EXTRA_ARGS': '', 'PWD': '/ros2_ws/build/metrojoe', 'LC_ALL': 'C.UTF-8', 'PYTHONPATH': '/ros2_ws/build/metrojoe/prefix_override:/ros2_ws/install/metrojoe/lib/python3.10/site-packages:/ros2_ws/install/metrojoe_pkg/lib/python3.10/site-packages:/ros2_ws/build/metrojoe:/ros2_ws/install/metrojoe/lib/python3.10/site-packages:/opt/ros/humble/lib/python3.10/site-packages:/opt/ros/humble/local/lib/python3.10/dist-packages', 'COLCON': '1'}, 'shell': False}
[1.407711] (-) TimerEvent: {}
[1.508572] (-) TimerEvent: {}
[1.609225] (-) TimerEvent: {}
[1.709860] (-) TimerEvent: {}
[1.810478] (-) TimerEvent: {}
[1.842891] (metrojoe) StdoutLine: {'line': b'running egg_info\n'}
[1.843786] (metrojoe) StdoutLine: {'line': b'writing ../../build/metrojoe/metrojoe.egg-info/PKG-INFO\n'}
[1.844548] (metrojoe) StdoutLine: {'line': b'writing dependency_links to ../../build/metrojoe/metrojoe.egg-info/dependency_links.txt\n'}
[1.845086] (metrojoe) StdoutLine: {'line': b'writing entry points to ../../build/metrojoe/metrojoe.egg-info/entry_points.txt\n'}
[1.845422] (metrojoe) StdoutLine: {'line': b'writing requirements to ../../build/metrojoe/metrojoe.egg-info/requires.txt\n'}
[1.845804] (metrojoe) StdoutLine: {'line': b'writing top-level names to ../../build/metrojoe/metrojoe.egg-info/top_level.txt\n'}
[1.850678] (metrojoe) StdoutLine: {'line': b"reading manifest file '../../build/metrojoe/metrojoe.egg-info/SOURCES.txt'\n"}
[1.852409] (metrojoe) StdoutLine: {'line': b"writing manifest file '../../build/metrojoe/metrojoe.egg-info/SOURCES.txt'\n"}
[1.852850] (metrojoe) StdoutLine: {'line': b'running build\n'}
[1.853459] (metrojoe) StdoutLine: {'line': b'running build_py\n'}
[1.853853] (metrojoe) StdoutLine: {'line': b'running install\n'}
[1.854608] (metrojoe) StdoutLine: {'line': b'running install_lib\n'}
[1.857938] (metrojoe) StdoutLine: {'line': b'running install_data\n'}
[1.858696] (metrojoe) StdoutLine: {'line': b'running install_egg_info\n'}
[1.862487] (metrojoe) StdoutLine: {'line': b"removing '/ros2_ws/install/metrojoe/lib/python3.10/site-packages/metrojoe-0.0.0-py3.10.egg-info' (and everything under it)\n"}
[1.863234] (metrojoe) StdoutLine: {'line': b'Copying ../../build/metrojoe/metrojoe.egg-info to /ros2_ws/install/metrojoe/lib/python3.10/site-packages/metrojoe-0.0.0-py3.10.egg-info\n'}
[1.865311] (metrojoe) StdoutLine: {'line': b'running install_scripts\n'}
[1.906434] (metrojoe) StdoutLine: {'line': b'Installing ds4_gamepad_talker script to /ros2_ws/install/metrojoe/lib/metrojoe\n'}
[1.906919] (metrojoe) StdoutLine: {'line': b'Installing ds4_gamepad_test script to /ros2_ws/install/metrojoe/lib/metrojoe\n'}
[1.907272] (metrojoe) StdoutLine: {'line': b'Installing main script to /ros2_ws/install/metrojoe/lib/metrojoe\n'}
[1.907578] (metrojoe) StdoutLine: {'line': b'Installing test script to /ros2_ws/install/metrojoe/lib/metrojoe\n'}
[1.908605] (metrojoe) StdoutLine: {'line': b"writing list of installed files to '/ros2_ws/build/metrojoe/install.log'\n"}
[1.910539] (-) TimerEvent: {}
[1.982655] (metrojoe) CommandEnded: {'returncode': 0}
[2.011073] (-) TimerEvent: {}
[2.112593] (-) TimerEvent: {}
[2.118675] (metrojoe) JobEnded: {'identifier': 'metrojoe', 'rc': 0}
[2.120470] (-) EventReactorShutdown: {}
