[1.378s] Invoking command in '/ros2_ws/src/metrojoe': PYTHONPATH=/ros2_ws/build/metrojoe/prefix_override:/ros2_ws/install/metrojoe/lib/python3.10/site-packages:${PYTHONPATH} /usr/bin/python3 setup.py egg_info --egg-base ../../build/metrojoe build --build-base /ros2_ws/build/metrojoe/build install --record /ros2_ws/build/metrojoe/install.log --single-version-externally-managed
[1.803s] running egg_info
[1.804s] writing ../../build/metrojoe/metrojoe.egg-info/PKG-INFO
[1.804s] writing dependency_links to ../../build/metrojoe/metrojoe.egg-info/dependency_links.txt
[1.805s] writing entry points to ../../build/metrojoe/metrojoe.egg-info/entry_points.txt
[1.805s] writing requirements to ../../build/metrojoe/metrojoe.egg-info/requires.txt
[1.805s] writing top-level names to ../../build/metrojoe/metrojoe.egg-info/top_level.txt
[1.809s] reading manifest file '../../build/metrojoe/metrojoe.egg-info/SOURCES.txt'
[1.810s] writing manifest file '../../build/metrojoe/metrojoe.egg-info/SOURCES.txt'
[1.811s] running build
[1.811s] running build_py
[1.811s] copying metrojoe/node_basics.py -> /ros2_ws/build/metrojoe/build/lib/metrojoe
[1.812s] running install
[1.813s] running install_lib
[1.814s] copying /ros2_ws/build/metrojoe/build/lib/metrojoe/node_basics.py -> /ros2_ws/install/metrojoe/lib/python3.10/site-packages/metrojoe
[1.816s] byte-compiling /ros2_ws/install/metrojoe/lib/python3.10/site-packages/metrojoe/node_basics.py to node_basics.cpython-310.pyc
[1.817s] running install_data
[1.818s] running install_egg_info
[1.822s] removing '/ros2_ws/install/metrojoe/lib/python3.10/site-packages/metrojoe-0.0.0-py3.10.egg-info' (and everything under it)
[1.822s] Copying ../../build/metrojoe/metrojoe.egg-info to /ros2_ws/install/metrojoe/lib/python3.10/site-packages/metrojoe-0.0.0-py3.10.egg-info
[1.825s] running install_scripts
[1.869s] Installing ds4_gamepad_node script to /ros2_ws/install/metrojoe/lib/metrojoe
[1.869s] Installing ds4_gamepad_test script to /ros2_ws/install/metrojoe/lib/metrojoe
[1.870s] Installing main script to /ros2_ws/install/metrojoe/lib/metrojoe
[1.871s] writing list of installed files to '/ros2_ws/build/metrojoe/install.log'
[1.941s] Invoked command in '/ros2_ws/src/metrojoe' returned '0': PYTHONPATH=/ros2_ws/build/metrojoe/prefix_override:/ros2_ws/install/metrojoe/lib/python3.10/site-packages:${PYTHONPATH} /usr/bin/python3 setup.py egg_info --egg-base ../../build/metrojoe build --build-base /ros2_ws/build/metrojoe/build install --record /ros2_ws/build/metrojoe/install.log --single-version-externally-managed
