[1.338s] Invoking command in '/ros2_ws/build/metrojoe': PYTHONPATH=/ros2_ws/build/metrojoe/prefix_override:/ros2_ws/install/metrojoe/lib/python3.10/site-packages:${PYTHONPATH} /usr/bin/python3 setup.py develop --editable --build-directory /ros2_ws/build/metrojoe/build --no-deps install_data
[1.802s] running develop
[1.992s] running egg_info
[1.992s] creating metrojoe.egg-info
[1.992s] writing metrojoe.egg-info/PKG-INFO
[1.992s] writing dependency_links to metrojoe.egg-info/dependency_links.txt
[1.993s] writing entry points to metrojoe.egg-info/entry_points.txt
[1.993s] writing requirements to metrojoe.egg-info/requires.txt
[1.993s] writing top-level names to metrojoe.egg-info/top_level.txt
[1.994s] writing manifest file 'metrojoe.egg-info/SOURCES.txt'
[1.997s] reading manifest file 'metrojoe.egg-info/SOURCES.txt'
[1.998s] writing manifest file 'metrojoe.egg-info/SOURCES.txt'
[2.001s] running build_ext
[2.001s] Creating /ros2_ws/install/metrojoe/lib/python3.10/site-packages/metrojoe.egg-link (link to .)
[2.003s] Installing gamepad_publisher script to /ros2_ws/install/metrojoe/lib/metrojoe
[2.003s] Installing main_node script to /ros2_ws/install/metrojoe/lib/metrojoe
[2.003s] Installing min_listener script to /ros2_ws/install/metrojoe/lib/metrojoe
[2.004s] Installing min_talker script to /ros2_ws/install/metrojoe/lib/metrojoe
[2.004s] Installing modbus_motor_controller script to /ros2_ws/install/metrojoe/lib/metrojoe
[2.004s] Installing test_node script to /ros2_ws/install/metrojoe/lib/metrojoe
[2.004s] 
[2.005s] Installed /ros2_ws/build/metrojoe
[2.005s] running install_data
[2.005s] creating /ros2_ws/install/metrojoe/share/ament_index
[2.005s] creating /ros2_ws/install/metrojoe/share/ament_index/resource_index
[2.005s] creating /ros2_ws/install/metrojoe/share/ament_index/resource_index/packages
[2.005s] copying resource/metrojoe -> /ros2_ws/install/metrojoe/share/ament_index/resource_index/packages
[2.006s] copying package.xml -> /ros2_ws/install/metrojoe/share/metrojoe
[2.006s] creating /ros2_ws/install/metrojoe/share/metrojoe/msg
[2.006s] copying msg/Gamepad.msg -> /ros2_ws/install/metrojoe/share/metrojoe/msg
[2.093s] Invoked command in '/ros2_ws/build/metrojoe' returned '0': PYTHONPATH=/ros2_ws/build/metrojoe/prefix_override:/ros2_ws/install/metrojoe/lib/python3.10/site-packages:${PYTHONPATH} /usr/bin/python3 setup.py develop --editable --build-directory /ros2_ws/build/metrojoe/build --no-deps install_data
