[0.000000] (-) TimerEvent: {}
[0.001145] (metrojoe_pkg) JobQueued: {'identifier': 'metrojoe_pkg', 'dependencies': OrderedDict()}
[0.001380] (metrojoe_pkg) JobStarted: {'identifier': 'metrojoe_pkg'}
[0.098866] (-) TimerEvent: {}
[0.199826] (-) TimerEvent: {}
[0.300460] (-) TimerEvent: {}
[0.401112] (-) TimerEvent: {}
[0.501735] (-) TimerEvent: {}
[0.602390] (-) TimerEvent: {}
[0.703060] (-) TimerEvent: {}
[0.803572] (-) TimerEvent: {}
[0.904180] (-) TimerEvent: {}
[1.004785] (-) TimerEvent: {}
[1.105408] (-) TimerEvent: {}
[1.206025] (-) TimerEvent: {}
[1.306705] (-) TimerEvent: {}
[1.334865] (metrojoe_pkg) Command: {'cmd': ['/usr/bin/python3', 'setup.py', 'egg_info', '--egg-base', '../../build/metrojoe_pkg', 'build', '--build-base', '/ros2_ws/build/metrojoe_pkg/build', 'install', '--record', '/ros2_ws/build/metrojoe_pkg/install.log', '--single-version-externally-managed'], 'cwd': '/ros2_ws/src/metrojoe_pkg', 'env': {'HOSTNAME': 'cd3ac196e775', 'GIT_ASKPASS': '/vscode/vscode-server/bin/linux-arm64/863d2581ecda6849923a2118d93a088b0745d9d6/extensions/git/dist/askpass.sh', 'SHLVL': '1', 'LD_LIBRARY_PATH': '/opt/ros/humble/lib/aarch64-linux-gnu:/opt/ros/humble/lib', 'BROWSER': '/vscode/vscode-server/bin/linux-arm64/863d2581ecda6849923a2118d93a088b0745d9d6/bin/helpers/browser.sh', 'HOME': '/home/ros', 'OLDPWD': '/ros2_ws/src', 'TERM_PROGRAM_VERSION': '1.87.2', 'VSCODE_IPC_HOOK_CLI': '/tmp/vscode-ipc-b3036a99-9e0d-4aaa-b8b5-0c359c5f0c5a.sock', 'ROS_PYTHON_VERSION': '3', 'VSCODE_GIT_ASKPASS_MAIN': '/vscode/vscode-server/bin/linux-arm64/863d2581ecda6849923a2118d93a088b0745d9d6/extensions/git/dist/askpass-main.js', 'ROS2_MOUNT_DIR_PATH': '/ros2_ws', 'VSCODE_GIT_ASKPASS_NODE': '/vscode/vscode-server/bin/linux-arm64/863d2581ecda6849923a2118d93a088b0745d9d6/node', 'COLORTERM': 'truecolor', 'REMOTE_CONTAINERS': 'true', 'ROS_DISTRO': 'humble', 'REMOTE_CONTAINERS_IPC': '/tmp/vscode-remote-containers-ipc-e857bc26-131f-432e-9847-fc65a6e696de.sock', '_': '/usr/bin/colcon', 'ROS_VERSION': '2', 'USERNAME': 'ros', 'TERM': 'xterm-256color', 'ROS_LOCALHOST_ONLY': '0', 'PATH': '/opt/ros/humble/bin:/vscode/vscode-server/bin/linux-arm64/863d2581ecda6849923a2118d93a088b0745d9d6/bin/remote-cli:/usr/local/sbin:/usr/local/bin:/usr/sbin:/usr/bin:/sbin:/bin', 'REMOTE_CONTAINERS_SOCKETS': '["/tmp/vscode-ssh-auth-e857bc26-131f-432e-9847-fc65a6e696de.sock","/tmp/.X11-unix/X0","/home/ros/.gnupg/S.gpg-agent"]', 'DISPLAY': ':0', 'LANG': 'C.UTF-8', 'VSCODE_GIT_IPC_HANDLE': '/tmp/vscode-git-7254f0eaf9.sock', 'TERM_PROGRAM': 'vscode', 'SSH_AUTH_SOCK': '/tmp/vscode-ssh-auth-e857bc26-131f-432e-9847-fc65a6e696de.sock', 'AMENT_PREFIX_PATH': '/opt/ros/humble', 'REMOTE_CONTAINERS_DISPLAY_SOCK': '/tmp/.X11-unix/X0', 'SHELL': '/bin/sh', 'VSCODE_GIT_ASKPASS_EXTRA_ARGS': '', 'PWD': '/ros2_ws/build/metrojoe_pkg', 'LC_ALL': 'C.UTF-8', 'PYTHONPATH': '/ros2_ws/build/metrojoe_pkg/prefix_override:/ros2_ws/install/metrojoe_pkg/lib/python3.10/site-packages:/opt/ros/humble/lib/python3.10/site-packages:/opt/ros/humble/local/lib/python3.10/dist-packages', 'COLCON': '1'}, 'shell': False}
[1.406870] (-) TimerEvent: {}
[1.507504] (-) TimerEvent: {}
[1.608130] (-) TimerEvent: {}
[1.708739] (-) TimerEvent: {}
[1.775110] (metrojoe_pkg) StdoutLine: {'line': b'running egg_info\n'}
[1.776006] (metrojoe_pkg) StdoutLine: {'line': b'writing ../../build/metrojoe_pkg/metrojoe_pkg.egg-info/PKG-INFO\n'}
[1.776597] (metrojoe_pkg) StdoutLine: {'line': b'writing dependency_links to ../../build/metrojoe_pkg/metrojoe_pkg.egg-info/dependency_links.txt\n'}
[1.777254] (metrojoe_pkg) StdoutLine: {'line': b'writing entry points to ../../build/metrojoe_pkg/metrojoe_pkg.egg-info/entry_points.txt\n'}
[1.777507] (metrojoe_pkg) StdoutLine: {'line': b'writing requirements to ../../build/metrojoe_pkg/metrojoe_pkg.egg-info/requires.txt\n'}
[1.777716] (metrojoe_pkg) StdoutLine: {'line': b'writing top-level names to ../../build/metrojoe_pkg/metrojoe_pkg.egg-info/top_level.txt\n'}
[1.781363] (metrojoe_pkg) StdoutLine: {'line': b"reading manifest file '../../build/metrojoe_pkg/metrojoe_pkg.egg-info/SOURCES.txt'\n"}
[1.782885] (metrojoe_pkg) StdoutLine: {'line': b"writing manifest file '../../build/metrojoe_pkg/metrojoe_pkg.egg-info/SOURCES.txt'\n"}
[1.783164] (metrojoe_pkg) StdoutLine: {'line': b'running build\n'}
[1.783378] (metrojoe_pkg) StdoutLine: {'line': b'running build_py\n'}
[1.783651] (metrojoe_pkg) StdoutLine: {'line': b'copying metrojoe_pkg/main.py -> /ros2_ws/build/metrojoe_pkg/build/lib/metrojoe_pkg\n'}
[1.784271] (metrojoe_pkg) StdoutLine: {'line': b'running install\n'}
[1.785174] (metrojoe_pkg) StdoutLine: {'line': b'running install_lib\n'}
[1.786661] (metrojoe_pkg) StdoutLine: {'line': b'copying /ros2_ws/build/metrojoe_pkg/build/lib/metrojoe_pkg/main.py -> /ros2_ws/install/metrojoe_pkg/lib/python3.10/site-packages/metrojoe_pkg\n'}
[1.787929] (metrojoe_pkg) StdoutLine: {'line': b'byte-compiling /ros2_ws/install/metrojoe_pkg/lib/python3.10/site-packages/metrojoe_pkg/main.py to main.cpython-310.pyc\n'}
[1.788516] (metrojoe_pkg) StdoutLine: {'line': b'running install_data\n'}
[1.789374] (metrojoe_pkg) StdoutLine: {'line': b'running install_egg_info\n'}
[1.792698] (metrojoe_pkg) StdoutLine: {'line': b"removing '/ros2_ws/install/metrojoe_pkg/lib/python3.10/site-packages/metrojoe_pkg-0.0.0-py3.10.egg-info' (and everything under it)\n"}
[1.793482] (metrojoe_pkg) StdoutLine: {'line': b'Copying ../../build/metrojoe_pkg/metrojoe_pkg.egg-info to /ros2_ws/install/metrojoe_pkg/lib/python3.10/site-packages/metrojoe_pkg-0.0.0-py3.10.egg-info\n'}
[1.795416] (metrojoe_pkg) StdoutLine: {'line': b'running install_scripts\n'}
[1.808804] (-) TimerEvent: {}
[1.839282] (metrojoe_pkg) StdoutLine: {'line': b'Installing main_brain script to /ros2_ws/install/metrojoe_pkg/lib/metrojoe_pkg\n'}
[1.839882] (metrojoe_pkg) StdoutLine: {'line': b"writing list of installed files to '/ros2_ws/build/metrojoe_pkg/install.log'\n"}
[1.908781] (metrojoe_pkg) CommandEnded: {'returncode': 0}
[1.910399] (-) TimerEvent: {}
[2.011459] (-) TimerEvent: {}
[2.062375] (metrojoe_pkg) JobEnded: {'identifier': 'metrojoe_pkg', 'rc': 0}
[2.065056] (-) EventReactorShutdown: {}
