[1.441s] Invoking command in '/ros2_ws/src/metrojoe': PYTHONPATH=/ros2_ws/build/metrojoe/prefix_override:/ros2_ws/install/metrojoe/lib/python3.10/site-packages:${PYTHONPATH} /usr/bin/python3 setup.py egg_info --egg-base ../../build/metrojoe build --build-base /ros2_ws/build/metrojoe/build install --record /ros2_ws/build/metrojoe/install.log --single-version-externally-managed
[1.862s] running egg_info
[1.863s] writing ../../build/metrojoe/metrojoe.egg-info/PKG-INFO
[1.864s] writing dependency_links to ../../build/metrojoe/metrojoe.egg-info/dependency_links.txt
[1.864s] writing entry points to ../../build/metrojoe/metrojoe.egg-info/entry_points.txt
[1.864s] writing requirements to ../../build/metrojoe/metrojoe.egg-info/requires.txt
[1.865s] writing top-level names to ../../build/metrojoe/metrojoe.egg-info/top_level.txt
[1.868s] reading manifest file '../../build/metrojoe/metrojoe.egg-info/SOURCES.txt'
[1.870s] writing manifest file '../../build/metrojoe/metrojoe.egg-info/SOURCES.txt'
[1.870s] running build
[1.870s] running build_py
[1.871s] copying metrojoe/main.py -> /ros2_ws/build/metrojoe/build/lib/metrojoe
[1.871s] running install
[1.872s] running install_lib
[1.873s] copying /ros2_ws/build/metrojoe/build/lib/metrojoe/main.py -> /ros2_ws/install/metrojoe/lib/python3.10/site-packages/metrojoe
[1.875s] byte-compiling /ros2_ws/install/metrojoe/lib/python3.10/site-packages/metrojoe/main.py to main.cpython-310.pyc
[1.876s] running install_data
[1.877s] running install_egg_info
[1.880s] removing '/ros2_ws/install/metrojoe/lib/python3.10/site-packages/metrojoe-0.0.0-py3.10.egg-info' (and everything under it)
[1.881s] Copying ../../build/metrojoe/metrojoe.egg-info to /ros2_ws/install/metrojoe/lib/python3.10/site-packages/metrojoe-0.0.0-py3.10.egg-info
[1.883s] running install_scripts
[1.923s] Installing ds4_gamepad_talker script to /ros2_ws/install/metrojoe/lib/metrojoe
[1.923s] Installing ds4_gamepad_test script to /ros2_ws/install/metrojoe/lib/metrojoe
[1.924s] Installing main script to /ros2_ws/install/metrojoe/lib/metrojoe
[1.925s] writing list of installed files to '/ros2_ws/build/metrojoe/install.log'
[1.997s] Invoked command in '/ros2_ws/src/metrojoe' returned '0': PYTHONPATH=/ros2_ws/build/metrojoe/prefix_override:/ros2_ws/install/metrojoe/lib/python3.10/site-packages:${PYTHONPATH} /usr/bin/python3 setup.py egg_info --egg-base ../../build/metrojoe build --build-base /ros2_ws/build/metrojoe/build install --record /ros2_ws/build/metrojoe/install.log --single-version-externally-managed
