running egg_info
writing ../../build/metrojoe_pkg/metrojoe_pkg.egg-info/PKG-INFO
writing dependency_links to ../../build/metrojoe_pkg/metrojoe_pkg.egg-info/dependency_links.txt
writing entry points to ../../build/metrojoe_pkg/metrojoe_pkg.egg-info/entry_points.txt
writing requirements to ../../build/metrojoe_pkg/metrojoe_pkg.egg-info/requires.txt
writing top-level names to ../../build/metrojoe_pkg/metrojoe_pkg.egg-info/top_level.txt
reading manifest file '../../build/metrojoe_pkg/metrojoe_pkg.egg-info/SOURCES.txt'
writing manifest file '../../build/metrojoe_pkg/metrojoe_pkg.egg-info/SOURCES.txt'
running build
running build_py
copying metrojoe_pkg/ds4_gamepad.py -> /ros2_ws/build/metrojoe_pkg/build/lib/metrojoe_pkg
running install
running install_lib
copying /ros2_ws/build/metrojoe_pkg/build/lib/metrojoe_pkg/ds4_gamepad.py -> /ros2_ws/install/metrojoe_pkg/lib/python3.10/site-packages/metrojoe_pkg
byte-compiling /ros2_ws/install/metrojoe_pkg/lib/python3.10/site-packages/metrojoe_pkg/ds4_gamepad.py to ds4_gamepad.cpython-310.pyc
running install_data
running install_egg_info
removing '/ros2_ws/install/metrojoe_pkg/lib/python3.10/site-packages/metrojoe_pkg-0.0.0-py3.10.egg-info' (and everything under it)
Copying ../../build/metrojoe_pkg/metrojoe_pkg.egg-info to /ros2_ws/install/metrojoe_pkg/lib/python3.10/site-packages/metrojoe_pkg-0.0.0-py3.10.egg-info
running install_scripts
Installing ds4_gamepad script to /ros2_ws/install/metrojoe_pkg/lib/metrojoe_pkg
Installing main_brain script to /ros2_ws/install/metrojoe_pkg/lib/metrojoe_pkg
writing list of installed files to '/ros2_ws/build/metrojoe_pkg/install.log'
