running egg_info
writing ../../build/metrojoe/metrojoe.egg-info/PKG-INFO
writing dependency_links to ../../build/metrojoe/metrojoe.egg-info/dependency_links.txt
writing entry points to ../../build/metrojoe/metrojoe.egg-info/entry_points.txt
writing requirements to ../../build/metrojoe/metrojoe.egg-info/requires.txt
writing top-level names to ../../build/metrojoe/metrojoe.egg-info/top_level.txt
reading manifest file '../../build/metrojoe/metrojoe.egg-info/SOURCES.txt'
writing manifest file '../../build/metrojoe/metrojoe.egg-info/SOURCES.txt'
running build
running build_py
copying metrojoe/minimal_subscriber.py -> /ros2_ws/build/metrojoe/build/lib/metrojoe
copying metrojoe/minimal_publisher.py -> /ros2_ws/build/metrojoe/build/lib/metrojoe
running install
running install_lib
copying /ros2_ws/build/metrojoe/build/lib/metrojoe/minimal_subscriber.py -> /ros2_ws/install/metrojoe/lib/python3.10/site-packages/metrojoe
copying /ros2_ws/build/metrojoe/build/lib/metrojoe/minimal_publisher.py -> /ros2_ws/install/metrojoe/lib/python3.10/site-packages/metrojoe
byte-compiling /ros2_ws/install/metrojoe/lib/python3.10/site-packages/metrojoe/minimal_subscriber.py to minimal_subscriber.cpython-310.pyc
byte-compiling /ros2_ws/install/metrojoe/lib/python3.10/site-packages/metrojoe/minimal_publisher.py to minimal_publisher.cpython-310.pyc
running install_data
copying package.xml -> /ros2_ws/install/metrojoe/share/metrojoe
running install_egg_info
removing '/ros2_ws/install/metrojoe/lib/python3.10/site-packages/metrojoe-0.0.0-py3.10.egg-info' (and everything under it)
Copying ../../build/metrojoe/metrojoe.egg-info to /ros2_ws/install/metrojoe/lib/python3.10/site-packages/metrojoe-0.0.0-py3.10.egg-info
running install_scripts
Installing ds4_gamepad_talker script to /ros2_ws/install/metrojoe/lib/metrojoe
Installing ds4_gamepad_test script to /ros2_ws/install/metrojoe/lib/metrojoe
Installing main script to /ros2_ws/install/metrojoe/lib/metrojoe
Installing minimal_listener script to /ros2_ws/install/metrojoe/lib/metrojoe
Installing minimal_talker script to /ros2_ws/install/metrojoe/lib/metrojoe
Installing test script to /ros2_ws/install/metrojoe/lib/metrojoe
writing list of installed files to '/ros2_ws/build/metrojoe/install.log'
