running develop
running egg_info
creating metrojoe.egg-info
writing metrojoe.egg-info/PKG-INFO
writing dependency_links to metrojoe.egg-info/dependency_links.txt
writing entry points to metrojoe.egg-info/entry_points.txt
writing requirements to metrojoe.egg-info/requires.txt
writing top-level names to metrojoe.egg-info/top_level.txt
writing manifest file 'metrojoe.egg-info/SOURCES.txt'
reading manifest file 'metrojoe.egg-info/SOURCES.txt'
writing manifest file 'metrojoe.egg-info/SOURCES.txt'
running build_ext
Creating /ros2_ws/install/metrojoe/lib/python3.10/site-packages/metrojoe.egg-link (link to .)
Installing main_node script to /ros2_ws/install/metrojoe/lib/metrojoe

Installed /ros2_ws/build/metrojoe
running install_data
creating /ros2_ws/install/metrojoe/share/ament_index
creating /ros2_ws/install/metrojoe/share/ament_index/resource_index
creating /ros2_ws/install/metrojoe/share/ament_index/resource_index/packages
copying resource/metrojoe -> /ros2_ws/install/metrojoe/share/ament_index/resource_index/packages
copying package.xml -> /ros2_ws/install/metrojoe/share/metrojoe
creating /ros2_ws/install/metrojoe/share/metrojoe/msg
copying msg/Gamepad.msg -> /ros2_ws/install/metrojoe/share/metrojoe/msg
