[1.371s] Invoking command in '/ros2_ws/build/metrojoe': PYTHONPATH=/ros2_ws/build/metrojoe/prefix_override:/ros2_ws/install/metrojoe/lib/python3.10/site-packages:${PYTHONPATH} /usr/bin/python3 setup.py develop --editable --build-directory /ros2_ws/build/metrojoe/build --no-deps install_data
[1.847s] running develop
[2.038s] running egg_info
[2.038s] creating metrojoe.egg-info
[2.038s] writing metrojoe.egg-info/PKG-INFO
[2.039s] writing dependency_links to metrojoe.egg-info/dependency_links.txt
[2.039s] writing entry points to metrojoe.egg-info/entry_points.txt
[2.039s] writing requirements to metrojoe.egg-info/requires.txt
[2.039s] writing top-level names to metrojoe.egg-info/top_level.txt
[2.040s] writing manifest file 'metrojoe.egg-info/SOURCES.txt'
[2.043s] reading manifest file 'metrojoe.egg-info/SOURCES.txt'
[2.045s] writing manifest file 'metrojoe.egg-info/SOURCES.txt'
[2.048s] running build_ext
[2.048s] Creating /ros2_ws/install/metrojoe/lib/python3.10/site-packages/metrojoe.egg-link (link to .)
[2.050s] Installing main_node script to /ros2_ws/install/metrojoe/lib/metrojoe
[2.051s] 
[2.051s] Installed /ros2_ws/build/metrojoe
[2.051s] running install_data
[2.052s] creating /ros2_ws/install/metrojoe/share/ament_index
[2.052s] creating /ros2_ws/install/metrojoe/share/ament_index/resource_index
[2.052s] creating /ros2_ws/install/metrojoe/share/ament_index/resource_index/packages
[2.053s] copying resource/metrojoe -> /ros2_ws/install/metrojoe/share/ament_index/resource_index/packages
[2.053s] copying package.xml -> /ros2_ws/install/metrojoe/share/metrojoe
[2.053s] creating /ros2_ws/install/metrojoe/share/metrojoe/msg
[2.054s] copying msg/Gamepad.msg -> /ros2_ws/install/metrojoe/share/metrojoe/msg
[2.128s] Invoked command in '/ros2_ws/build/metrojoe' returned '0': PYTHONPATH=/ros2_ws/build/metrojoe/prefix_override:/ros2_ws/install/metrojoe/lib/python3.10/site-packages:${PYTHONPATH} /usr/bin/python3 setup.py develop --editable --build-directory /ros2_ws/build/metrojoe/build --no-deps install_data
