[1.338s] Invoking command in '/ros2_ws/src/metrojoe_pkg': PYTHONPATH=/ros2_ws/build/metrojoe_pkg/prefix_override:/ros2_ws/install/metrojoe_pkg/lib/python3.10/site-packages:${PYTHONPATH} /usr/bin/python3 setup.py egg_info --egg-base ../../build/metrojoe_pkg build --build-base /ros2_ws/build/metrojoe_pkg/build install --record /ros2_ws/build/metrojoe_pkg/install.log --single-version-externally-managed
[1.774s] running egg_info
[1.775s] writing ../../build/metrojoe_pkg/metrojoe_pkg.egg-info/PKG-INFO
[1.775s] writing dependency_links to ../../build/metrojoe_pkg/metrojoe_pkg.egg-info/dependency_links.txt
[1.776s] writing entry points to ../../build/metrojoe_pkg/metrojoe_pkg.egg-info/entry_points.txt
[1.776s] writing requirements to ../../build/metrojoe_pkg/metrojoe_pkg.egg-info/requires.txt
[1.776s] writing top-level names to ../../build/metrojoe_pkg/metrojoe_pkg.egg-info/top_level.txt
[1.780s] reading manifest file '../../build/metrojoe_pkg/metrojoe_pkg.egg-info/SOURCES.txt'
[1.782s] writing manifest file '../../build/metrojoe_pkg/metrojoe_pkg.egg-info/SOURCES.txt'
[1.782s] running build
[1.782s] running build_py
[1.782s] copying metrojoe_pkg/main.py -> /ros2_ws/build/metrojoe_pkg/build/lib/metrojoe_pkg
[1.783s] running install
[1.784s] running install_lib
[1.785s] copying /ros2_ws/build/metrojoe_pkg/build/lib/metrojoe_pkg/main.py -> /ros2_ws/install/metrojoe_pkg/lib/python3.10/site-packages/metrojoe_pkg
[1.787s] byte-compiling /ros2_ws/install/metrojoe_pkg/lib/python3.10/site-packages/metrojoe_pkg/main.py to main.cpython-310.pyc
[1.787s] running install_data
[1.788s] running install_egg_info
[1.791s] removing '/ros2_ws/install/metrojoe_pkg/lib/python3.10/site-packages/metrojoe_pkg-0.0.0-py3.10.egg-info' (and everything under it)
[1.792s] Copying ../../build/metrojoe_pkg/metrojoe_pkg.egg-info to /ros2_ws/install/metrojoe_pkg/lib/python3.10/site-packages/metrojoe_pkg-0.0.0-py3.10.egg-info
[1.794s] running install_scripts
[1.838s] Installing main_brain script to /ros2_ws/install/metrojoe_pkg/lib/metrojoe_pkg
[1.839s] writing list of installed files to '/ros2_ws/build/metrojoe_pkg/install.log'
[1.908s] Invoked command in '/ros2_ws/src/metrojoe_pkg' returned '0': PYTHONPATH=/ros2_ws/build/metrojoe_pkg/prefix_override:/ros2_ws/install/metrojoe_pkg/lib/python3.10/site-packages:${PYTHONPATH} /usr/bin/python3 setup.py egg_info --egg-base ../../build/metrojoe_pkg build --build-base /ros2_ws/build/metrojoe_pkg/build install --record /ros2_ws/build/metrojoe_pkg/install.log --single-version-externally-managed
